{"C:\\Users\\srich\\OneDrive\\Documents\\carbon footprints analyzer\\src\\App.tsx": {"path":"C:\\Users\\srich\\OneDrive\\Documents\\carbon footprints analyzer\\src\\App.tsx","all":false,"statementMap":{"0":{"start":{"line":1,"column":0},"end":{"line":1,"column":63}},"1":{"start":{"line":2,"column":0},"end":{"line":2,"column":9}},"11":{"start":{"line":12,"column":0},"end":{"line":12,"column":56}},"12":{"start":{"line":13,"column":0},"end":{"line":13,"column":60}},"15":{"start":{"line":16,"column":0},"end":{"line":16,"column":69}},"16":{"start":{"line":17,"column":0},"end":{"line":17,"column":71}},"17":{"start":{"line":18,"column":0},"end":{"line":18,"column":81}},"18":{"start":{"line":19,"column":0},"end":{"line":19,"column":71}},"21":{"start":{"line":22,"column":0},"end":{"line":22,"column":23}},"22":{"start":{"line":23,"column":0},"end":{"line":23,"column":10}},"23":{"start":{"line":24,"column":0},"end":{"line":24,"column":113}},"24":{"start":{"line":25,"column":0},"end":{"line":25,"column":95}},"25":{"start":{"line":26,"column":0},"end":{"line":26,"column":115}},"26":{"start":{"line":27,"column":0},"end":{"line":27,"column":10}},"28":{"start":{"line":29,"column":0},"end":{"line":29,"column":1}},"30":{"start":{"line":31,"column":0},"end":{"line":31,"column":31}},"31":{"start":{"line":32,"column":0},"end":{"line":32,"column":48}},"32":{"start":{"line":33,"column":0},"end":{"line":33,"column":56}},"35":{"start":{"line":36,"column":0},"end":{"line":36,"column":9}},"36":{"start":{"line":37,"column":0},"end":{"line":37,"column":9}},"37":{"start":{"line":38,"column":0},"end":{"line":38,"column":21}},"38":{"start":{"line":39,"column":0},"end":{"line":39,"column":24}},"39":{"start":{"line":40,"column":0},"end":{"line":40,"column":23}},"40":{"start":{"line":41,"column":0},"end":{"line":41,"column":11}},"41":{"start":{"line":42,"column":0},"end":{"line":42,"column":14}},"42":{"start":{"line":43,"column":0},"end":{"line":43,"column":20}},"43":{"start":{"line":44,"column":0},"end":{"line":44,"column":22}},"44":{"start":{"line":45,"column":0},"end":{"line":45,"column":19}},"45":{"start":{"line":46,"column":0},"end":{"line":46,"column":25}},"47":{"start":{"line":48,"column":0},"end":{"line":48,"column":58}},"48":{"start":{"line":49,"column":0},"end":{"line":49,"column":20}},"49":{"start":{"line":50,"column":0},"end":{"line":50,"column":26}},"50":{"start":{"line":51,"column":0},"end":{"line":51,"column":9}},"52":{"start":{"line":53,"column":0},"end":{"line":53,"column":10}},"53":{"start":{"line":54,"column":0},"end":{"line":54,"column":35}},"55":{"start":{"line":56,"column":0},"end":{"line":56,"column":40}},"56":{"start":{"line":57,"column":0},"end":{"line":57,"column":60}},"57":{"start":{"line":58,"column":0},"end":{"line":58,"column":69}},"58":{"start":{"line":59,"column":0},"end":{"line":59,"column":65}},"59":{"start":{"line":60,"column":0},"end":{"line":60,"column":14}},"60":{"start":{"line":61,"column":0},"end":{"line":61,"column":16}},"61":{"start":{"line":62,"column":0},"end":{"line":62,"column":34}},"62":{"start":{"line":63,"column":0},"end":{"line":63,"column":56}},"63":{"start":{"line":64,"column":0},"end":{"line":64,"column":85}},"65":{"start":{"line":66,"column":0},"end":{"line":66,"column":62}},"66":{"start":{"line":67,"column":0},"end":{"line":67,"column":17}},"67":{"start":{"line":68,"column":0},"end":{"line":68,"column":15}},"70":{"start":{"line":71,"column":0},"end":{"line":71,"column":64}},"71":{"start":{"line":72,"column":0},"end":{"line":72,"column":38}},"72":{"start":{"line":73,"column":0},"end":{"line":73,"column":133}},"73":{"start":{"line":74,"column":0},"end":{"line":74,"column":65}},"74":{"start":{"line":75,"column":0},"end":{"line":75,"column":14}},"76":{"start":{"line":77,"column":0},"end":{"line":77,"column":65}},"77":{"start":{"line":78,"column":0},"end":{"line":78,"column":36}},"78":{"start":{"line":79,"column":0},"end":{"line":79,"column":16}},"79":{"start":{"line":80,"column":0},"end":{"line":80,"column":22}},"80":{"start":{"line":81,"column":0},"end":{"line":81,"column":29}},"81":{"start":{"line":82,"column":0},"end":{"line":82,"column":78}},"82":{"start":{"line":83,"column":0},"end":{"line":83,"column":59}},"84":{"start":{"line":85,"column":0},"end":{"line":85,"column":85}},"85":{"start":{"line":86,"column":0},"end":{"line":86,"column":38}},"86":{"start":{"line":87,"column":0},"end":{"line":87,"column":23}},"87":{"start":{"line":88,"column":0},"end":{"line":88,"column":17}},"88":{"start":{"line":89,"column":0},"end":{"line":89,"column":16}},"89":{"start":{"line":90,"column":0},"end":{"line":90,"column":22}},"90":{"start":{"line":91,"column":0},"end":{"line":91,"column":29}},"91":{"start":{"line":92,"column":0},"end":{"line":92,"column":74}},"92":{"start":{"line":93,"column":0},"end":{"line":93,"column":55}},"94":{"start":{"line":95,"column":0},"end":{"line":95,"column":80}},"95":{"start":{"line":96,"column":0},"end":{"line":96,"column":44}},"96":{"start":{"line":97,"column":0},"end":{"line":97,"column":23}},"97":{"start":{"line":98,"column":0},"end":{"line":98,"column":17}},"98":{"start":{"line":99,"column":0},"end":{"line":99,"column":16}},"99":{"start":{"line":100,"column":0},"end":{"line":100,"column":22}},"100":{"start":{"line":101,"column":0},"end":{"line":101,"column":29}},"101":{"start":{"line":102,"column":0},"end":{"line":102,"column":77}},"102":{"start":{"line":103,"column":0},"end":{"line":103,"column":58}},"104":{"start":{"line":105,"column":0},"end":{"line":105,"column":75}},"105":{"start":{"line":106,"column":0},"end":{"line":106,"column":46}},"106":{"start":{"line":107,"column":0},"end":{"line":107,"column":23}},"107":{"start":{"line":108,"column":0},"end":{"line":108,"column":17}},"108":{"start":{"line":109,"column":0},"end":{"line":109,"column":16}},"109":{"start":{"line":110,"column":0},"end":{"line":110,"column":22}},"110":{"start":{"line":111,"column":0},"end":{"line":111,"column":29}},"111":{"start":{"line":112,"column":0},"end":{"line":112,"column":76}},"112":{"start":{"line":113,"column":0},"end":{"line":113,"column":57}},"114":{"start":{"line":115,"column":0},"end":{"line":115,"column":75}},"115":{"start":{"line":116,"column":0},"end":{"line":116,"column":40}},"116":{"start":{"line":117,"column":0},"end":{"line":117,"column":23}},"117":{"start":{"line":118,"column":0},"end":{"line":118,"column":17}},"118":{"start":{"line":119,"column":0},"end":{"line":119,"column":15}},"119":{"start":{"line":120,"column":0},"end":{"line":120,"column":14}},"121":{"start":{"line":122,"column":0},"end":{"line":122,"column":40}},"122":{"start":{"line":123,"column":0},"end":{"line":123,"column":78}},"123":{"start":{"line":124,"column":0},"end":{"line":124,"column":60}},"124":{"start":{"line":125,"column":0},"end":{"line":125,"column":32}},"125":{"start":{"line":126,"column":0},"end":{"line":126,"column":18}},"126":{"start":{"line":127,"column":0},"end":{"line":127,"column":39}},"127":{"start":{"line":128,"column":0},"end":{"line":128,"column":43}},"128":{"start":{"line":129,"column":0},"end":{"line":129,"column":68}},"129":{"start":{"line":130,"column":0},"end":{"line":130,"column":18}},"130":{"start":{"line":131,"column":0},"end":{"line":131,"column":16}},"131":{"start":{"line":132,"column":0},"end":{"line":132,"column":14}},"132":{"start":{"line":133,"column":0},"end":{"line":133,"column":14}},"135":{"start":{"line":136,"column":0},"end":{"line":136,"column":60}},"136":{"start":{"line":137,"column":0},"end":{"line":137,"column":44}},"137":{"start":{"line":138,"column":0},"end":{"line":138,"column":36}},"138":{"start":{"line":139,"column":0},"end":{"line":139,"column":23}},"139":{"start":{"line":140,"column":0},"end":{"line":140,"column":26}},"140":{"start":{"line":141,"column":0},"end":{"line":141,"column":50}},"141":{"start":{"line":142,"column":0},"end":{"line":142,"column":56}},"142":{"start":{"line":143,"column":0},"end":{"line":143,"column":38}},"143":{"start":{"line":144,"column":0},"end":{"line":144,"column":38}},"144":{"start":{"line":145,"column":0},"end":{"line":145,"column":14}},"147":{"start":{"line":148,"column":0},"end":{"line":148,"column":32}},"148":{"start":{"line":149,"column":0},"end":{"line":149,"column":24}},"149":{"start":{"line":150,"column":0},"end":{"line":150,"column":32}},"150":{"start":{"line":151,"column":0},"end":{"line":151,"column":14}},"153":{"start":{"line":154,"column":0},"end":{"line":154,"column":35}},"154":{"start":{"line":155,"column":0},"end":{"line":155,"column":29}},"155":{"start":{"line":156,"column":0},"end":{"line":156,"column":25}},"156":{"start":{"line":157,"column":0},"end":{"line":157,"column":49}},"157":{"start":{"line":158,"column":0},"end":{"line":158,"column":55}},"158":{"start":{"line":159,"column":0},"end":{"line":159,"column":37}},"159":{"start":{"line":160,"column":0},"end":{"line":160,"column":49}},"160":{"start":{"line":161,"column":0},"end":{"line":161,"column":53}},"161":{"start":{"line":162,"column":0},"end":{"line":162,"column":49}},"162":{"start":{"line":163,"column":0},"end":{"line":163,"column":14}},"165":{"start":{"line":166,"column":0},"end":{"line":166,"column":34}},"166":{"start":{"line":167,"column":0},"end":{"line":167,"column":24}},"167":{"start":{"line":168,"column":0},"end":{"line":168,"column":26}},"168":{"start":{"line":169,"column":0},"end":{"line":169,"column":38}},"169":{"start":{"line":170,"column":0},"end":{"line":170,"column":14}},"171":{"start":{"line":172,"column":0},"end":{"line":172,"column":19}},"172":{"start":{"line":173,"column":0},"end":{"line":173,"column":13}},"173":{"start":{"line":174,"column":0},"end":{"line":174,"column":10}},"175":{"start":{"line":176,"column":0},"end":{"line":176,"column":1}}},"s":{"0":1,"1":1,"11":1,"12":1,"15":1,"16":1,"17":1,"18":1,"21":4,"22":4,"23":4,"24":4,"25":4,"26":4,"28":4,"30":10,"31":10,"32":10,"35":10,"36":10,"37":10,"38":10,"39":10,"40":10,"41":10,"42":10,"43":10,"44":10,"45":10,"47":10,"48":4,"49":4,"50":10,"52":10,"53":10,"55":10,"56":10,"57":10,"58":10,"59":10,"60":10,"61":10,"62":10,"63":10,"65":10,"66":10,"67":10,"70":10,"71":10,"72":10,"73":10,"74":10,"76":10,"77":10,"78":10,"79":10,"80":10,"81":10,"82":10,"84":10,"85":10,"86":10,"87":10,"88":10,"89":10,"90":10,"91":10,"92":10,"94":10,"95":10,"96":10,"97":10,"98":10,"99":10,"100":10,"101":10,"102":10,"104":10,"105":10,"106":10,"107":10,"108":10,"109":10,"110":10,"111":10,"112":10,"114":10,"115":10,"116":10,"117":10,"118":10,"119":10,"121":10,"122":10,"123":10,"124":10,"125":10,"126":10,"127":10,"128":10,"129":10,"130":10,"131":10,"132":10,"135":10,"136":10,"137":10,"138":6,"139":6,"140":6,"141":6,"142":6,"143":6,"144":6,"147":10,"148":1,"149":1,"150":1,"153":10,"154":2,"155":2,"156":2,"157":2,"158":2,"159":2,"160":2,"161":2,"162":2,"165":10,"166":1,"167":1,"168":1,"169":1,"171":10,"172":10,"173":10,"175":10},"branchMap":{"0":{"type":"branch","line":16,"loc":{"start":{"line":16,"column":29},"end":{"line":16,"column":69}},"locations":[{"start":{"line":16,"column":29},"end":{"line":16,"column":69}}]},"1":{"type":"branch","line":17,"loc":{"start":{"line":17,"column":30},"end":{"line":17,"column":71}},"locations":[{"start":{"line":17,"column":30},"end":{"line":17,"column":71}}]},"2":{"type":"branch","line":18,"loc":{"start":{"line":18,"column":35},"end":{"line":18,"column":81}},"locations":[{"start":{"line":18,"column":35},"end":{"line":18,"column":81}}]},"3":{"type":"branch","line":19,"loc":{"start":{"line":19,"column":30},"end":{"line":19,"column":71}},"locations":[{"start":{"line":19,"column":30},"end":{"line":19,"column":71}}]},"4":{"type":"branch","line":22,"loc":{"start":{"line":22,"column":0},"end":{"line":29,"column":1}},"locations":[{"start":{"line":22,"column":0},"end":{"line":29,"column":1}}]},"5":{"type":"branch","line":31,"loc":{"start":{"line":31,"column":0},"end":{"line":176,"column":1}},"locations":[{"start":{"line":31,"column":0},"end":{"line":176,"column":1}}]},"6":{"type":"branch","line":64,"loc":{"start":{"line":64,"column":22},"end":{"line":64,"column":62}},"locations":[{"start":{"line":64,"column":22},"end":{"line":64,"column":62}}]},"7":{"type":"branch","line":64,"loc":{"start":{"line":64,"column":36},"end":{"line":64,"column":85}},"locations":[{"start":{"line":64,"column":36},"end":{"line":64,"column":85}}]},"8":{"type":"branch","line":66,"loc":{"start":{"line":66,"column":11},"end":{"line":66,"column":43}},"locations":[{"start":{"line":66,"column":11},"end":{"line":66,"column":43}}]},"9":{"type":"branch","line":66,"loc":{"start":{"line":66,"column":38},"end":{"line":66,"column":62}},"locations":[{"start":{"line":66,"column":38},"end":{"line":66,"column":62}}]},"10":{"type":"branch","line":71,"loc":{"start":{"line":71,"column":35},"end":{"line":71,"column":58}},"locations":[{"start":{"line":71,"column":35},"end":{"line":71,"column":58}}]},"11":{"type":"branch","line":71,"loc":{"start":{"line":71,"column":49},"end":{"line":71,"column":60}},"locations":[{"start":{"line":71,"column":49},"end":{"line":71,"column":60}}]},"12":{"type":"branch","line":82,"loc":{"start":{"line":82,"column":48},"end":{"line":82,"column":73}},"locations":[{"start":{"line":82,"column":48},"end":{"line":82,"column":73}}]},"13":{"type":"branch","line":82,"loc":{"start":{"line":82,"column":62},"end":{"line":82,"column":75}},"locations":[{"start":{"line":82,"column":62},"end":{"line":82,"column":75}}]},"14":{"type":"branch","line":92,"loc":{"start":{"line":92,"column":48},"end":{"line":92,"column":69}},"locations":[{"start":{"line":92,"column":48},"end":{"line":92,"column":69}}]},"15":{"type":"branch","line":92,"loc":{"start":{"line":92,"column":58},"end":{"line":92,"column":71}},"locations":[{"start":{"line":92,"column":58},"end":{"line":92,"column":71}}]},"16":{"type":"branch","line":102,"loc":{"start":{"line":102,"column":48},"end":{"line":102,"column":72}},"locations":[{"start":{"line":102,"column":48},"end":{"line":102,"column":72}}]},"17":{"type":"branch","line":102,"loc":{"start":{"line":102,"column":61},"end":{"line":102,"column":74}},"locations":[{"start":{"line":102,"column":61},"end":{"line":102,"column":74}}]},"18":{"type":"branch","line":112,"loc":{"start":{"line":112,"column":48},"end":{"line":112,"column":71}},"locations":[{"start":{"line":112,"column":48},"end":{"line":112,"column":71}}]},"19":{"type":"branch","line":112,"loc":{"start":{"line":112,"column":60},"end":{"line":112,"column":73}},"locations":[{"start":{"line":112,"column":60},"end":{"line":112,"column":73}}]},"20":{"type":"branch","line":138,"loc":{"start":{"line":138,"column":20},"end":{"line":145,"column":14}},"locations":[{"start":{"line":138,"column":20},"end":{"line":145,"column":14}}]},"21":{"type":"branch","line":148,"loc":{"start":{"line":148,"column":20},"end":{"line":151,"column":14}},"locations":[{"start":{"line":148,"column":20},"end":{"line":151,"column":14}}]},"22":{"type":"branch","line":154,"loc":{"start":{"line":154,"column":20},"end":{"line":163,"column":14}},"locations":[{"start":{"line":154,"column":20},"end":{"line":163,"column":14}}]},"23":{"type":"branch","line":166,"loc":{"start":{"line":166,"column":20},"end":{"line":170,"column":14}},"locations":[{"start":{"line":166,"column":20},"end":{"line":170,"column":14}}]},"24":{"type":"branch","line":48,"loc":{"start":{"line":48,"column":37},"end":{"line":51,"column":5}},"locations":[{"start":{"line":48,"column":37},"end":{"line":51,"column":5}}]},"25":{"type":"branch","line":63,"loc":{"start":{"line":63,"column":19},"end":{"line":63,"column":56}},"locations":[{"start":{"line":63,"column":19},"end":{"line":63,"column":56}}]},"26":{"type":"branch","line":63,"loc":{"start":{"line":63,"column":40},"end":{"line":63,"column":53}},"locations":[{"start":{"line":63,"column":40},"end":{"line":63,"column":53}}]},"27":{"type":"branch","line":93,"loc":{"start":{"line":93,"column":25},"end":{"line":93,"column":55}},"locations":[{"start":{"line":93,"column":25},"end":{"line":93,"column":55}}]},"28":{"type":"branch","line":103,"loc":{"start":{"line":103,"column":25},"end":{"line":103,"column":58}},"locations":[{"start":{"line":103,"column":25},"end":{"line":103,"column":58}}]},"29":{"type":"branch","line":113,"loc":{"start":{"line":113,"column":25},"end":{"line":113,"column":57}},"locations":[{"start":{"line":113,"column":25},"end":{"line":113,"column":57}}]}},"b":{"0":[1],"1":[1],"2":[1],"3":[1],"4":[4],"5":[10],"6":[1],"7":[9],"8":[1],"9":[9],"10":[1],"11":[9],"12":[6],"13":[4],"14":[1],"15":[9],"16":[2],"17":[8],"18":[1],"19":[9],"20":[6],"21":[1],"22":[2],"23":[1],"24":[4],"25":[2],"26":[2],"27":[1],"28":[1],"29":[1]},"fnMap":{"0":{"name":"ViewLoader","decl":{"start":{"line":22,"column":0},"end":{"line":29,"column":1}},"loc":{"start":{"line":22,"column":0},"end":{"line":29,"column":1}},"line":22},"1":{"name":"App","decl":{"start":{"line":31,"column":0},"end":{"line":176,"column":1}},"loc":{"start":{"line":31,"column":0},"end":{"line":176,"column":1}},"line":31},"2":{"name":"onClick","decl":{"start":{"line":63,"column":19},"end":{"line":63,"column":56}},"loc":{"start":{"line":63,"column":19},"end":{"line":63,"column":56}},"line":63},"3":{"name":"onClick","decl":{"start":{"line":83,"column":25},"end":{"line":83,"column":59}},"loc":{"start":{"line":83,"column":25},"end":{"line":83,"column":59}},"line":83},"4":{"name":"onClick","decl":{"start":{"line":93,"column":25},"end":{"line":93,"column":55}},"loc":{"start":{"line":93,"column":25},"end":{"line":93,"column":55}},"line":93},"5":{"name":"onClick","decl":{"start":{"line":103,"column":25},"end":{"line":103,"column":58}},"loc":{"start":{"line":103,"column":25},"end":{"line":103,"column":58}},"line":103},"6":{"name":"onClick","decl":{"start":{"line":113,"column":25},"end":{"line":113,"column":57}},"loc":{"start":{"line":113,"column":25},"end":{"line":113,"column":57}},"line":113}},"f":{"0":4,"1":10,"2":2,"3":0,"4":1,"5":1,"6":1}}
,"C:\\Users\\srich\\OneDrive\\Documents\\carbon footprints analyzer\\src\\main.tsx": {"path":"C:\\Users\\srich\\OneDrive\\Documents\\carbon footprints analyzer\\src\\main.tsx","all":true,"statementMap":{"0":{"start":{"line":1,"column":0},"end":{"line":1,"column":34}},"1":{"start":{"line":2,"column":0},"end":{"line":2,"column":45}},"2":{"start":{"line":3,"column":0},"end":{"line":3,"column":20}},"3":{"start":{"line":4,"column":0},"end":{"line":4,"column":23}},"4":{"start":{"line":5,"column":0},"end":{"line":5,"column":0}},"5":{"start":{"line":6,"column":0},"end":{"line":6,"column":52}},"6":{"start":{"line":7,"column":0},"end":{"line":7,"column":19}},"7":{"start":{"line":8,"column":0},"end":{"line":8,"column":53}},"8":{"start":{"line":9,"column":0},"end":{"line":9,"column":1}},"9":{"start":{"line":10,"column":0},"end":{"line":10,"column":0}},"10":{"start":{"line":11,"column":0},"end":{"line":11,"column":31}},"11":{"start":{"line":12,"column":0},"end":{"line":12,"column":14}},"12":{"start":{"line":13,"column":0},"end":{"line":13,"column":11}},"13":{"start":{"line":14,"column":0},"end":{"line":14,"column":16}},"14":{"start":{"line":15,"column":0},"end":{"line":15,"column":1}}},"s":{"0":0,"1":0,"2":0,"3":0,"4":0,"5":0,"6":0,"7":0,"8":0,"9":0,"10":0,"11":0,"12":0,"13":0,"14":0},"branchMap":{"0":{"type":"branch","line":1,"loc":{"start":{"line":1,"column":0},"end":{"line":15,"column":1}},"locations":[{"start":{"line":1,"column":0},"end":{"line":15,"column":1}}]}},"b":{"0":[0]},"fnMap":{"0":{"name":"(empty-report)","decl":{"start":{"line":1,"column":0},"end":{"line":15,"column":1}},"loc":{"start":{"line":1,"column":0},"end":{"line":15,"column":1}},"line":1}},"f":{"0":0}}
,"C:\\Users\\srich\\OneDrive\\Documents\\carbon footprints analyzer\\src\\components\\Calculator.tsx": {"path":"C:\\Users\\srich\\OneDrive\\Documents\\carbon footprints analyzer\\src\\components\\Calculator.tsx","all":false,"statementMap":{"0":{"start":{"line":1,"column":0},"end":{"line":1,"column":51}},"1":{"start":{"line":2,"column":0},"end":{"line":2,"column":9}},"11":{"start":{"line":12,"column":0},"end":{"line":12,"column":9}},"20":{"start":{"line":21,"column":0},"end":{"line":21,"column":29}},"21":{"start":{"line":22,"column":0},"end":{"line":22,"column":33}},"22":{"start":{"line":23,"column":0},"end":{"line":23,"column":33}},"23":{"start":{"line":24,"column":0},"end":{"line":24,"column":33}},"32":{"start":{"line":33,"column":0},"end":{"line":33,"column":67}},"33":{"start":{"line":34,"column":0},"end":{"line":34,"column":104}},"34":{"start":{"line":35,"column":0},"end":{"line":35,"column":52}},"35":{"start":{"line":36,"column":0},"end":{"line":36,"column":51}},"36":{"start":{"line":37,"column":0},"end":{"line":37,"column":49}},"39":{"start":{"line":40,"column":0},"end":{"line":40,"column":75}},"42":{"start":{"line":43,"column":0},"end":{"line":43,"column":67}},"43":{"start":{"line":44,"column":0},"end":{"line":44,"column":47}},"46":{"start":{"line":47,"column":0},"end":{"line":47,"column":67}},"47":{"start":{"line":48,"column":0},"end":{"line":48,"column":56}},"50":{"start":{"line":51,"column":0},"end":{"line":51,"column":58}},"51":{"start":{"line":52,"column":0},"end":{"line":52,"column":46}},"54":{"start":{"line":55,"column":0},"end":{"line":55,"column":76}},"55":{"start":{"line":56,"column":0},"end":{"line":56,"column":52}},"58":{"start":{"line":59,"column":0},"end":{"line":59,"column":54}},"61":{"start":{"line":62,"column":0},"end":{"line":62,"column":19}},"62":{"start":{"line":63,"column":0},"end":{"line":63,"column":16}},"63":{"start":{"line":64,"column":0},"end":{"line":64,"column":36}},"64":{"start":{"line":65,"column":0},"end":{"line":65,"column":56}},"65":{"start":{"line":66,"column":0},"end":{"line":66,"column":40}},"66":{"start":{"line":67,"column":0},"end":{"line":67,"column":54}},"67":{"start":{"line":68,"column":0},"end":{"line":68,"column":38}},"68":{"start":{"line":69,"column":0},"end":{"line":69,"column":46}},"69":{"start":{"line":70,"column":0},"end":{"line":70,"column":42}},"70":{"start":{"line":71,"column":0},"end":{"line":71,"column":61}},"71":{"start":{"line":72,"column":0},"end":{"line":72,"column":5}},"72":{"start":{"line":73,"column":0},"end":{"line":73,"column":25}},"73":{"start":{"line":74,"column":0},"end":{"line":74,"column":120}},"75":{"start":{"line":76,"column":0},"end":{"line":76,"column":48}},"76":{"start":{"line":77,"column":0},"end":{"line":77,"column":23}},"77":{"start":{"line":78,"column":0},"end":{"line":78,"column":21}},"80":{"start":{"line":81,"column":0},"end":{"line":81,"column":54}},"81":{"start":{"line":82,"column":0},"end":{"line":82,"column":50}},"82":{"start":{"line":83,"column":0},"end":{"line":83,"column":13}},"83":{"start":{"line":84,"column":0},"end":{"line":84,"column":5}},"85":{"start":{"line":86,"column":0},"end":{"line":86,"column":41}},"86":{"start":{"line":87,"column":0},"end":{"line":87,"column":30}},"87":{"start":{"line":88,"column":0},"end":{"line":88,"column":11}},"88":{"start":{"line":89,"column":0},"end":{"line":89,"column":26}},"89":{"start":{"line":90,"column":0},"end":{"line":90,"column":24}},"90":{"start":{"line":91,"column":0},"end":{"line":91,"column":6}},"92":{"start":{"line":93,"column":0},"end":{"line":93,"column":36}},"93":{"start":{"line":94,"column":0},"end":{"line":94,"column":44}},"94":{"start":{"line":95,"column":0},"end":{"line":95,"column":63}},"95":{"start":{"line":96,"column":0},"end":{"line":96,"column":15}},"96":{"start":{"line":97,"column":0},"end":{"line":97,"column":7}},"97":{"start":{"line":98,"column":0},"end":{"line":98,"column":36}},"98":{"start":{"line":99,"column":0},"end":{"line":99,"column":33}},"99":{"start":{"line":100,"column":0},"end":{"line":100,"column":73}},"100":{"start":{"line":101,"column":0},"end":{"line":101,"column":40}},"101":{"start":{"line":102,"column":0},"end":{"line":102,"column":52}},"102":{"start":{"line":103,"column":0},"end":{"line":103,"column":63}},"103":{"start":{"line":104,"column":0},"end":{"line":104,"column":15}},"104":{"start":{"line":105,"column":0},"end":{"line":105,"column":7}},"105":{"start":{"line":106,"column":0},"end":{"line":106,"column":33}},"106":{"start":{"line":107,"column":0},"end":{"line":107,"column":37}},"107":{"start":{"line":108,"column":0},"end":{"line":108,"column":93}},"108":{"start":{"line":109,"column":0},"end":{"line":109,"column":38}},"109":{"start":{"line":110,"column":0},"end":{"line":110,"column":61}},"110":{"start":{"line":111,"column":0},"end":{"line":111,"column":64}},"111":{"start":{"line":112,"column":0},"end":{"line":112,"column":15}},"112":{"start":{"line":113,"column":0},"end":{"line":113,"column":7}},"113":{"start":{"line":114,"column":0},"end":{"line":114,"column":31}},"114":{"start":{"line":115,"column":0},"end":{"line":115,"column":33}},"115":{"start":{"line":116,"column":0},"end":{"line":116,"column":69}},"116":{"start":{"line":117,"column":0},"end":{"line":117,"column":42}},"117":{"start":{"line":118,"column":0},"end":{"line":118,"column":70}},"118":{"start":{"line":119,"column":0},"end":{"line":119,"column":59}},"119":{"start":{"line":120,"column":0},"end":{"line":120,"column":15}},"120":{"start":{"line":121,"column":0},"end":{"line":121,"column":7}},"121":{"start":{"line":122,"column":0},"end":{"line":122,"column":39}},"122":{"start":{"line":123,"column":0},"end":{"line":123,"column":36}},"123":{"start":{"line":124,"column":0},"end":{"line":124,"column":73}},"124":{"start":{"line":125,"column":0},"end":{"line":125,"column":5}},"126":{"start":{"line":127,"column":0},"end":{"line":127,"column":23}},"129":{"start":{"line":130,"column":0},"end":{"line":130,"column":42}},"130":{"start":{"line":131,"column":0},"end":{"line":131,"column":23}},"131":{"start":{"line":132,"column":0},"end":{"line":132,"column":48}},"134":{"start":{"line":135,"column":0},"end":{"line":135,"column":51}},"135":{"start":{"line":136,"column":0},"end":{"line":136,"column":58}},"136":{"start":{"line":137,"column":0},"end":{"line":137,"column":50}},"137":{"start":{"line":138,"column":0},"end":{"line":138,"column":57}},"138":{"start":{"line":139,"column":0},"end":{"line":139,"column":4}},"140":{"start":{"line":141,"column":0},"end":{"line":141,"column":10}},"141":{"start":{"line":142,"column":0},"end":{"line":142,"column":37}},"142":{"start":{"line":143,"column":0},"end":{"line":143,"column":40}},"143":{"start":{"line":144,"column":0},"end":{"line":144,"column":13}},"144":{"start":{"line":145,"column":0},"end":{"line":145,"column":60}},"145":{"start":{"line":146,"column":0},"end":{"line":146,"column":119}},"146":{"start":{"line":147,"column":0},"end":{"line":147,"column":14}},"147":{"start":{"line":148,"column":0},"end":{"line":148,"column":36}},"148":{"start":{"line":149,"column":0},"end":{"line":149,"column":51}},"149":{"start":{"line":150,"column":0},"end":{"line":150,"column":84}},"150":{"start":{"line":151,"column":0},"end":{"line":151,"column":17}},"151":{"start":{"line":152,"column":0},"end":{"line":152,"column":25}},"152":{"start":{"line":153,"column":0},"end":{"line":153,"column":24}},"153":{"start":{"line":154,"column":0},"end":{"line":154,"column":25}},"154":{"start":{"line":155,"column":0},"end":{"line":155,"column":54}},"155":{"start":{"line":156,"column":0},"end":{"line":156,"column":21}},"156":{"start":{"line":157,"column":0},"end":{"line":157,"column":34}},"157":{"start":{"line":158,"column":0},"end":{"line":158,"column":30}},"158":{"start":{"line":159,"column":0},"end":{"line":159,"column":32}},"159":{"start":{"line":160,"column":0},"end":{"line":160,"column":36}},"160":{"start":{"line":161,"column":0},"end":{"line":161,"column":32}},"161":{"start":{"line":162,"column":0},"end":{"line":162,"column":29}},"162":{"start":{"line":163,"column":0},"end":{"line":163,"column":15}},"163":{"start":{"line":164,"column":0},"end":{"line":164,"column":12}},"164":{"start":{"line":165,"column":0},"end":{"line":165,"column":14}},"165":{"start":{"line":166,"column":0},"end":{"line":166,"column":12}},"168":{"start":{"line":169,"column":0},"end":{"line":169,"column":83}},"169":{"start":{"line":170,"column":0},"end":{"line":170,"column":16}},"170":{"start":{"line":171,"column":0},"end":{"line":171,"column":28}},"171":{"start":{"line":172,"column":0},"end":{"line":172,"column":23}},"172":{"start":{"line":173,"column":0},"end":{"line":173,"column":20}},"173":{"start":{"line":174,"column":0},"end":{"line":174,"column":51}},"174":{"start":{"line":175,"column":0},"end":{"line":175,"column":41}},"175":{"start":{"line":176,"column":0},"end":{"line":176,"column":76}},"176":{"start":{"line":177,"column":0},"end":{"line":177,"column":26}},"177":{"start":{"line":178,"column":0},"end":{"line":178,"column":38}},"178":{"start":{"line":179,"column":0},"end":{"line":179,"column":29}},"179":{"start":{"line":180,"column":0},"end":{"line":180,"column":12}},"181":{"start":{"line":182,"column":0},"end":{"line":182,"column":56}},"182":{"start":{"line":183,"column":0},"end":{"line":183,"column":17}},"183":{"start":{"line":184,"column":0},"end":{"line":184,"column":16}},"184":{"start":{"line":185,"column":0},"end":{"line":185,"column":25}},"185":{"start":{"line":186,"column":0},"end":{"line":186,"column":23}},"186":{"start":{"line":187,"column":0},"end":{"line":187,"column":20}},"187":{"start":{"line":188,"column":0},"end":{"line":188,"column":48}},"188":{"start":{"line":189,"column":0},"end":{"line":189,"column":38}},"189":{"start":{"line":190,"column":0},"end":{"line":190,"column":73}},"190":{"start":{"line":191,"column":0},"end":{"line":191,"column":26}},"191":{"start":{"line":192,"column":0},"end":{"line":192,"column":35}},"192":{"start":{"line":193,"column":0},"end":{"line":193,"column":29}},"193":{"start":{"line":194,"column":0},"end":{"line":194,"column":12}},"195":{"start":{"line":196,"column":0},"end":{"line":196,"column":53}},"196":{"start":{"line":197,"column":0},"end":{"line":197,"column":17}},"197":{"start":{"line":198,"column":0},"end":{"line":198,"column":16}},"198":{"start":{"line":199,"column":0},"end":{"line":199,"column":23}},"199":{"start":{"line":200,"column":0},"end":{"line":200,"column":23}},"200":{"start":{"line":201,"column":0},"end":{"line":201,"column":20}},"201":{"start":{"line":202,"column":0},"end":{"line":202,"column":46}},"202":{"start":{"line":203,"column":0},"end":{"line":203,"column":36}},"203":{"start":{"line":204,"column":0},"end":{"line":204,"column":71}},"204":{"start":{"line":205,"column":0},"end":{"line":205,"column":26}},"205":{"start":{"line":206,"column":0},"end":{"line":206,"column":33}},"206":{"start":{"line":207,"column":0},"end":{"line":207,"column":29}},"207":{"start":{"line":208,"column":0},"end":{"line":208,"column":12}},"209":{"start":{"line":210,"column":0},"end":{"line":210,"column":63}},"210":{"start":{"line":211,"column":0},"end":{"line":211,"column":17}},"211":{"start":{"line":212,"column":0},"end":{"line":212,"column":16}},"212":{"start":{"line":213,"column":0},"end":{"line":213,"column":27}},"213":{"start":{"line":214,"column":0},"end":{"line":214,"column":23}},"214":{"start":{"line":215,"column":0},"end":{"line":215,"column":20}},"215":{"start":{"line":216,"column":0},"end":{"line":216,"column":50}},"216":{"start":{"line":217,"column":0},"end":{"line":217,"column":40}},"217":{"start":{"line":218,"column":0},"end":{"line":218,"column":75}},"218":{"start":{"line":219,"column":0},"end":{"line":219,"column":26}},"219":{"start":{"line":220,"column":0},"end":{"line":220,"column":37}},"220":{"start":{"line":221,"column":0},"end":{"line":221,"column":29}},"221":{"start":{"line":222,"column":0},"end":{"line":222,"column":12}},"223":{"start":{"line":224,"column":0},"end":{"line":224,"column":71}},"224":{"start":{"line":225,"column":0},"end":{"line":225,"column":17}},"225":{"start":{"line":226,"column":0},"end":{"line":226,"column":12}},"227":{"start":{"line":228,"column":0},"end":{"line":228,"column":12}},"228":{"start":{"line":229,"column":0},"end":{"line":229,"column":67}},"229":{"start":{"line":230,"column":0},"end":{"line":230,"column":25}},"230":{"start":{"line":231,"column":0},"end":{"line":231,"column":17}},"231":{"start":{"line":232,"column":0},"end":{"line":232,"column":23}},"232":{"start":{"line":233,"column":0},"end":{"line":233,"column":46}},"233":{"start":{"line":234,"column":0},"end":{"line":234,"column":59}},"234":{"start":{"line":235,"column":0},"end":{"line":235,"column":41}},"235":{"start":{"line":236,"column":0},"end":{"line":236,"column":37}},"236":{"start":{"line":237,"column":0},"end":{"line":237,"column":39}},"237":{"start":{"line":238,"column":0},"end":{"line":238,"column":35}},"238":{"start":{"line":239,"column":0},"end":{"line":239,"column":58}},"239":{"start":{"line":240,"column":0},"end":{"line":240,"column":17}},"240":{"start":{"line":241,"column":0},"end":{"line":241,"column":26}},"242":{"start":{"line":243,"column":0},"end":{"line":243,"column":25}},"243":{"start":{"line":244,"column":0},"end":{"line":244,"column":18}},"247":{"start":{"line":248,"column":0},"end":{"line":248,"column":41}},"248":{"start":{"line":249,"column":0},"end":{"line":249,"column":86}},"249":{"start":{"line":250,"column":0},"end":{"line":250,"column":22}},"250":{"start":{"line":251,"column":0},"end":{"line":251,"column":35}},"251":{"start":{"line":252,"column":0},"end":{"line":252,"column":43}},"252":{"start":{"line":253,"column":0},"end":{"line":253,"column":53}},"253":{"start":{"line":254,"column":0},"end":{"line":254,"column":37}},"254":{"start":{"line":255,"column":0},"end":{"line":255,"column":89}},"255":{"start":{"line":256,"column":0},"end":{"line":256,"column":26}},"256":{"start":{"line":257,"column":0},"end":{"line":257,"column":63}},"257":{"start":{"line":258,"column":0},"end":{"line":258,"column":63}},"258":{"start":{"line":259,"column":0},"end":{"line":259,"column":63}},"259":{"start":{"line":260,"column":0},"end":{"line":260,"column":67}},"260":{"start":{"line":261,"column":0},"end":{"line":261,"column":61}},"261":{"start":{"line":262,"column":0},"end":{"line":262,"column":56}},"262":{"start":{"line":263,"column":0},"end":{"line":263,"column":53}},"263":{"start":{"line":264,"column":0},"end":{"line":264,"column":84}},"264":{"start":{"line":265,"column":0},"end":{"line":265,"column":81}},"265":{"start":{"line":266,"column":0},"end":{"line":266,"column":18}},"266":{"start":{"line":267,"column":0},"end":{"line":267,"column":16}},"268":{"start":{"line":269,"column":0},"end":{"line":269,"column":22}},"269":{"start":{"line":270,"column":0},"end":{"line":270,"column":39}},"270":{"start":{"line":271,"column":0},"end":{"line":271,"column":41}},"271":{"start":{"line":272,"column":0},"end":{"line":272,"column":23}},"272":{"start":{"line":273,"column":0},"end":{"line":273,"column":67}},"273":{"start":{"line":274,"column":0},"end":{"line":274,"column":64}},"274":{"start":{"line":275,"column":0},"end":{"line":275,"column":32}},"275":{"start":{"line":276,"column":0},"end":{"line":276,"column":25}},"276":{"start":{"line":277,"column":0},"end":{"line":277,"column":71}},"277":{"start":{"line":278,"column":0},"end":{"line":278,"column":16}},"278":{"start":{"line":279,"column":0},"end":{"line":279,"column":18}},"282":{"start":{"line":283,"column":0},"end":{"line":283,"column":38}},"283":{"start":{"line":284,"column":0},"end":{"line":284,"column":80}},"284":{"start":{"line":285,"column":0},"end":{"line":285,"column":22}},"285":{"start":{"line":286,"column":0},"end":{"line":286,"column":32}},"286":{"start":{"line":287,"column":0},"end":{"line":287,"column":37}},"287":{"start":{"line":288,"column":0},"end":{"line":288,"column":54}},"288":{"start":{"line":289,"column":0},"end":{"line":289,"column":34}},"289":{"start":{"line":290,"column":0},"end":{"line":290,"column":86}},"290":{"start":{"line":291,"column":0},"end":{"line":291,"column":26}},"291":{"start":{"line":292,"column":0},"end":{"line":292,"column":86}},"292":{"start":{"line":293,"column":0},"end":{"line":293,"column":101}},"293":{"start":{"line":294,"column":0},"end":{"line":294,"column":65}},"294":{"start":{"line":295,"column":0},"end":{"line":295,"column":64}},"295":{"start":{"line":296,"column":0},"end":{"line":296,"column":18}},"296":{"start":{"line":297,"column":0},"end":{"line":297,"column":16}},"298":{"start":{"line":299,"column":0},"end":{"line":299,"column":22}},"299":{"start":{"line":300,"column":0},"end":{"line":300,"column":34}},"300":{"start":{"line":301,"column":0},"end":{"line":301,"column":36}},"301":{"start":{"line":302,"column":0},"end":{"line":302,"column":23}},"302":{"start":{"line":303,"column":0},"end":{"line":303,"column":26}},"303":{"start":{"line":304,"column":0},"end":{"line":304,"column":24}},"304":{"start":{"line":305,"column":0},"end":{"line":305,"column":36}},"305":{"start":{"line":306,"column":0},"end":{"line":306,"column":42}},"306":{"start":{"line":307,"column":0},"end":{"line":307,"column":75}},"307":{"start":{"line":308,"column":0},"end":{"line":308,"column":16}},"308":{"start":{"line":309,"column":0},"end":{"line":309,"column":18}},"312":{"start":{"line":313,"column":0},"end":{"line":313,"column":36}},"313":{"start":{"line":314,"column":0},"end":{"line":314,"column":76}},"314":{"start":{"line":315,"column":0},"end":{"line":315,"column":42}},"315":{"start":{"line":316,"column":0},"end":{"line":316,"column":103}},"317":{"start":{"line":318,"column":0},"end":{"line":318,"column":99}},"318":{"start":{"line":319,"column":0},"end":{"line":319,"column":23}},"319":{"start":{"line":320,"column":0},"end":{"line":320,"column":97}},"320":{"start":{"line":321,"column":0},"end":{"line":321,"column":25}},"321":{"start":{"line":322,"column":0},"end":{"line":322,"column":91}},"323":{"start":{"line":324,"column":0},"end":{"line":324,"column":27}},"324":{"start":{"line":325,"column":0},"end":{"line":325,"column":35}},"325":{"start":{"line":326,"column":0},"end":{"line":326,"column":38}},"326":{"start":{"line":327,"column":0},"end":{"line":327,"column":41}},"327":{"start":{"line":328,"column":0},"end":{"line":328,"column":58}},"328":{"start":{"line":329,"column":0},"end":{"line":329,"column":64}},"329":{"start":{"line":330,"column":0},"end":{"line":330,"column":41}},"330":{"start":{"line":331,"column":0},"end":{"line":331,"column":22}},"331":{"start":{"line":332,"column":0},"end":{"line":332,"column":85}},"332":{"start":{"line":333,"column":0},"end":{"line":333,"column":72}},"333":{"start":{"line":334,"column":0},"end":{"line":334,"column":86}},"334":{"start":{"line":335,"column":0},"end":{"line":335,"column":26}},"336":{"start":{"line":337,"column":0},"end":{"line":337,"column":25}},"337":{"start":{"line":338,"column":0},"end":{"line":338,"column":92}},"339":{"start":{"line":340,"column":0},"end":{"line":340,"column":27}},"340":{"start":{"line":341,"column":0},"end":{"line":341,"column":35}},"341":{"start":{"line":342,"column":0},"end":{"line":342,"column":38}},"342":{"start":{"line":343,"column":0},"end":{"line":343,"column":42}},"343":{"start":{"line":344,"column":0},"end":{"line":344,"column":59}},"344":{"start":{"line":345,"column":0},"end":{"line":345,"column":65}},"345":{"start":{"line":346,"column":0},"end":{"line":346,"column":41}},"346":{"start":{"line":347,"column":0},"end":{"line":347,"column":22}},"347":{"start":{"line":348,"column":0},"end":{"line":348,"column":85}},"348":{"start":{"line":349,"column":0},"end":{"line":349,"column":73}},"349":{"start":{"line":350,"column":0},"end":{"line":350,"column":85}},"350":{"start":{"line":351,"column":0},"end":{"line":351,"column":26}},"352":{"start":{"line":353,"column":0},"end":{"line":353,"column":25}},"353":{"start":{"line":354,"column":0},"end":{"line":354,"column":89}},"355":{"start":{"line":356,"column":0},"end":{"line":356,"column":27}},"356":{"start":{"line":357,"column":0},"end":{"line":357,"column":35}},"357":{"start":{"line":358,"column":0},"end":{"line":358,"column":38}},"358":{"start":{"line":359,"column":0},"end":{"line":359,"column":39}},"359":{"start":{"line":360,"column":0},"end":{"line":360,"column":56}},"360":{"start":{"line":361,"column":0},"end":{"line":361,"column":62}},"361":{"start":{"line":362,"column":0},"end":{"line":362,"column":41}},"362":{"start":{"line":363,"column":0},"end":{"line":363,"column":22}},"363":{"start":{"line":364,"column":0},"end":{"line":364,"column":85}},"364":{"start":{"line":365,"column":0},"end":{"line":365,"column":70}},"365":{"start":{"line":366,"column":0},"end":{"line":366,"column":90}},"366":{"start":{"line":367,"column":0},"end":{"line":367,"column":26}},"368":{"start":{"line":369,"column":0},"end":{"line":369,"column":25}},"369":{"start":{"line":370,"column":0},"end":{"line":370,"column":91}},"371":{"start":{"line":372,"column":0},"end":{"line":372,"column":27}},"372":{"start":{"line":373,"column":0},"end":{"line":373,"column":35}},"373":{"start":{"line":374,"column":0},"end":{"line":374,"column":38}},"374":{"start":{"line":375,"column":0},"end":{"line":375,"column":41}},"375":{"start":{"line":376,"column":0},"end":{"line":376,"column":58}},"376":{"start":{"line":377,"column":0},"end":{"line":377,"column":64}},"377":{"start":{"line":378,"column":0},"end":{"line":378,"column":41}},"378":{"start":{"line":379,"column":0},"end":{"line":379,"column":22}},"379":{"start":{"line":380,"column":0},"end":{"line":380,"column":85}},"380":{"start":{"line":381,"column":0},"end":{"line":381,"column":72}},"381":{"start":{"line":382,"column":0},"end":{"line":382,"column":89}},"382":{"start":{"line":383,"column":0},"end":{"line":383,"column":26}},"384":{"start":{"line":385,"column":0},"end":{"line":385,"column":25}},"385":{"start":{"line":386,"column":0},"end":{"line":386,"column":86}},"387":{"start":{"line":388,"column":0},"end":{"line":388,"column":27}},"388":{"start":{"line":389,"column":0},"end":{"line":389,"column":35}},"389":{"start":{"line":390,"column":0},"end":{"line":390,"column":38}},"390":{"start":{"line":391,"column":0},"end":{"line":391,"column":36}},"391":{"start":{"line":392,"column":0},"end":{"line":392,"column":53}},"392":{"start":{"line":393,"column":0},"end":{"line":393,"column":59}},"393":{"start":{"line":394,"column":0},"end":{"line":394,"column":41}},"394":{"start":{"line":395,"column":0},"end":{"line":395,"column":22}},"395":{"start":{"line":396,"column":0},"end":{"line":396,"column":85}},"396":{"start":{"line":397,"column":0},"end":{"line":397,"column":67}},"397":{"start":{"line":398,"column":0},"end":{"line":398,"column":84}},"398":{"start":{"line":399,"column":0},"end":{"line":399,"column":26}},"399":{"start":{"line":400,"column":0},"end":{"line":400,"column":22}},"400":{"start":{"line":401,"column":0},"end":{"line":401,"column":20}},"402":{"start":{"line":403,"column":0},"end":{"line":403,"column":22}},"403":{"start":{"line":404,"column":0},"end":{"line":404,"column":30}},"404":{"start":{"line":405,"column":0},"end":{"line":405,"column":32}},"405":{"start":{"line":406,"column":0},"end":{"line":406,"column":23}},"406":{"start":{"line":407,"column":0},"end":{"line":407,"column":24}},"407":{"start":{"line":408,"column":0},"end":{"line":408,"column":24}},"408":{"start":{"line":409,"column":0},"end":{"line":409,"column":32}},"409":{"start":{"line":410,"column":0},"end":{"line":410,"column":27}},"410":{"start":{"line":411,"column":0},"end":{"line":411,"column":71}},"411":{"start":{"line":412,"column":0},"end":{"line":412,"column":16}},"412":{"start":{"line":413,"column":0},"end":{"line":413,"column":18}},"416":{"start":{"line":417,"column":0},"end":{"line":417,"column":40}},"417":{"start":{"line":418,"column":0},"end":{"line":418,"column":84}},"418":{"start":{"line":419,"column":0},"end":{"line":419,"column":22}},"419":{"start":{"line":420,"column":0},"end":{"line":420,"column":38}},"420":{"start":{"line":421,"column":0},"end":{"line":421,"column":32}},"421":{"start":{"line":422,"column":0},"end":{"line":422,"column":69}},"422":{"start":{"line":423,"column":0},"end":{"line":423,"column":40}},"423":{"start":{"line":424,"column":0},"end":{"line":424,"column":92}},"424":{"start":{"line":425,"column":0},"end":{"line":425,"column":26}},"425":{"start":{"line":426,"column":0},"end":{"line":426,"column":87}},"426":{"start":{"line":427,"column":0},"end":{"line":427,"column":85}},"427":{"start":{"line":428,"column":0},"end":{"line":428,"column":81}},"428":{"start":{"line":429,"column":0},"end":{"line":429,"column":77}},"429":{"start":{"line":430,"column":0},"end":{"line":430,"column":98}},"430":{"start":{"line":431,"column":0},"end":{"line":431,"column":97}},"431":{"start":{"line":432,"column":0},"end":{"line":432,"column":18}},"432":{"start":{"line":433,"column":0},"end":{"line":433,"column":16}},"434":{"start":{"line":435,"column":0},"end":{"line":435,"column":22}},"435":{"start":{"line":436,"column":0},"end":{"line":436,"column":33}},"436":{"start":{"line":437,"column":0},"end":{"line":437,"column":32}},"437":{"start":{"line":438,"column":0},"end":{"line":438,"column":23}},"438":{"start":{"line":439,"column":0},"end":{"line":439,"column":24}},"439":{"start":{"line":440,"column":0},"end":{"line":440,"column":24}},"440":{"start":{"line":441,"column":0},"end":{"line":441,"column":35}},"441":{"start":{"line":442,"column":0},"end":{"line":442,"column":48}},"442":{"start":{"line":443,"column":0},"end":{"line":443,"column":74}},"443":{"start":{"line":444,"column":0},"end":{"line":444,"column":16}},"444":{"start":{"line":445,"column":0},"end":{"line":445,"column":18}},"448":{"start":{"line":449,"column":0},"end":{"line":449,"column":45}},"449":{"start":{"line":450,"column":0},"end":{"line":450,"column":17}},"450":{"start":{"line":451,"column":0},"end":{"line":451,"column":79}},"451":{"start":{"line":452,"column":0},"end":{"line":452,"column":82}},"452":{"start":{"line":453,"column":0},"end":{"line":453,"column":85}},"453":{"start":{"line":454,"column":0},"end":{"line":454,"column":74}},"454":{"start":{"line":455,"column":0},"end":{"line":455,"column":65}},"455":{"start":{"line":456,"column":0},"end":{"line":456,"column":20}},"456":{"start":{"line":457,"column":0},"end":{"line":457,"column":18}},"457":{"start":{"line":458,"column":0},"end":{"line":458,"column":73}},"458":{"start":{"line":459,"column":0},"end":{"line":459,"column":123}},"459":{"start":{"line":460,"column":0},"end":{"line":460,"column":18}},"460":{"start":{"line":461,"column":0},"end":{"line":461,"column":16}},"462":{"start":{"line":463,"column":0},"end":{"line":463,"column":103}},"463":{"start":{"line":464,"column":0},"end":{"line":464,"column":34}},"464":{"start":{"line":465,"column":0},"end":{"line":465,"column":64}},"465":{"start":{"line":466,"column":0},"end":{"line":466,"column":21}},"466":{"start":{"line":467,"column":0},"end":{"line":467,"column":16}},"467":{"start":{"line":468,"column":0},"end":{"line":468,"column":15}},"468":{"start":{"line":469,"column":0},"end":{"line":469,"column":13}},"471":{"start":{"line":472,"column":0},"end":{"line":472,"column":132}},"472":{"start":{"line":473,"column":0},"end":{"line":473,"column":133}},"473":{"start":{"line":474,"column":0},"end":{"line":474,"column":50}},"474":{"start":{"line":475,"column":0},"end":{"line":475,"column":14}},"475":{"start":{"line":476,"column":0},"end":{"line":476,"column":13}},"476":{"start":{"line":477,"column":0},"end":{"line":477,"column":65}},"477":{"start":{"line":478,"column":0},"end":{"line":478,"column":98}},"478":{"start":{"line":479,"column":0},"end":{"line":479,"column":148}},"479":{"start":{"line":480,"column":0},"end":{"line":480,"column":163}},"480":{"start":{"line":481,"column":0},"end":{"line":481,"column":150}},"481":{"start":{"line":482,"column":0},"end":{"line":482,"column":159}},"482":{"start":{"line":483,"column":0},"end":{"line":483,"column":14}},"483":{"start":{"line":484,"column":0},"end":{"line":484,"column":14}},"484":{"start":{"line":485,"column":0},"end":{"line":485,"column":12}},"487":{"start":{"line":488,"column":0},"end":{"line":488,"column":21}},"488":{"start":{"line":489,"column":0},"end":{"line":489,"column":68}},"489":{"start":{"line":490,"column":0},"end":{"line":490,"column":90}},"490":{"start":{"line":491,"column":0},"end":{"line":491,"column":15}},"491":{"start":{"line":492,"column":0},"end":{"line":492,"column":92}},"492":{"start":{"line":493,"column":0},"end":{"line":493,"column":105}},"493":{"start":{"line":494,"column":0},"end":{"line":494,"column":16}},"494":{"start":{"line":495,"column":0},"end":{"line":495,"column":14}},"496":{"start":{"line":497,"column":0},"end":{"line":497,"column":10}},"498":{"start":{"line":499,"column":0},"end":{"line":499,"column":1}}},"s":{"0":1,"1":1,"11":1,"20":1,"21":1,"22":1,"23":1,"32":49,"33":49,"34":49,"35":49,"36":49,"39":49,"42":49,"43":49,"46":49,"47":49,"50":49,"51":49,"54":49,"55":49,"58":49,"61":49,"62":22,"63":22,"64":11,"65":11,"66":3,"67":11,"68":5,"69":8,"70":3,"71":3,"72":22,"73":49,"75":49,"76":5,"77":5,"80":5,"81":0,"82":0,"83":0,"85":5,"86":5,"87":5,"88":5,"89":5,"90":5,"92":5,"93":2,"94":1,"95":1,"96":1,"97":1,"98":1,"99":1,"100":5,"101":1,"102":1,"103":1,"104":1,"105":0,"106":0,"107":0,"108":3,"109":1,"110":1,"111":1,"112":1,"113":0,"114":0,"115":0,"116":1,"117":1,"118":1,"119":1,"120":1,"121":0,"122":0,"123":0,"124":0,"126":1,"129":5,"130":5,"131":5,"134":5,"135":0,"136":0,"137":0,"138":5,"140":49,"141":49,"142":49,"143":49,"144":49,"145":49,"146":49,"147":49,"148":49,"149":49,"150":49,"151":49,"152":49,"153":49,"154":49,"155":49,"156":49,"157":49,"158":49,"159":49,"160":49,"161":49,"162":49,"163":49,"164":49,"165":49,"168":49,"169":49,"170":49,"171":49,"172":49,"173":49,"174":49,"175":49,"176":49,"177":0,"178":0,"179":0,"181":49,"182":49,"183":49,"184":49,"185":49,"186":49,"187":49,"188":49,"189":49,"190":49,"191":2,"192":2,"193":2,"195":49,"196":49,"197":49,"198":49,"199":49,"200":49,"201":49,"202":49,"203":49,"204":49,"205":3,"206":3,"207":3,"209":49,"210":49,"211":49,"212":49,"213":49,"214":49,"215":49,"216":49,"217":49,"218":49,"219":2,"220":2,"221":2,"223":49,"224":49,"225":49,"227":49,"228":49,"229":49,"230":4,"231":4,"232":4,"233":4,"234":4,"235":4,"236":4,"237":4,"238":4,"239":4,"240":4,"242":4,"243":4,"247":49,"248":24,"249":24,"250":24,"251":24,"252":24,"253":24,"254":24,"255":24,"256":24,"257":24,"258":24,"259":24,"260":24,"261":24,"262":24,"263":24,"264":24,"265":24,"266":24,"268":24,"269":24,"270":24,"271":24,"272":24,"273":24,"274":24,"275":24,"276":24,"277":24,"278":24,"282":49,"283":7,"284":7,"285":7,"286":7,"287":7,"288":7,"289":7,"290":7,"291":7,"292":7,"293":7,"294":7,"295":7,"296":7,"298":7,"299":7,"300":7,"301":7,"302":7,"303":7,"304":7,"305":7,"306":7,"307":7,"308":7,"312":49,"313":11,"314":11,"315":11,"317":11,"318":11,"319":11,"320":11,"321":11,"323":11,"324":11,"325":11,"326":11,"327":11,"328":11,"329":11,"330":11,"331":11,"332":11,"333":11,"334":11,"336":11,"337":11,"339":11,"340":11,"341":11,"342":11,"343":11,"344":11,"345":11,"346":11,"347":11,"348":11,"349":11,"350":11,"352":11,"353":11,"355":11,"356":11,"357":11,"358":11,"359":11,"360":11,"361":11,"362":11,"363":11,"364":11,"365":11,"366":11,"368":11,"369":11,"371":11,"372":11,"373":11,"374":11,"375":11,"376":11,"377":11,"378":11,"379":11,"380":11,"381":11,"382":11,"384":11,"385":11,"387":11,"388":11,"389":11,"390":11,"391":11,"392":11,"393":11,"394":11,"395":11,"396":11,"397":11,"398":11,"399":11,"400":11,"402":11,"403":11,"404":11,"405":11,"406":11,"407":11,"408":11,"409":11,"410":11,"411":11,"412":11,"416":49,"417":7,"418":7,"419":7,"420":7,"421":7,"422":7,"423":7,"424":7,"425":7,"426":7,"427":7,"428":7,"429":7,"430":7,"431":7,"432":7,"434":7,"435":7,"436":7,"437":7,"438":7,"439":7,"440":7,"441":7,"442":7,"443":7,"444":7,"448":49,"449":49,"450":49,"451":49,"452":49,"453":0,"454":49,"455":49,"456":49,"457":49,"458":49,"459":49,"460":49,"462":49,"463":49,"464":49,"465":49,"466":49,"467":49,"468":49,"471":49,"472":49,"473":49,"474":49,"475":49,"476":49,"477":49,"478":49,"479":49,"480":49,"481":49,"482":49,"483":49,"484":49,"487":49,"488":2,"489":2,"490":2,"491":2,"492":2,"493":2,"494":2,"496":49,"498":49},"branchMap":{"0":{"type":"branch","line":33,"loc":{"start":{"line":33,"column":0},"end":{"line":499,"column":1}},"locations":[{"start":{"line":33,"column":0},"end":{"line":499,"column":1}}]},"1":{"type":"branch","line":176,"loc":{"start":{"line":176,"column":46},"end":{"line":176,"column":71}},"locations":[{"start":{"line":176,"column":46},"end":{"line":176,"column":71}}]},"2":{"type":"branch","line":176,"loc":{"start":{"line":176,"column":60},"end":{"line":176,"column":73}},"locations":[{"start":{"line":176,"column":60},"end":{"line":176,"column":73}}]},"3":{"type":"branch","line":190,"loc":{"start":{"line":190,"column":46},"end":{"line":190,"column":68}},"locations":[{"start":{"line":190,"column":46},"end":{"line":190,"column":68}}]},"4":{"type":"branch","line":190,"loc":{"start":{"line":190,"column":57},"end":{"line":190,"column":70}},"locations":[{"start":{"line":190,"column":57},"end":{"line":190,"column":70}}]},"5":{"type":"branch","line":204,"loc":{"start":{"line":204,"column":46},"end":{"line":204,"column":66}},"locations":[{"start":{"line":204,"column":46},"end":{"line":204,"column":66}}]},"6":{"type":"branch","line":204,"loc":{"start":{"line":204,"column":55},"end":{"line":204,"column":68}},"locations":[{"start":{"line":204,"column":55},"end":{"line":204,"column":68}}]},"7":{"type":"branch","line":218,"loc":{"start":{"line":218,"column":46},"end":{"line":218,"column":70}},"locations":[{"start":{"line":218,"column":46},"end":{"line":218,"column":70}}]},"8":{"type":"branch","line":218,"loc":{"start":{"line":218,"column":59},"end":{"line":218,"column":72}},"locations":[{"start":{"line":218,"column":59},"end":{"line":218,"column":72}}]},"9":{"type":"branch","line":230,"loc":{"start":{"line":230,"column":11},"end":{"line":244,"column":18}},"locations":[{"start":{"line":230,"column":11},"end":{"line":244,"column":18}}]},"10":{"type":"branch","line":248,"loc":{"start":{"line":248,"column":25},"end":{"line":279,"column":18}},"locations":[{"start":{"line":248,"column":25},"end":{"line":279,"column":18}}]},"11":{"type":"branch","line":273,"loc":{"start":{"line":273,"column":52},"end":{"line":273,"column":63}},"locations":[{"start":{"line":273,"column":52},"end":{"line":273,"column":63}}]},"12":{"type":"branch","line":274,"loc":{"start":{"line":274,"column":53},"end":{"line":274,"column":62}},"locations":[{"start":{"line":274,"column":53},"end":{"line":274,"column":62}}]},"13":{"type":"branch","line":283,"loc":{"start":{"line":283,"column":25},"end":{"line":309,"column":18}},"locations":[{"start":{"line":283,"column":25},"end":{"line":309,"column":18}}]},"14":{"type":"branch","line":313,"loc":{"start":{"line":313,"column":25},"end":{"line":413,"column":18}},"locations":[{"start":{"line":313,"column":25},"end":{"line":413,"column":18}}]},"15":{"type":"branch","line":322,"loc":{"start":{"line":322,"column":58},"end":{"line":322,"column":86}},"locations":[{"start":{"line":322,"column":58},"end":{"line":322,"column":86}}]},"16":{"type":"branch","line":338,"loc":{"start":{"line":338,"column":58},"end":{"line":338,"column":87}},"locations":[{"start":{"line":338,"column":58},"end":{"line":338,"column":87}}]},"17":{"type":"branch","line":338,"loc":{"start":{"line":338,"column":74},"end":{"line":338,"column":89}},"locations":[{"start":{"line":338,"column":74},"end":{"line":338,"column":89}}]},"18":{"type":"branch","line":354,"loc":{"start":{"line":354,"column":58},"end":{"line":354,"column":84}},"locations":[{"start":{"line":354,"column":58},"end":{"line":354,"column":84}}]},"19":{"type":"branch","line":370,"loc":{"start":{"line":370,"column":58},"end":{"line":370,"column":86}},"locations":[{"start":{"line":370,"column":58},"end":{"line":370,"column":86}}]},"20":{"type":"branch","line":386,"loc":{"start":{"line":386,"column":58},"end":{"line":386,"column":81}},"locations":[{"start":{"line":386,"column":58},"end":{"line":386,"column":81}}]},"21":{"type":"branch","line":386,"loc":{"start":{"line":386,"column":68},"end":{"line":386,"column":83}},"locations":[{"start":{"line":386,"column":68},"end":{"line":386,"column":83}}]},"22":{"type":"branch","line":417,"loc":{"start":{"line":417,"column":25},"end":{"line":445,"column":18}},"locations":[{"start":{"line":417,"column":25},"end":{"line":445,"column":18}}]},"23":{"type":"branch","line":453,"loc":{"start":{"line":453,"column":31},"end":{"line":453,"column":85}},"locations":[{"start":{"line":453,"column":31},"end":{"line":453,"column":85}}]},"24":{"type":"branch","line":453,"loc":{"start":{"line":453,"column":66},"end":{"line":454,"column":74}},"locations":[{"start":{"line":453,"column":66},"end":{"line":454,"column":74}}]},"25":{"type":"branch","line":479,"loc":{"start":{"line":479,"column":27},"end":{"line":479,"column":148}},"locations":[{"start":{"line":479,"column":27},"end":{"line":479,"column":148}}]},"26":{"type":"branch","line":480,"loc":{"start":{"line":480,"column":27},"end":{"line":480,"column":163}},"locations":[{"start":{"line":480,"column":27},"end":{"line":480,"column":163}}]},"27":{"type":"branch","line":481,"loc":{"start":{"line":481,"column":27},"end":{"line":481,"column":150}},"locations":[{"start":{"line":481,"column":27},"end":{"line":481,"column":150}}]},"28":{"type":"branch","line":482,"loc":{"start":{"line":482,"column":27},"end":{"line":482,"column":159}},"locations":[{"start":{"line":482,"column":27},"end":{"line":482,"column":159}}]},"29":{"type":"branch","line":488,"loc":{"start":{"line":488,"column":7},"end":{"line":495,"column":14}},"locations":[{"start":{"line":488,"column":7},"end":{"line":495,"column":14}}]},"30":{"type":"branch","line":62,"loc":{"start":{"line":62,"column":12},"end":{"line":74,"column":5}},"locations":[{"start":{"line":62,"column":12},"end":{"line":74,"column":5}}]},"31":{"type":"branch","line":64,"loc":{"start":{"line":64,"column":35},"end":{"line":72,"column":5}},"locations":[{"start":{"line":64,"column":35},"end":{"line":72,"column":5}}]},"32":{"type":"branch","line":66,"loc":{"start":{"line":66,"column":39},"end":{"line":68,"column":15}},"locations":[{"start":{"line":66,"column":39},"end":{"line":68,"column":15}}]},"33":{"type":"branch","line":68,"loc":{"start":{"line":68,"column":4},"end":{"line":72,"column":5}},"locations":[{"start":{"line":68,"column":4},"end":{"line":72,"column":5}}]},"34":{"type":"branch","line":68,"loc":{"start":{"line":68,"column":37},"end":{"line":70,"column":15}},"locations":[{"start":{"line":68,"column":37},"end":{"line":70,"column":15}}]},"35":{"type":"branch","line":70,"loc":{"start":{"line":70,"column":4},"end":{"line":72,"column":5}},"locations":[{"start":{"line":70,"column":4},"end":{"line":72,"column":5}}]},"36":{"type":"branch","line":76,"loc":{"start":{"line":76,"column":23},"end":{"line":139,"column":4}},"locations":[{"start":{"line":76,"column":23},"end":{"line":139,"column":4}}]},"37":{"type":"branch","line":81,"loc":{"start":{"line":81,"column":53},"end":{"line":84,"column":5}},"locations":[{"start":{"line":81,"column":53},"end":{"line":84,"column":5}}]},"38":{"type":"branch","line":93,"loc":{"start":{"line":93,"column":35},"end":{"line":101,"column":15}},"locations":[{"start":{"line":93,"column":35},"end":{"line":101,"column":15}}]},"39":{"type":"branch","line":94,"loc":{"start":{"line":94,"column":21},"end":{"line":94,"column":43}},"locations":[{"start":{"line":94,"column":21},"end":{"line":94,"column":43}}]},"40":{"type":"branch","line":94,"loc":{"start":{"line":94,"column":43},"end":{"line":101,"column":15}},"locations":[{"start":{"line":94,"column":43},"end":{"line":101,"column":15}}]},"41":{"type":"branch","line":101,"loc":{"start":{"line":101,"column":4},"end":{"line":125,"column":5}},"locations":[{"start":{"line":101,"column":4},"end":{"line":125,"column":5}}]},"42":{"type":"branch","line":101,"loc":{"start":{"line":101,"column":39},"end":{"line":109,"column":15}},"locations":[{"start":{"line":101,"column":39},"end":{"line":109,"column":15}}]},"43":{"type":"branch","line":102,"loc":{"start":{"line":102,"column":25},"end":{"line":102,"column":51}},"locations":[{"start":{"line":102,"column":25},"end":{"line":102,"column":51}}]},"44":{"type":"branch","line":105,"loc":{"start":{"line":105,"column":6},"end":{"line":109,"column":15}},"locations":[{"start":{"line":105,"column":6},"end":{"line":109,"column":15}}]},"45":{"type":"branch","line":109,"loc":{"start":{"line":109,"column":4},"end":{"line":125,"column":5}},"locations":[{"start":{"line":109,"column":4},"end":{"line":125,"column":5}}]},"46":{"type":"branch","line":109,"loc":{"start":{"line":109,"column":37},"end":{"line":125,"column":5}},"locations":[{"start":{"line":109,"column":37},"end":{"line":125,"column":5}}]},"47":{"type":"branch","line":110,"loc":{"start":{"line":110,"column":37},"end":{"line":110,"column":60}},"locations":[{"start":{"line":110,"column":37},"end":{"line":110,"column":60}}]},"48":{"type":"branch","line":113,"loc":{"start":{"line":113,"column":6},"end":{"line":117,"column":15}},"locations":[{"start":{"line":113,"column":6},"end":{"line":117,"column":15}}]},"49":{"type":"branch","line":118,"loc":{"start":{"line":118,"column":43},"end":{"line":118,"column":69}},"locations":[{"start":{"line":118,"column":43},"end":{"line":118,"column":69}}]},"50":{"type":"branch","line":121,"loc":{"start":{"line":121,"column":6},"end":{"line":125,"column":5}},"locations":[{"start":{"line":121,"column":6},"end":{"line":125,"column":5}}]},"51":{"type":"branch","line":125,"loc":{"start":{"line":125,"column":4},"end":{"line":130,"column":38}},"locations":[{"start":{"line":125,"column":4},"end":{"line":130,"column":38}}]},"52":{"type":"branch","line":130,"loc":{"start":{"line":130,"column":27},"end":{"line":130,"column":40}},"locations":[{"start":{"line":130,"column":27},"end":{"line":130,"column":40}}]},"53":{"type":"branch","line":135,"loc":{"start":{"line":135,"column":35},"end":{"line":135,"column":51}},"locations":[{"start":{"line":135,"column":35},"end":{"line":135,"column":51}}]},"54":{"type":"branch","line":135,"loc":{"start":{"line":135,"column":49},"end":{"line":138,"column":57}},"locations":[{"start":{"line":135,"column":49},"end":{"line":138,"column":57}}]},"55":{"type":"branch","line":132,"loc":{"start":{"line":132,"column":15},"end":{"line":132,"column":42}},"locations":[{"start":{"line":132,"column":15},"end":{"line":132,"column":42}}]},"56":{"type":"branch","line":191,"loc":{"start":{"line":191,"column":19},"end":{"line":194,"column":12}},"locations":[{"start":{"line":191,"column":19},"end":{"line":194,"column":12}}]},"57":{"type":"branch","line":205,"loc":{"start":{"line":205,"column":19},"end":{"line":208,"column":12}},"locations":[{"start":{"line":205,"column":19},"end":{"line":208,"column":12}}]},"58":{"type":"branch","line":219,"loc":{"start":{"line":219,"column":19},"end":{"line":222,"column":12}},"locations":[{"start":{"line":219,"column":19},"end":{"line":222,"column":12}}]},"59":{"type":"branch","line":277,"loc":{"start":{"line":277,"column":26},"end":{"line":277,"column":71}},"locations":[{"start":{"line":277,"column":26},"end":{"line":277,"column":71}}]},"60":{"type":"branch","line":307,"loc":{"start":{"line":307,"column":26},"end":{"line":307,"column":75}},"locations":[{"start":{"line":307,"column":26},"end":{"line":307,"column":75}}]},"61":{"type":"branch","line":393,"loc":{"start":{"line":393,"column":32},"end":{"line":393,"column":59}},"locations":[{"start":{"line":393,"column":32},"end":{"line":393,"column":59}}]},"62":{"type":"branch","line":411,"loc":{"start":{"line":411,"column":26},"end":{"line":411,"column":71}},"locations":[{"start":{"line":411,"column":26},"end":{"line":411,"column":71}}]},"63":{"type":"branch","line":443,"loc":{"start":{"line":443,"column":26},"end":{"line":443,"column":74}},"locations":[{"start":{"line":443,"column":26},"end":{"line":443,"column":74}}]}},"b":{"0":[49],"1":[24],"2":[25],"3":[7],"4":[42],"5":[11],"6":[38],"7":[7],"8":[42],"9":[4],"10":[24],"11":[0],"12":[0],"13":[7],"14":[11],"15":[0],"16":[9],"17":[2],"18":[0],"19":[0],"20":[2],"21":[9],"22":[7],"23":[7],"24":[0],"25":[24],"26":[7],"27":[11],"28":[7],"29":[2],"30":[22],"31":[11],"32":[3],"33":[8],"34":[5],"35":[3],"36":[5],"37":[0],"38":[2],"39":[1],"40":[1],"41":[3],"42":[1],"43":[0],"44":[0],"45":[2],"46":[1],"47":[0],"48":[0],"49":[0],"50":[0],"51":[1],"52":[0],"53":[1],"54":[0],"55":[1],"56":[2],"57":[3],"58":[2],"59":[2],"60":[1],"61":[1],"62":[1],"63":[1]},"fnMap":{"0":{"name":"Calculator","decl":{"start":{"line":33,"column":0},"end":{"line":499,"column":1}},"loc":{"start":{"line":33,"column":0},"end":{"line":499,"column":1}},"line":33},"1":{"name":"handleSubmit","decl":{"start":{"line":76,"column":23},"end":{"line":139,"column":4}},"loc":{"start":{"line":76,"column":23},"end":{"line":139,"column":4}},"line":76},"2":{"name":"onChange","decl":{"start":{"line":155,"column":22},"end":{"line":155,"column":54}},"loc":{"start":{"line":155,"column":22},"end":{"line":155,"column":54}},"line":155},"3":{"name":"onClick","decl":{"start":{"line":177,"column":19},"end":{"line":180,"column":12}},"loc":{"start":{"line":177,"column":19},"end":{"line":180,"column":12}},"line":177},"4":{"name":"onClick","decl":{"start":{"line":191,"column":19},"end":{"line":194,"column":12}},"loc":{"start":{"line":191,"column":19},"end":{"line":194,"column":12}},"line":191},"5":{"name":"onClick","decl":{"start":{"line":205,"column":19},"end":{"line":208,"column":12}},"loc":{"start":{"line":205,"column":19},"end":{"line":208,"column":12}},"line":205},"6":{"name":"onClick","decl":{"start":{"line":219,"column":19},"end":{"line":222,"column":12}},"loc":{"start":{"line":219,"column":19},"end":{"line":222,"column":12}},"line":219},"7":{"name":"onChange","decl":{"start":{"line":255,"column":26},"end":{"line":255,"column":89}},"loc":{"start":{"line":255,"column":26},"end":{"line":255,"column":89}},"line":255},"8":{"name":"onChange","decl":{"start":{"line":277,"column":26},"end":{"line":277,"column":71}},"loc":{"start":{"line":277,"column":26},"end":{"line":277,"column":71}},"line":277},"9":{"name":"onChange","decl":{"start":{"line":290,"column":26},"end":{"line":290,"column":86}},"loc":{"start":{"line":290,"column":26},"end":{"line":290,"column":86}},"line":290},"10":{"name":"onChange","decl":{"start":{"line":307,"column":26},"end":{"line":307,"column":75}},"loc":{"start":{"line":307,"column":26},"end":{"line":307,"column":75}},"line":307},"11":{"name":"onChange","decl":{"start":{"line":329,"column":32},"end":{"line":329,"column":64}},"loc":{"start":{"line":329,"column":32},"end":{"line":329,"column":64}},"line":329},"12":{"name":"onChange","decl":{"start":{"line":345,"column":32},"end":{"line":345,"column":65}},"loc":{"start":{"line":345,"column":32},"end":{"line":345,"column":65}},"line":345},"13":{"name":"onChange","decl":{"start":{"line":361,"column":32},"end":{"line":361,"column":62}},"loc":{"start":{"line":361,"column":32},"end":{"line":361,"column":62}},"line":361},"14":{"name":"onChange","decl":{"start":{"line":377,"column":32},"end":{"line":377,"column":64}},"loc":{"start":{"line":377,"column":32},"end":{"line":377,"column":64}},"line":377},"15":{"name":"onChange","decl":{"start":{"line":393,"column":32},"end":{"line":393,"column":59}},"loc":{"start":{"line":393,"column":32},"end":{"line":393,"column":59}},"line":393},"16":{"name":"onChange","decl":{"start":{"line":411,"column":26},"end":{"line":411,"column":71}},"loc":{"start":{"line":411,"column":26},"end":{"line":411,"column":71}},"line":411},"17":{"name":"onChange","decl":{"start":{"line":424,"column":26},"end":{"line":424,"column":92}},"loc":{"start":{"line":424,"column":26},"end":{"line":424,"column":92}},"line":424},"18":{"name":"onChange","decl":{"start":{"line":443,"column":26},"end":{"line":443,"column":74}},"loc":{"start":{"line":443,"column":26},"end":{"line":443,"column":74}},"line":443}},"f":{"0":49,"1":5,"2":0,"3":0,"4":2,"5":3,"6":2,"7":0,"8":2,"9":0,"10":1,"11":0,"12":0,"13":0,"14":0,"15":1,"16":1,"17":0,"18":1}}
,"C:\\Users\\srich\\OneDrive\\Documents\\carbon footprints analyzer\\src\\components\\Dashboard.tsx": {"path":"C:\\Users\\srich\\OneDrive\\Documents\\carbon footprints analyzer\\src\\components\\Dashboard.tsx","all":false,"statementMap":{"0":{"start":{"line":1,"column":0},"end":{"line":1,"column":39}},"1":{"start":{"line":2,"column":0},"end":{"line":2,"column":9}},"14":{"start":{"line":15,"column":0},"end":{"line":15,"column":29}},"15":{"start":{"line":16,"column":0},"end":{"line":16,"column":33}},"28":{"start":{"line":29,"column":0},"end":{"line":29,"column":36}},"29":{"start":{"line":30,"column":0},"end":{"line":30,"column":8}},"30":{"start":{"line":31,"column":0},"end":{"line":31,"column":20}},"31":{"start":{"line":32,"column":0},"end":{"line":32,"column":23}},"32":{"start":{"line":33,"column":0},"end":{"line":33,"column":14}},"33":{"start":{"line":34,"column":0},"end":{"line":34,"column":10}},"34":{"start":{"line":35,"column":0},"end":{"line":35,"column":20}},"37":{"start":{"line":38,"column":0},"end":{"line":38,"column":39}},"38":{"start":{"line":39,"column":0},"end":{"line":39,"column":38}},"39":{"start":{"line":40,"column":0},"end":{"line":40,"column":31}},"40":{"start":{"line":41,"column":0},"end":{"line":41,"column":43}},"41":{"start":{"line":42,"column":0},"end":{"line":42,"column":17}},"42":{"start":{"line":43,"column":0},"end":{"line":43,"column":58}},"43":{"start":{"line":44,"column":0},"end":{"line":44,"column":13}},"46":{"start":{"line":47,"column":0},"end":{"line":47,"column":38}},"47":{"start":{"line":48,"column":0},"end":{"line":48,"column":75}},"48":{"start":{"line":49,"column":0},"end":{"line":49,"column":22}},"51":{"start":{"line":52,"column":0},"end":{"line":52,"column":36}},"52":{"start":{"line":53,"column":0},"end":{"line":53,"column":52}},"53":{"start":{"line":54,"column":0},"end":{"line":54,"column":51}},"54":{"start":{"line":55,"column":0},"end":{"line":55,"column":44}},"55":{"start":{"line":56,"column":0},"end":{"line":56,"column":10}},"56":{"start":{"line":57,"column":0},"end":{"line":57,"column":40}},"59":{"start":{"line":60,"column":0},"end":{"line":60,"column":22}},"62":{"start":{"line":63,"column":0},"end":{"line":63,"column":41}},"63":{"start":{"line":64,"column":0},"end":{"line":64,"column":56}},"64":{"start":{"line":65,"column":0},"end":{"line":65,"column":29}},"67":{"start":{"line":68,"column":0},"end":{"line":68,"column":35}},"68":{"start":{"line":69,"column":0},"end":{"line":69,"column":89}},"69":{"start":{"line":70,"column":0},"end":{"line":70,"column":27}},"70":{"start":{"line":71,"column":0},"end":{"line":71,"column":49}},"71":{"start":{"line":72,"column":0},"end":{"line":72,"column":79}},"72":{"start":{"line":73,"column":0},"end":{"line":73,"column":9}},"73":{"start":{"line":74,"column":0},"end":{"line":74,"column":5}},"74":{"start":{"line":75,"column":0},"end":{"line":75,"column":14}},"75":{"start":{"line":76,"column":0},"end":{"line":76,"column":36}},"78":{"start":{"line":79,"column":0},"end":{"line":79,"column":36}},"79":{"start":{"line":80,"column":0},"end":{"line":80,"column":39}},"80":{"start":{"line":81,"column":0},"end":{"line":81,"column":52}},"81":{"start":{"line":82,"column":0},"end":{"line":82,"column":44}},"83":{"start":{"line":84,"column":0},"end":{"line":84,"column":32}},"84":{"start":{"line":85,"column":0},"end":{"line":85,"column":36}},"85":{"start":{"line":86,"column":0},"end":{"line":86,"column":44}},"86":{"start":{"line":87,"column":0},"end":{"line":87,"column":41}},"87":{"start":{"line":88,"column":0},"end":{"line":88,"column":46}},"88":{"start":{"line":89,"column":0},"end":{"line":89,"column":37}},"89":{"start":{"line":90,"column":0},"end":{"line":90,"column":46}},"90":{"start":{"line":91,"column":0},"end":{"line":91,"column":42}},"91":{"start":{"line":92,"column":0},"end":{"line":92,"column":5}},"92":{"start":{"line":93,"column":0},"end":{"line":93,"column":51}},"93":{"start":{"line":94,"column":0},"end":{"line":94,"column":29}},"96":{"start":{"line":97,"column":0},"end":{"line":97,"column":20}},"97":{"start":{"line":98,"column":0},"end":{"line":98,"column":70}},"98":{"start":{"line":99,"column":0},"end":{"line":99,"column":42}},"99":{"start":{"line":100,"column":0},"end":{"line":100,"column":67}},"100":{"start":{"line":101,"column":0},"end":{"line":101,"column":39}},"103":{"start":{"line":104,"column":0},"end":{"line":104,"column":46}},"104":{"start":{"line":105,"column":0},"end":{"line":105,"column":67}},"105":{"start":{"line":106,"column":0},"end":{"line":106,"column":37}},"108":{"start":{"line":109,"column":0},"end":{"line":109,"column":34}},"109":{"start":{"line":110,"column":0},"end":{"line":110,"column":28}},"110":{"start":{"line":111,"column":0},"end":{"line":111,"column":62}},"111":{"start":{"line":112,"column":0},"end":{"line":112,"column":30}},"112":{"start":{"line":113,"column":0},"end":{"line":113,"column":68}},"113":{"start":{"line":114,"column":0},"end":{"line":114,"column":30}},"114":{"start":{"line":115,"column":0},"end":{"line":115,"column":68}},"115":{"start":{"line":116,"column":0},"end":{"line":116,"column":29}},"116":{"start":{"line":117,"column":0},"end":{"line":117,"column":5}},"117":{"start":{"line":118,"column":0},"end":{"line":118,"column":16}},"118":{"start":{"line":119,"column":0},"end":{"line":119,"column":40}},"120":{"start":{"line":121,"column":0},"end":{"line":121,"column":10}},"121":{"start":{"line":122,"column":0},"end":{"line":122,"column":36}},"122":{"start":{"line":123,"column":0},"end":{"line":123,"column":40}},"123":{"start":{"line":124,"column":0},"end":{"line":124,"column":13}},"124":{"start":{"line":125,"column":0},"end":{"line":125,"column":61}},"125":{"start":{"line":126,"column":0},"end":{"line":126,"column":95}},"126":{"start":{"line":127,"column":0},"end":{"line":127,"column":14}},"127":{"start":{"line":128,"column":0},"end":{"line":128,"column":56}},"128":{"start":{"line":129,"column":0},"end":{"line":129,"column":69}},"129":{"start":{"line":130,"column":0},"end":{"line":130,"column":50}},"130":{"start":{"line":131,"column":0},"end":{"line":131,"column":14}},"131":{"start":{"line":132,"column":0},"end":{"line":132,"column":12}},"134":{"start":{"line":135,"column":0},"end":{"line":135,"column":30}},"135":{"start":{"line":136,"column":0},"end":{"line":136,"column":63}},"136":{"start":{"line":137,"column":0},"end":{"line":137,"column":15}},"137":{"start":{"line":138,"column":0},"end":{"line":138,"column":62}},"138":{"start":{"line":139,"column":0},"end":{"line":139,"column":148}},"139":{"start":{"line":140,"column":0},"end":{"line":140,"column":16}},"140":{"start":{"line":141,"column":0},"end":{"line":141,"column":70}},"141":{"start":{"line":142,"column":0},"end":{"line":142,"column":31}},"142":{"start":{"line":143,"column":0},"end":{"line":143,"column":16}},"143":{"start":{"line":144,"column":0},"end":{"line":144,"column":15}},"145":{"start":{"line":146,"column":0},"end":{"line":146,"column":61}},"146":{"start":{"line":147,"column":0},"end":{"line":147,"column":15}},"147":{"start":{"line":148,"column":0},"end":{"line":148,"column":60}},"148":{"start":{"line":149,"column":0},"end":{"line":149,"column":146}},"149":{"start":{"line":150,"column":0},"end":{"line":150,"column":16}},"150":{"start":{"line":151,"column":0},"end":{"line":151,"column":72}},"151":{"start":{"line":152,"column":0},"end":{"line":152,"column":30}},"152":{"start":{"line":153,"column":0},"end":{"line":153,"column":16}},"153":{"start":{"line":154,"column":0},"end":{"line":154,"column":15}},"155":{"start":{"line":156,"column":0},"end":{"line":156,"column":60}},"156":{"start":{"line":157,"column":0},"end":{"line":157,"column":15}},"157":{"start":{"line":158,"column":0},"end":{"line":158,"column":56}},"158":{"start":{"line":159,"column":0},"end":{"line":159,"column":108}},"159":{"start":{"line":160,"column":0},"end":{"line":160,"column":16}},"160":{"start":{"line":161,"column":0},"end":{"line":161,"column":69}},"161":{"start":{"line":162,"column":0},"end":{"line":162,"column":31}},"162":{"start":{"line":163,"column":0},"end":{"line":163,"column":16}},"163":{"start":{"line":164,"column":0},"end":{"line":164,"column":15}},"164":{"start":{"line":165,"column":0},"end":{"line":165,"column":12}},"167":{"start":{"line":168,"column":0},"end":{"line":168,"column":32}},"169":{"start":{"line":170,"column":0},"end":{"line":170,"column":14}},"170":{"start":{"line":171,"column":0},"end":{"line":171,"column":33}},"171":{"start":{"line":172,"column":0},"end":{"line":172,"column":38}},"172":{"start":{"line":173,"column":0},"end":{"line":173,"column":34}},"173":{"start":{"line":174,"column":0},"end":{"line":174,"column":45}},"174":{"start":{"line":175,"column":0},"end":{"line":175,"column":35}},"176":{"start":{"line":177,"column":0},"end":{"line":177,"column":15}},"177":{"start":{"line":178,"column":0},"end":{"line":178,"column":39}},"178":{"start":{"line":179,"column":0},"end":{"line":179,"column":22}},"179":{"start":{"line":180,"column":0},"end":{"line":180,"column":132}},"181":{"start":{"line":182,"column":0},"end":{"line":182,"column":47}},"182":{"start":{"line":183,"column":0},"end":{"line":183,"column":60}},"183":{"start":{"line":184,"column":0},"end":{"line":184,"column":62}},"184":{"start":{"line":185,"column":0},"end":{"line":185,"column":24}},"185":{"start":{"line":186,"column":0},"end":{"line":186,"column":39}},"186":{"start":{"line":187,"column":0},"end":{"line":187,"column":27}},"187":{"start":{"line":188,"column":0},"end":{"line":188,"column":27}},"188":{"start":{"line":189,"column":0},"end":{"line":189,"column":29}},"189":{"start":{"line":190,"column":0},"end":{"line":190,"column":18}},"190":{"start":{"line":191,"column":0},"end":{"line":191,"column":24}},"191":{"start":{"line":192,"column":0},"end":{"line":192,"column":41}},"192":{"start":{"line":193,"column":0},"end":{"line":193,"column":27}},"193":{"start":{"line":194,"column":0},"end":{"line":194,"column":27}},"194":{"start":{"line":195,"column":0},"end":{"line":195,"column":29}},"195":{"start":{"line":196,"column":0},"end":{"line":196,"column":48}},"196":{"start":{"line":197,"column":0},"end":{"line":197,"column":49}},"197":{"start":{"line":198,"column":0},"end":{"line":198,"column":53}},"198":{"start":{"line":199,"column":0},"end":{"line":199,"column":18}},"199":{"start":{"line":200,"column":0},"end":{"line":200,"column":20}},"200":{"start":{"line":201,"column":0},"end":{"line":201,"column":69}},"201":{"start":{"line":202,"column":0},"end":{"line":202,"column":74}},"202":{"start":{"line":203,"column":0},"end":{"line":203,"column":57}},"203":{"start":{"line":204,"column":0},"end":{"line":204,"column":102}},"204":{"start":{"line":205,"column":0},"end":{"line":205,"column":37}},"205":{"start":{"line":206,"column":0},"end":{"line":206,"column":22}},"206":{"start":{"line":207,"column":0},"end":{"line":207,"column":20}},"207":{"start":{"line":208,"column":0},"end":{"line":208,"column":18}},"208":{"start":{"line":209,"column":0},"end":{"line":209,"column":70}},"209":{"start":{"line":210,"column":0},"end":{"line":210,"column":37}},"210":{"start":{"line":211,"column":0},"end":{"line":211,"column":18}},"211":{"start":{"line":212,"column":0},"end":{"line":212,"column":16}},"212":{"start":{"line":213,"column":0},"end":{"line":213,"column":15}},"215":{"start":{"line":216,"column":0},"end":{"line":216,"column":103}},"216":{"start":{"line":217,"column":0},"end":{"line":217,"column":41}},"218":{"start":{"line":219,"column":0},"end":{"line":219,"column":43}},"219":{"start":{"line":220,"column":0},"end":{"line":220,"column":45}},"220":{"start":{"line":221,"column":0},"end":{"line":221,"column":48}},"221":{"start":{"line":222,"column":0},"end":{"line":222,"column":113}},"222":{"start":{"line":223,"column":0},"end":{"line":223,"column":23}},"223":{"start":{"line":224,"column":0},"end":{"line":224,"column":54}},"224":{"start":{"line":225,"column":0},"end":{"line":225,"column":94}},"225":{"start":{"line":226,"column":0},"end":{"line":226,"column":23}},"226":{"start":{"line":227,"column":0},"end":{"line":227,"column":20}},"227":{"start":{"line":228,"column":0},"end":{"line":228,"column":46}},"228":{"start":{"line":229,"column":0},"end":{"line":229,"column":21}},"229":{"start":{"line":230,
[...]
17,"column":0},"end":{"line":17,"column":55}},"17":{"start":{"line":18,"column":0},"end":{"line":18,"column":4}},"18":{"start":{"line":19,"column":0},"end":{"line":19,"column":11}},"19":{"start":{"line":20,"column":0},"end":{"line":20,"column":62}},"20":{"start":{"line":21,"column":0},"end":{"line":21,"column":64}},"21":{"start":{"line":22,"column":0},"end":{"line":22,"column":33}},"22":{"start":{"line":23,"column":0},"end":{"line":23,"column":35}},"23":{"start":{"line":24,"column":0},"end":{"line":24,"column":37}},"24":{"start":{"line":25,"column":0},"end":{"line":25,"column":4}},"25":{"start":{"line":26,"column":0},"end":{"line":26,"column":9}},"26":{"start":{"line":27,"column":0},"end":{"line":27,"column":49}},"27":{"start":{"line":28,"column":0},"end":{"line":28,"column":50}},"28":{"start":{"line":29,"column":0},"end":{"line":29,"column":47}},"29":{"start":{"line":30,"column":0},"end":{"line":30,"column":49}},"30":{"start":{"line":31,"column":0},"end":{"line":31,"column":44}},"31":{"start":{"line":32,"column":0},"end":{"line":32,"column":4}},"32":{"start":{"line":33,"column":0},"end":{"line":33,"column":13}},"33":{"start":{"line":34,"column":0},"end":{"line":34,"column":70}},"34":{"start":{"line":35,"column":0},"end":{"line":35,"column":63}},"35":{"start":{"line":36,"column":0},"end":{"line":36,"column":60}},"36":{"start":{"line":37,"column":0},"end":{"line":37,"column":55}},"37":{"start":{"line":38,"column":0},"end":{"line":38,"column":66}},"38":{"start":{"line":39,"column":0},"end":{"line":39,"column":57}},"39":{"start":{"line":40,"column":0},"end":{"line":40,"column":3}},"40":{"start":{"line":41,"column":0},"end":{"line":41,"column":2}},"48":{"start":{"line":49,"column":0},"end":{"line":49,"column":79}},"49":{"start":{"line":50,"column":0},"end":{"line":50,"column":93}},"50":{"start":{"line":51,"column":0},"end":{"line":51,"column":27}},"51":{"start":{"line":52,"column":0},"end":{"line":52,"column":2}},"59":{"start":{"line":60,"column":0},"end":{"line":60,"column":74}},"60":{"start":{"line":61,"column":0},"end":{"line":61,"column":87}},"61":{"start":{"line":62,"column":0},"end":{"line":62,"column":25}},"62":{"start":{"line":63,"column":0},"end":{"line":63,"column":2}},"70":{"start":{"line":71,"column":0},"end":{"line":71,"column":70}},"71":{"start":{"line":72,"column":0},"end":{"line":72,"column":87}},"72":{"start":{"line":73,"column":0},"end":{"line":73,"column":23}},"73":{"start":{"line":74,"column":0},"end":{"line":74,"column":2}},"81":{"start":{"line":82,"column":0},"end":{"line":82,"column":82}},"82":{"start":{"line":83,"column":0},"end":{"line":83,"column":95}},"83":{"start":{"line":84,"column":0},"end":{"line":84,"column":27}},"84":{"start":{"line":85,"column":0},"end":{"line":85,"column":2}},"89":{"start":{"line":90,"column":0},"end":{"line":90,"column":50}},"90":{"start":{"line":91,"column":0},"end":{"line":91,"column":42}},"91":{"start":{"line":92,"column":0},"end":{"line":92,"column":29}},"92":{"start":{"line":93,"column":0},"end":{"line":93,"column":29}},"93":{"start":{"line":94,"column":0},"end":{"line":94,"column":29}},"94":{"start":{"line":95,"column":0},"end":{"line":95,"column":33}},"95":{"start":{"line":96,"column":0},"end":{"line":96,"column":27}},"96":{"start":{"line":97,"column":0},"end":{"line":97,"column":20}},"97":{"start":{"line":98,"column":0},"end":{"line":98,"column":24}},"98":{"start":{"line":99,"column":0},"end":{"line":99,"column":38}},"99":{"start":{"line":100,"column":0},"end":{"line":100,"column":36}},"100":{"start":{"line":101,"column":0},"end":{"line":101,"column":41}},"101":{"start":{"line":102,"column":0},"end":{"line":102,"column":47}},"102":{"start":{"line":103,"column":0},"end":{"line":103,"column":31}},"103":{"start":{"line":104,"column":0},"end":{"line":104,"column":31}},"104":{"start":{"line":105,"column":0},"end":{"line":105,"column":40}},"105":{"start":{"line":106,"column":0},"end":{"line":106,"column":42}},"106":{"start":{"line":107,"column":0},"end":{"line":107,"column":36}},"107":{"start":{"line":108,"column":0},"end":{"line":108,"column":34}},"108":{"start":{"line":109,"column":0},"end":{"line":109,"column":24}},"109":{"start":{"line":110,"column":0},"end":{"line":110,"column":40}},"110":{"start":{"line":111,"column":0},"end":{"line":111,"column":33}},"111":{"start":{"line":112,"column":0},"end":{"line":112,"column":28}},"112":{"start":{"line":113,"column":0},"end":{"line":113,"column":43}},"113":{"start":{"line":114,"column":0},"end":{"line":114,"column":40}},"114":{"start":{"line":115,"column":0},"end":{"line":115,"column":46}},"115":{"start":{"line":116,"column":0},"end":{"line":116,"column":4}},"116":{"start":{"line":117,"column":0},"end":{"line":117,"column":28}},"117":{"start":{"line":118,"column":0},"end":{"line":118,"column":2}},"122":{"start":{"line":123,"column":0},"end":{"line":123,"column":49}},"123":{"start":{"line":124,"column":0},"end":{"line":124,"column":78}},"124":{"start":{"line":125,"column":0},"end":{"line":125,"column":16}},"125":{"start":{"line":126,"column":0},"end":{"line":126,"column":3}},"126":{"start":{"line":127,"column":0},"end":{"line":127,"column":56}},"127":{"start":{"line":128,"column":0},"end":{"line":128,"column":26}},"128":{"start":{"line":129,"column":0},"end":{"line":129,"column":3}},"129":{"start":{"line":130,"column":0},"end":{"line":130,"column":61}},"130":{"start":{"line":131,"column":0},"end":{"line":131,"column":17}},"131":{"start":{"line":132,"column":0},"end":{"line":132,"column":3}},"132":{"start":{"line":133,"column":0},"end":{"line":133,"column":30}},"133":{"start":{"line":134,"column":0},"end":{"line":134,"column":20}},"134":{"start":{"line":135,"column":0},"end":{"line":135,"column":3}},"135":{"start":{"line":136,"column":0},"end":{"line":136,"column":94}},"136":{"start":{"line":137,"column":0},"end":{"line":137,"column":18}},"137":{"start":{"line":138,"column":0},"end":{"line":138,"column":3}},"138":{"start":{"line":139,"column":0},"end":{"line":139,"column":35}},"139":{"start":{"line":140,"column":0},"end":{"line":140,"column":27}},"140":{"start":{"line":141,"column":0},"end":{"line":141,"column":3}},"141":{"start":{"line":142,"column":0},"end":{"line":142,"column":36}},"142":{"start":{"line":143,"column":0},"end":{"line":143,"column":30}},"143":{"start":{"line":144,"column":0},"end":{"line":144,"column":3}},"144":{"start":{"line":145,"column":0},"end":{"line":145,"column":15}},"145":{"start":{"line":146,"column":0},"end":{"line":146,"column":2}},"150":{"start":{"line":151,"column":0},"end":{"line":151,"column":40}},"151":{"start":{"line":152,"column":0},"end":{"line":152,"column":3}},"152":{"start":{"line":153,"column":0},"end":{"line":153,"column":29}},"153":{"start":{"line":154,"column":0},"end":{"line":154,"column":27}},"154":{"start":{"line":155,"column":0},"end":{"line":155,"column":68}},"155":{"start":{"line":156,"column":0},"end":{"line":156,"column":21}},"156":{"start":{"line":157,"column":0},"end":{"line":157,"column":21}},"157":{"start":{"line":158,"column":0},"end":{"line":158,"column":25}},"158":{"start":{"line":159,"column":0},"end":{"line":159,"column":22}},"159":{"start":{"line":160,"column":0},"end":{"line":160,"column":4}},"160":{"start":{"line":161,"column":0},"end":{"line":161,"column":3}},"161":{"start":{"line":162,"column":0},"end":{"line":162,"column":28}},"162":{"start":{"line":163,"column":0},"end":{"line":163,"column":30}},"163":{"start":{"line":164,"column":0},"end":{"line":164,"column":84}},"164":{"start":{"line":165,"column":0},"end":{"line":165,"column":26}},"165":{"start":{"line":166,"column":0},"end":{"line":166,"column":20}},"166":{"start":{"line":167,"column":0},"end":{"line":167,"column":25}},"167":{"start":{"line":168,"column":0},"end":{"line":168,"column":24}},"168":{"start":{"line":169,"column":0},"end":{"line":169,"column":4}},"169":{"start":{"line":170,"column":0},"end":{"line":170,"column":3}},"170":{"start":{"line":171,"column":0},"end":{"line":171,"column":31}},"171":{"start":{"line":172,"column":0},"end":{"line":172,"column":34}},"172":{"start":{"line":173,"column":0},"end":{"line":173,"column":83}},"173":{"start":{"line":174,"column":0},"end":{"line":174,"column":23}},"174":{"start":{"line":175,"column":0},"end":{"line":175,"column":20}},"175":{"start":{"line":176,"column":0},"end":{"line":176,"column":23}},"176":{"start":{"line":177,"column":0},"end":{"line":177,"column":22}},"177":{"start":{"line":178,"column":0},"end":{"line":178,"column":4}},"178":{"start":{"line":179,"column":0},"end":{"line":179,"column":3}},"179":{"start":{"line":180,"column":0},"end":{"line":180,"column":30}},"180":{"start":{"line":181,"column":0},"end":{"line":181,"column":31}},"181":{"start":{"line":182,"column":0},"end":{"line":182,"column":87}},"182":{"start":{"line":183,"column":0},"end":{"line":183,"column":23}},"183":{"start":{"line":184,"column":0},"end":{"line":184,"column":20}},"184":{"start":{"line":185,"column":0},"end":{"line":185,"column":23}},"185":{"start":{"line":186,"column":0},"end":{"line":186,"column":23}},"186":{"start":{"line":187,"column":0},"end":{"line":187,"column":4}},"187":{"start":{"line":188,"column":0},"end":{"line":188,"column":3}},"188":{"start":{"line":189,"column":0},"end":{"line":189,"column":30}},"189":{"start":{"line":190,"column":0},"end":{"line":190,"column":33}},"190":{"start":{"line":191,"column":0},"end":{"line":191,"column":87}},"191":{"start":{"line":192,"column":0},"end":{"line":192,"column":26}},"192":{"start":{"line":193,"column":0},"end":{"line":193,"column":22}},"193":{"start":{"line":194,"column":0},"end":{"line":194,"column":23}},"194":{"start":{"line":195,"column":0},"end":{"line":195,"column":24}},"195":{"start":{"line":196,"column":0},"end":{"line":196,"column":4}},"196":{"start":{"line":197,"column":0},"end":{"line":197,"column":3}},"197":{"start":{"line":198,"column":0},"end":{"line":198,"column":31}},"198":{"start":{"line":199,"column":0},"end":{"line":199,"column":32}},"199":{"start":{"line":200,"column":0},"end":{"line":200,"column":84}},"200":{"start":{"line":201,"column":0},"end":{"line":201,"column":25}},"201":{"start":{"line":202,"column":0},"end":{"line":202,"column":21}},"202":{"start":{"line":203,"column":0},"end":{"line":203,"column":23}},"203":{"start":{"line":204,"column":0},"end":{"line":204,"column":24}},"204":{"start":{"line":205,"column":0},"end":{"line":205,"column":4}},"205":{"start":{"line":206,"column":0},"end":{"line":206,"column":3}},"206":{"start":{"line":207,"column":0},"end":{"line":207,"column":27}},"207":{"start":{"line":208,"column":0},"end":{"line":208,"column":36}},"208":{"start":{"line":209,"column":0},"end":{"line":209,"column":90}},"209":{"start":{"line":210,"column":0},"end":{"line":210,"column":23}},"210":{"start":{"line":211,"column":0},"end":{"line":211,"column":20}},"211":{"start":{"line":212,"column":0},"end":{"line":212,"column":23}},"212":{"start":{"line":213,"column":0},"end":{"line":213,"column":22}},"213":{"start":{"line":214,"column":0},"end":{"line":214,"column":4}},"214":{"start":{"line":215,"column":0},"end":{"line":215,"column":3}},"215":{"start":{"line":216,"column":0},"end":{"line":216,"column":28}},"216":{"start":{"line":217,"column":0},"end":{"line":217,"column":29}},"217":{"start":{"line":218,"column":0},"end":{"line":218,"column":93}},"218":{"start":{"line":219,"column":0},"end":{"line":219,"column":25}},"219":{"start":{"line":220,"column":0},"end":{"line":220,"column":20}},"220":{"start":{"line":221,"column":0},"end":{"line":221,"column":23}},"221":{"start":{"line":222,"column":0},"end":{"line":222,"column":22}},"222":{"start":{"line":223,"column":0},"end":{"line":223,"column":3}},"223":{"start":{"line":224,"column":0},"end":{"line":224,"column":2}}},"s":{"6":1,"7":1,"8":1,"9":1,"10":1,"11":1,"12":1,"13":1,"14":1,"15":1,"16":1,"17":1,"18":1,"19":1,"20":1,"21":1,"22":1,"23":1,"24":1,"25":1,"26":1,"27":1,"28":1,"29":1,"30":1,"31":1,"32":1,"33":1,"34":1,"35":1,"36":1,"37":1,"38":1,"39":1,"40":1,"48":1,"49":16,"50":16,"51":16,"59":1,"60":6,"61":6,"62":6,"70":1,"71":9,"72":9,"73":9,"81":1,"82":6,"83":6,"84":6,"89":1,"90":5,"91":5,"92":5,"93":5,"94":5,"95":5,"96":5,"97":5,"98":5,"99":5,"100":5,"101":5,"102":5,"103":5,"104":5,"105":5,"106":5,"107":5,"108":5,"109":5,"110":5,"111":5,"112":5,"113":5,"114":5,"115":5,"116":5,"117":5,"122":1,"123":25,"124":2,"125":2,"126":25,"127":1,"128":1,"129":25,"130":8,"131":8,"132":25,"133":1,"134":1,"135":25,"136":2,"137":2,"138":25,"139":1,"140":1,"141":25,"142":1,"143":1,"144":9,"145":9,"150":1,"151":1,"152":1,"153":1,"154":1,"155":1,"156":1,"157":1,"158":1,"159":1,"160":1,"161":1,"162":1,"163":1,"164":1,"165":1,"166":1,"167":1,"168":1,"169":1,"170":1,"171":1,"172":1,"173":1,"174":1,"175":1,"176":1,"177":1,"178":1,"179":1,"180":1,"181":1,"182":1,"183":1,"184":1,"185":1,"186":1,"187":1,"188":1,"189":1,"190":1,"191":1,"192":1,"193":1,"194":1,"195":1,"196":1,"197":1,"198":1,"199":1,"200":1,"201":1,"202":1,"203":1,"204":1,"205":1,"206":1,"207":1,"208":1,"209":1,"210":1,"211":1,"212":1,"213":1,"214":1,"215":1,"216":1,"217":1,"218":1,"219":1,"220":1,"221":1,"222":1,"223":1},"branchMap":{"0":{"type":"branch","line":49,"loc":{"start":{"line":49,"column":34},"end":{"line":52,"column":2}},"locations":[{"start":{"line":49,"column":34},"end":{"line":52,"column":2}}]},"1":{"type":"branch","line":50,"loc":{"start":{"line":50,"column":86},"end":{"line":50,"column":93}},"locations":[{"start":{"line":50,"column":86},"end":{"line":50,"column":93}}]},"2":{"type":"branch","line":60,"loc":{"start":{"line":60,"column":31},"end":{"line":63,"column":2}},"locations":[{"start":{"line":60,"column":31},"end":{"line":63,"column":2}}]},"3":{"type":"branch","line":61,"loc":{"start":{"line":61,"column":80},"end":{"line":61,"column":87}},"locations":[{"start":{"line":61,"column":80},"end":{"line":61,"column":87}}]},"4":{"type":"branch","line":71,"loc":{"start":{"line":71,"column":29},"end":{"line":74,"column":2}},"locations":[{"start":{"line":71,"column":29},"end":{"line":74,"column":2}}]},"5":{"type":"branch","line":72,"loc":{"start":{"line":72,"column":80},"end":{"line":72,"column":87}},"locations":[{"start":{"line":72,"column":80},"end":{"line":72,"column":87}}]},"6":{"type":"branch","line":82,"loc":{"start":{"line":82,"column":33},"end":{"line":85,"column":2}},"locations":[{"start":{"line":82,"column":33},"end":{"line":85,"column":2}}]},"7":{"type":"branch","line":83,"loc":{"start":{"line":83,"column":88},"end":{"line":83,"column":95}},"locations":[{"start":{"line":83,"column":88},"end":{"line":83,"column":95}}]},"8":{"type":"branch","line":90,"loc":{"start":{"line":90,"column":24},"end":{"line":118,"column":2}},"locations":[{"start":{"line":90,"column":24},"end":{"line":118,"column":2}}]},"9":{"type":"branch","line":117,"loc":{"start":{"line":117,"column":19},"end":{"line":117,"column":28}},"locations":[{"start":{"line":117,"column":19},"end":{"line":117,"column":28}}]},"10":{"type":"branch","line":123,"loc":{"start":{"line":123,"column":23},"end":{"line":146,"column":2}},"locations":[{"start":{"line":123,"column":23},"end":{"line":146,"column":2}}]},"11":{"type":"branch","line":124,"loc":{"start":{"line":124,"column":27},"end":{"line":124,"column":77}},"locations":[{"start":{"line":124,"column":27},"end":{"line":124,"column":77}}]},"12":{"type":"branch","line":124,"loc":{"start":{"line":124,"column":77},"end":{"line":126,"column":3}},"locations":[{"start":{"line":124,"column":77},"end":{"line":126,"column":3}}]},"13":{"type":"branch","line":126,"loc":{"start":{"line":126,"column":2},"end":{"line":127,"column":32}},"locations":[{"start":{"line":126,"column":2},"end":{"line":127,"column":32}}]},"14":{"type":"branch","line":127,"loc":{"start":{"line":127,"column":14},"end":{"line":127,"column":55}},"locations":[{"start":{"line":127,"column":14},"end":{"line":127,"column":55}}]},"15":{"type":"branch","line":127,"loc":{"start":{"line":127,"column":55},"end":{"line":129,"column":3}},"locations":[{"start":{"line":127,"column":55},"end":{"line":129,"column":3}}]},"16":{"type":"branch","line":129,"loc":{"start":{"line":129,"column":2},"end":{"line":130,"column":37}},"locations":[{"start":{"line":129,"column":2},"end":{"line":130,"column":37}}]},"17":{"type":"branch","line":130,"loc":{"start":{"line":130,"column":32},"end":{"line":130,"column":60}},"locations":[{"start":{"line":130,"column":32},"end":{"line":130,"column":60}}]},"18":{"type":"branch","line":130,"loc":{"start":{"line":130,"column":60},"end":{"line":133,"column":29}},"locations":[{"start":{"line":130,"column":60},"end":{"line":133,"column":29}}]},"19":{"type":"branch","line":130,"loc":{"start":{"line":130,"column":60},"end":{"line":132,"column":3}},"locations":[{"start":{"line":130,"column":60},"end":{"line":132,"column":3}}]},"20":{"type":"branch","line":132,"loc":{"start":{"line":132,"column":2},"end":{"line":133,"column":29}},"locations":[{"start":{"line":132,"column":2},"end":{"line":133,"column":29}}]},"21":{"type":"branch","line":133,"loc":{"start":{"line":133,"column":29},"end":{"line":135,"column":3}},"locations":[{"start":{"line":133,"column":29},"end":{"line":135,"column":3}}]},"22":{"type":"branch","line":135,"loc":{"start":{"line":135,"column":2},"end":{"line":136,"column":54}},"locations":[{"start":{"line":135,"column":2},"end":{"line":136,"column":54}}]},"23":{"type":"branch","line":136,"loc":{"start":{"line":136,"column":49},"end":{"line":136,"column":93}},"locations":[{"start":{"line":136,"column":49},"end":{"line":136,"column":93}}]},"24":{"type":"branch","line":136,"loc":{"start":{"line":136,"column":93},"end":{"line":138,"column":3}},"locations":[{"start":{"line":136,"column":93},"end":{"line":138,"column":3}}]},"25":{"type":"branch","line":138,"loc":{"start":{"line":138,"column":2},"end":{"line":139,"column":34}},"locations":[{"start":{"line":138,"column":2},"end":{"line":139,"column":34}}]},"26":{"type":"branch","line":139,"loc":{"start":{"line":139,"column":34},"end":{"line":141,"column":3}},"locations":[{"start":{"line":139,"column":34},"end":{"line":141,"column":3}}]},"27":{"type":"branch","line":141,"loc":{"start":{"line":141,"column":2},"end":{"line":142,"column":35}},"locations":[{"start":{"line":141,"column":2},"end":{"line":142,"column":35}}]},"28":{"type":"branch","line":142,"loc":{"start":{"line":142,"column":35},"end":{"line":144,"column":3}},"locations":[{"start":{"line":142,"column":35},"end":{"line":144,"column":3}}]},"29":{"type":"branch","line":144,"loc":{"start":{"line":144,"column":2},"end":{"line":146,"column":2}},"locations":[{"start":{"line":144,"column":2},"end":{"line":146,"column":2}}]}},"b":{"0":[16],"1":[1],"2":[6],"3":[1],"4":[9],"5":[1],"6":[6],"7":[1],"8":[5],"9":[1],"10":[25],"11":[24],"12":[2],"13":[23],"14":[22],"15":[1],"16":[22],"17":[14],"18":[18],"19":[8],"20":[14],"21":[1],"22":[13],"23":[12],"24":[2],"25":[11],"26":[1],"27":[10],"28":[1],"29":[9]},"fnMap":{"0":{"name":"calculateTransport","decl":{"start":{"line":49,"column":34},"end":{"line":52,"column":2}},"loc":{"start":{"line":49,"column":34},"end":{"line":52,"column":2}},"line":49},"1":{"name":"calculateEnergy","decl":{"start":{"line":60,"column":31},"end":{"line":63,"column":2}},"loc":{"start":{"line":60,"column":31},"end":{"line":63,"column":2}},"line":60},"2":{"name":"calculateFood","decl":{"start":{"line":71,"column":29},"end":{"line":74,"column":2}},"loc":{"start":{"line":71,"column":29},"end":{"line":74,"column":2}},"line":71},"3":{"name":"calculateShopping","decl":{"start":{"line":82,"column":33},"end":{"line":85,"column":2}},"loc":{"start":{"line":82,"column":33},"end":{"line":85,"column":2}},"line":82},"4":{"name":"getLabel","decl":{"start":{"line":90,"column":24},"end":{"line":118,"column":2}},"loc":{"start":{"line":90,"column":24},"end":{"line":118,"column":2}},"line":90},"5":{"name":"getUnit","decl":{"start":{"line":123,"column":23},"end":{"line":146,"column":2}},"loc":{"start":{"line":123,"column":23},"end":{"line":146,"column":2}},"line":123}},"f":{"0":16,"1":6,"2":9,"3":6,"4":5,"5":25}}
}
