{"C:\\Users\\srich\\OneDrive\\Documents\\carbon footprints analyzer\\src\\App.jsx": {"path":"C:\\Users\\srich\\OneDrive\\Documents\\carbon footprints analyzer\\src\\App.jsx","all":false,"statementMap":{"0":{"start":{"line":1,"column":0},"end":{"line":1,"column":83}},"1":{"start":{"line":2,"column":0},"end":{"line":2,"column":9}},"11":{"start":{"line":12,"column":0},"end":{"line":12,"column":56}},"14":{"start":{"line":15,"column":0},"end":{"line":15,"column":69}},"15":{"start":{"line":16,"column":0},"end":{"line":16,"column":71}},"16":{"start":{"line":17,"column":0},"end":{"line":17,"column":81}},"17":{"start":{"line":18,"column":0},"end":{"line":18,"column":71}},"20":{"start":{"line":21,"column":0},"end":{"line":21,"column":23}},"21":{"start":{"line":22,"column":0},"end":{"line":22,"column":10}},"22":{"start":{"line":23,"column":0},"end":{"line":23,"column":113}},"23":{"start":{"line":24,"column":0},"end":{"line":24,"column":95}},"24":{"start":{"line":25,"column":0},"end":{"line":25,"column":115}},"25":{"start":{"line":26,"column":0},"end":{"line":26,"column":10}},"27":{"start":{"line":28,"column":0},"end":{"line":28,"column":1}},"30":{"start":{"line":31,"column":0},"end":{"line":31,"column":19}},"31":{"start":{"line":32,"column":0},"end":{"line":32,"column":3}},"32":{"start":{"line":33,"column":0},"end":{"line":33,"column":21}},"33":{"start":{"line":34,"column":0},"end":{"line":34,"column":85}},"34":{"start":{"line":35,"column":0},"end":{"line":35,"column":26}},"35":{"start":{"line":36,"column":0},"end":{"line":36,"column":23}},"36":{"start":{"line":37,"column":0},"end":{"line":37,"column":16}},"37":{"start":{"line":38,"column":0},"end":{"line":38,"column":14}},"38":{"start":{"line":39,"column":0},"end":{"line":39,"column":51}},"39":{"start":{"line":40,"column":0},"end":{"line":40,"column":4}},"40":{"start":{"line":41,"column":0},"end":{"line":41,"column":3}},"41":{"start":{"line":42,"column":0},"end":{"line":42,"column":21}},"42":{"start":{"line":43,"column":0},"end":{"line":43,"column":85}},"43":{"start":{"line":44,"column":0},"end":{"line":44,"column":23}},"44":{"start":{"line":45,"column":0},"end":{"line":45,"column":29}},"45":{"start":{"line":46,"column":0},"end":{"line":46,"column":16}},"46":{"start":{"line":47,"column":0},"end":{"line":47,"column":14}},"47":{"start":{"line":48,"column":0},"end":{"line":48,"column":61}},"48":{"start":{"line":49,"column":0},"end":{"line":49,"column":4}},"49":{"start":{"line":50,"column":0},"end":{"line":50,"column":3}},"50":{"start":{"line":51,"column":0},"end":{"line":51,"column":21}},"51":{"start":{"line":52,"column":0},"end":{"line":52,"column":85}},"52":{"start":{"line":53,"column":0},"end":{"line":53,"column":21}},"53":{"start":{"line":54,"column":0},"end":{"line":54,"column":24}},"54":{"start":{"line":55,"column":0},"end":{"line":55,"column":14}},"55":{"start":{"line":56,"column":0},"end":{"line":56,"column":14}},"56":{"start":{"line":57,"column":0},"end":{"line":57,"column":47}},"57":{"start":{"line":58,"column":0},"end":{"line":58,"column":4}},"58":{"start":{"line":59,"column":0},"end":{"line":59,"column":3}},"59":{"start":{"line":60,"column":0},"end":{"line":60,"column":21}},"60":{"start":{"line":61,"column":0},"end":{"line":61,"column":49}},"61":{"start":{"line":62,"column":0},"end":{"line":62,"column":25}},"62":{"start":{"line":63,"column":0},"end":{"line":63,"column":26}},"63":{"start":{"line":64,"column":0},"end":{"line":64,"column":14}},"64":{"start":{"line":65,"column":0},"end":{"line":65,"column":14}},"65":{"start":{"line":66,"column":0},"end":{"line":66,"column":36}},"66":{"start":{"line":67,"column":0},"end":{"line":67,"column":3}},"67":{"start":{"line":68,"column":0},"end":{"line":68,"column":2}},"69":{"start":{"line":70,"column":0},"end":{"line":70,"column":31}},"70":{"start":{"line":71,"column":0},"end":{"line":71,"column":48}},"71":{"start":{"line":72,"column":0},"end":{"line":72,"column":56}},"74":{"start":{"line":75,"column":0},"end":{"line":75,"column":42}},"75":{"start":{"line":76,"column":0},"end":{"line":76,"column":58}},"76":{"start":{"line":77,"column":0},"end":{"line":77,"column":49}},"77":{"start":{"line":78,"column":0},"end":{"line":78,"column":5}},"79":{"start":{"line":80,"column":0},"end":{"line":80,"column":66}},"80":{"start":{"line":81,"column":0},"end":{"line":81,"column":64}},"81":{"start":{"line":82,"column":0},"end":{"line":82,"column":62}},"82":{"start":{"line":83,"column":0},"end":{"line":83,"column":5}},"84":{"start":{"line":85,"column":0},"end":{"line":85,"column":72}},"85":{"start":{"line":86,"column":0},"end":{"line":86,"column":67}},"86":{"start":{"line":87,"column":0},"end":{"line":87,"column":42}},"87":{"start":{"line":88,"column":0},"end":{"line":88,"column":5}},"90":{"start":{"line":91,"column":0},"end":{"line":91,"column":19}},"91":{"start":{"line":92,"column":0},"end":{"line":92,"column":66}},"92":{"start":{"line":93,"column":0},"end":{"line":93,"column":13}},"94":{"start":{"line":95,"column":0},"end":{"line":95,"column":19}},"95":{"start":{"line":96,"column":0},"end":{"line":96,"column":84}},"96":{"start":{"line":97,"column":0},"end":{"line":97,"column":25}},"98":{"start":{"line":99,"column":0},"end":{"line":99,"column":19}},"99":{"start":{"line":100,"column":0},"end":{"line":100,"column":90}},"100":{"start":{"line":101,"column":0},"end":{"line":101,"column":28}},"103":{"start":{"line":104,"column":0},"end":{"line":104,"column":49}},"104":{"start":{"line":105,"column":0},"end":{"line":105,"column":57}},"105":{"start":{"line":106,"column":0},"end":{"line":106,"column":119}},"106":{"start":{"line":107,"column":0},"end":{"line":107,"column":121}},"107":{"start":{"line":108,"column":0},"end":{"line":108,"column":100}},"108":{"start":{"line":109,"column":0},"end":{"line":109,"column":67}},"109":{"start":{"line":110,"column":0},"end":{"line":110,"column":96}},"110":{"start":{"line":111,"column":0},"end":{"line":111,"column":112}},"112":{"start":{"line":113,"column":0},"end":{"line":113,"column":12}},"113":{"start":{"line":114,"column":0},"end":{"line":114,"column":17}},"114":{"start":{"line":115,"column":0},"end":{"line":115,"column":21}},"115":{"start":{"line":116,"column":0},"end":{"line":116,"column":29}},"116":{"start":{"line":117,"column":0},"end":{"line":117,"column":19}},"117":{"start":{"line":118,"column":0},"end":{"line":118,"column":21}},"118":{"start":{"line":119,"column":0},"end":{"line":119,"column":27}},"119":{"start":{"line":120,"column":0},"end":{"line":120,"column":24}},"120":{"start":{"line":121,"column":0},"end":{"line":121,"column":6}},"121":{"start":{"line":122,"column":0},"end":{"line":122,"column":9}},"124":{"start":{"line":125,"column":0},"end":{"line":125,"column":48}},"125":{"start":{"line":126,"column":0},"end":{"line":126,"column":46}},"126":{"start":{"line":127,"column":0},"end":{"line":127,"column":41}},"127":{"start":{"line":128,"column":0},"end":{"line":128,"column":25}},"129":{"start":{"line":130,"column":0},"end":{"line":130,"column":47}},"130":{"start":{"line":131,"column":0},"end":{"line":131,"column":53}},"131":{"start":{"line":132,"column":0},"end":{"line":132,"column":59}},"132":{"start":{"line":133,"column":0},"end":{"line":133,"column":9}},"135":{"start":{"line":136,"column":0},"end":{"line":136,"column":53}},"136":{"start":{"line":137,"column":0},"end":{"line":137,"column":53}},"137":{"start":{"line":138,"column":0},"end":{"line":138,"column":33}},"138":{"start":{"line":139,"column":0},"end":{"line":139,"column":35}},"139":{"start":{"line":140,"column":0},"end":{"line":140,"column":33}},"140":{"start":{"line":141,"column":0},"end":{"line":141,"column":7}},"141":{"start":{"line":142,"column":0},"end":{"line":142,"column":18}},"142":{"start":{"line":143,"column":0},"end":{"line":143,"column":7}},"143":{"start":{"line":144,"column":0},"end":{"line":144,"column":9}},"145":{"start":{"line":146,"column":0},"end":{"line":146,"column":55}},"146":{"start":{"line":147,"column":0},"end":{"line":147,"column":53}},"147":{"start":{"line":148,"column":0},"end":{"line":148,"column":60}},"148":{"start":{"line":149,"column":0},"end":{"line":149,"column":27}},"150":{"start":{"line":151,"column":0},"end":{"line":151,"column":68}},"152":{"start":{"line":153,"column":0},"end":{"line":153,"column":36}},"153":{"start":{"line":154,"column":0},"end":{"line":154,"column":35}},"154":{"start":{"line":155,"column":0},"end":{"line":155,"column":27}},"155":{"start":{"line":156,"column":0},"end":{"line":156,"column":47}},"156":{"start":{"line":157,"column":0},"end":{"line":157,"column":55}},"157":{"start":{"line":158,"column":0},"end":{"line":158,"column":39}},"158":{"start":{"line":159,"column":0},"end":{"line":159,"column":37}},"159":{"start":{"line":160,"column":0},"end":{"line":160,"column":25}},"160":{"start":{"line":161,"column":0},"end":{"line":161,"column":69}},"161":{"start":{"line":162,"column":0},"end":{"line":162,"column":10}},"163":{"start":{"line":164,"column":0},"end":{"line":164,"column":32}},"164":{"start":{"line":165,"column":0},"end":{"line":165,"column":33}},"165":{"start":{"line":166,"column":0},"end":{"line":166,"column":7}},"166":{"start":{"line":167,"column":0},"end":{"line":167,"column":18}},"167":{"start":{"line":168,"column":0},"end":{"line":168,"column":7}},"168":{"start":{"line":169,"column":0},"end":{"line":169,"column":21}},"170":{"start":{"line":171,"column":0},"end":{"line":171,"column":53}},"171":{"start":{"line":172,"column":0},"end":{"line":172,"column":53}},"172":{"start":{"line":173,"column":0},"end":{"line":173,"column":68}},"173":{"start":{"line":174,"column":0},"end":{"line":174,"column":9}},"176":{"start":{"line":177,"column":0},"end":{"line":177,"column":44}},"177":{"start":{"line":178,"column":0},"end":{"line":178,"column":52}},"178":{"start":{"line":179,"column":0},"end":{"line":179,"column":51}},"179":{"start":{"line":180,"column":0},"end":{"line":180,"column":44}},"180":{"start":{"line":181,"column":0},"end":{"line":181,"column":10}},"181":{"start":{"line":182,"column":0},"end":{"line":182,"column":28}},"183":{"start":{"line":184,"column":0},"end":{"line":184,"column":50}},"184":{"start":{"line":185,"column":0},"end":{"line":185,"column":20}},"185":{"start":{"line":186,"column":0},"end":{"line":186,"column":26}},"186":{"start":{"line":187,"column":0},"end":{"line":187,"column":9}},"188":{"start":{"line":189,"column":0},"end":{"line":189,"column":10}},"189":{"start":{"line":190,"column":0},"end":{"line":190,"column":35}},"191":{"start":{"line":192,"column":0},"end":{"line":192,"column":40}},"192":{"start":{"line":193,"column":0},"end":{"line":193,"column":60}},"193":{"start":{"line":194,"column":0},"end":{"line":194,"column":69}},"194":{"start":{"line":195,"column":0},"end":{"line":195,"column":57}},"195":{"start":{"line":196,"column":0},"end":{"line":196,"column":14}},"196":{"start":{"line":197,"column":0},"end":{"line":197,"column":16}},"197":{"start":{"line":198,"column":0},"end":{"line":198,"column":34}},"198":{"start":{"line":199,"column":0},"end":{"line":199,"column":56}},"199":{"start":{"line":200,"column":0},"end":{"line":200,"column":85}},"201":{"start":{"line":202,"column":0},"end":{"line":202,"column":62}},"202":{"start":{"line":203,"column":0},"end":{"line":203,"column":17}},"203":{"start":{"line":204,"column":0},"end":{"line":204,"column":15}},"206":{"start":{"line":207,"column":0},"end":{"line":207,"column":64}},"207":{"start":{"line":208,"column":0},"end":{"line":208,"column":38}},"208":{"start":{"line":209,"column":0},"end":{"line":209,"column":133}},"209":{"start":{"line":210,"column":0},"end":{"line":210,"column":57}},"210":{"start":{"line":211,"column":0},"end":{"line":211,"column":14}},"212":{"start":{"line":213,"column":0},"end":{"line":213,"column":65}},"213":{"start":{"line":214,"column":0},"end":{"line":214,"column":36}},"214":{"start":{"line":215,"column":0},"end":{"line":215,"column":16}},"215":{"start":{"line":216,"column":0},"end":{"line":216,"column":22}},"216":{"start":{"line":217,"column":0},"end":{"line":217,"column":29}},"217":{"start":{"line":218,"column":0},"end":{"line":218,"column":78}},"218":{"start":{"line":219,"column":0},"end":{"line":219,"column":59}},"220":{"start":{"line":221,"column":0},"end":{"line":221,"column":85}},"221":{"start":{"line":222,"column":0},"end":{"line":222,"column":38}},"222":{"start":{"line":223,"column":0},"end":{"line":223,"column":23}},"223":{"start":{"line":224,"column":0},"end":{"line":224,"column":17}},"224":{"start":{"line":225,"column":0},"end":{"line":225,"column":16}},"225":{"start":{"line":226,"column":0},"end":{"line":226,"column":22}},"226":{"start":{"line":227,"column":0},"end":{"line":227,"column":29}},"227":{"start":{"line":228,"column":0},"end":{"line":228,"column":74}},"228":{"start":{"line":229,"column":0},"end":{"line":229,"column":55}},"230":{"start":{"line":231,"column":0},"end":{"line":231,"column":80}},"231":{"start":{"line":232,"column":0},"end":{"line":232,"column":44}},"232":{"start":{"line":233,"column":0},"end":{"line":233,"column":23}},"233":{"start":{"line":234,"column":0},"end":{"line":234,"column":17}},"234":{"start":{"line":235,"column":0},"end":{"line":235,"column":16}},"235":{"start":{"line":236,"column":0},"end":{"line":236,"column":22}},"236":{"start":{"line":237,"column":0},"end":{"line":237,"column":29}},"237":{"start":{"line":238,"column":0},"end":{"line":238,"column":77}},"238":{"start":{"line":239,"column":0},"end":{"line":239,"column":58}},"240":{"start":{"line":241,"column":0},"end":{"line":241,"column":75}},"241":{"start":{"line":242,"column":0},"end":{"line":242,"column":46}},"242":{"start":{"line":243,"column":0},"end":{"line":243,"column":23}},"243":{"start":{"line":244,"column":0},"end":{"line":244,"column":17}},"244":{"start":{"line":245,"column":0},"end":{"line":245,"column":16}},"245":{"start":{"line":246,"column":0},"end":{"line":246,"column":22}},"246":{"start":{"line":247,"column":0},"end":{"line":247,"column":29}},"247":{"start":{"line":248,"column":0},"end":{"line":248,"column":76}},"248":{"start":{"line":249,"column":0},"end":{"line":249,"column":57}},"250":{"start":{"line":251,"column":0},"end":{"line":251,"column":75}},"251":{"start":{"line":252,"column":0},"end":{"line":252,"column":40}},"252":{"start":{"line":253,"column":0},"end":{"line":253,"column":23}},"253":{"start":{"line":254,"column":0},"end":{"line":254,"column":17}},"254":{"start":{"line":255,"column":0},"end":{"line":255,"column":15}},"255":{"start":{"line":256,"column":0},"end":{"line":256,"column":14}},"257":{"start":{"line":258,"column":0},"end":{"line":258,"column":40}},"258":{"start":{"line":259,"column":0},"end":{"line":259,"column":78}},"259":{"start":{"line":260,"column":0},"end":{"line":260,"column":60}},"260":{"start":{"line":261,"column":0},"end":{"line":261,"column":32}},"261":{"start":{"line":262,"column":0},"end":{"line":262,"column":18}},"262":{"start":{"line":263,"column":0},"end":{"line":263,"column":39}},"263":{"start":{"line":264,"column":0},"end":{"line":264,"column":43}},"264":{"start":{"line":265,"column":0},"end":{"line":265,"column":68}},"265":{"start":{"line":266,"column":0},"end":{"line":266,"column":18}},"266":{"start":{"line":267,"column":0},"end":{"line":267,"column":16}},"267":{"start":{"line":268,"column":0},"end":{"line":268,"column":14}},"268":{"start":{"line":269,"column":0},"end":{"line":269,"column":14}},"271":{"start":{"line":272,"column":0},"end":{"line":272,"column":60}},"272":{"start":{"line":273,"column":0},"end":{"line":273,"column":44}},"273":{"start":{"line":274,"column":0},"end":{"line":274,"column":36}},"274":{"start":{"line":275,"column":0},"end":{"line":275,"column":23}},"275":{"start":{"line":276,"column":0},"end":{"line":276,"column":26}},"276":{"start":{"line":277,"column":0},"end":{"line":277,"column":50}},"277":{"start":{"line":278,"column":0},"end":{"line":278,"column":56}},"278":{"start":{"line":279,"column":0},"end":{"line":279,"column":38}},"279":{"start":{"line":280,"column":0},"end":{"line":280,"column":38}},"280":{"start":{"line":281,"column":0},"end":{"line":281,"column":14}},"283":{"start":{"line":284,"column":0},"end":{"line":284,"column":32}},"284":{"start":{"line":285,"column":0},"end":{"line":285,"column":24}},"285":{"start":{"line":286,"column":0},"end":{"line":286,"column":38}},"286":{"start":{"line":287,"column":0},"end":{"line":287,"column":14}},"289":{"start":{"line":290,"column":0},"end":{"line":290,"column":35}},"290":{"start":{"line":291,"column":0},"end":{"line":291,"column":29}},"291":{"start":{"line":292,"column":0},"end":{"line":292,"column":25}},"292":{"start":{"line":293,"column":0},"end":{"line":293,"column":49}},"293":{"start":{"line":294,"column":0},"end":{"line":294,"column":55}},"294":{"start":{"line":295,"column":0},"end":{"line":295,"column":37}},"295":{"start":{"line":296,"column":0},"end":{"line":296,"column":55}},"296":{"start":{"line":297,"column":0},"end":{"line":297,"column":59}},"297":{"start":{"line":298,"column":0},"end":{"line":298,"column":55}},"298":{"start":{"line":299,"column":0},"end":{"line":299,"column":14}},"301":{"start":{"line":302,"column":0},"end":{"line":302,"column":34}},"302":{"start":{"line":303,"column":0},"end":{"line":303,"column":24}},"303":{"start":{"line":304,"column":0},"end":{"line":304,"column":26}},"304":{"start":{"line":305,"column":0},"end":{"line":305,"column":44}},"305":{"start":{"line":306,"column":0},"end":{"line":306,"column":14}},"307":{"start":{"line":308,"column":0},"end":{"line":308,"column":19}},"308":{"start":{"line":309,"column":0},"end":{"line":309,"column":13}},"309":{"start":{"line":310,"column":0},"end":{"line":310,"column":10}},"311":{"start":{"line":312,"column":0},"end":{"line":312,"column":1}}},"s":{"0":1,"1":1,"11":1,"14":1,"15":1,"16":1,"17":1,"20":4,"21":4,"22":4,"23":4,"24":4,"25":4,"27":4,"30":1,"31":1,"32":1,"33":1,"34":1,"35":1,"36":1,"37":1,"38":1,"39":1,"40":1,"41":1,"42":1,"43":1,"44":1,"45":1,"46":1,"47":1,"48":1,"49":1,"50":1,"51":1,"52":1,"53":1,"54":1,"55":1,"56":1,"57":1,"58":1,"59":1,"60":1,"61":1,"62":1,"63":1,"64":1,"65":1,"66":1,"67":1,"69":5,"70":5,"71":5,"74":5,"75":2,"76":2,"77":5,"79":5,"80":2,"81":2,"82":5,"84":5,"85":2,"86":2,"87":5,"90":5,"91":2,"92":5,"94":5,"95":2,"96":5,"98":5,"99":2,"100":5,"103":5,"104":0,"105":0,"106":0,"107":0,"108":0,"109":0,"110":0,"112":0,"113":0,"114":0,"115":0,"116":0,"117":0,"118":0,"119":0,"120":0,"121":5,"124":5,"125":0,"126":0,"127":5,"129":5,"130":0,"131":0,"132":5,"135":5,"136":0,"137":0,"138":0,"139":0,"140":0,"141":0,"142":0,"143":5,"145":5,"146":0,"147":0,"148":0,"150":0,"152":0,"153":0,"154":0,"155":0,"156":0,"157":0,"158":0,"159":0,"160":0,"161":0,"163":0,"164":0,"165":0,"166":0,"167":0,"168":5,"170":5,"171":0,"172":0,"173":5,"176":5,"177":2,"178":0,"179":0,"180":2,"181":5,"183":5,"184":3,"185":3,"186":5,"188":5,"189":5,"191":5,"192":5,"193":5,"194":5,"195":5,"196":5,"197":5,"198":5,"199":5,"201":5,"202":5,"203":5,"206":5,"207":5,"208":5,"209":5,"210":5,"212":5,"213":5,"214":5,"215":5,"216":5,"217":5,"218":5,"220":5,"221":5,"222":5,"223":5,"224":5,"225":5,"226":5,"227":5,"228":5,"230":5,"231":5,"232":5,"233":5,"234":5,"235":5,"236":5,"237":5,"238":5,"240":5,"241":5,"242":5,"243":5,"244":5,"245":5,"246":5,"247":5,"248":5,"250":5,"251":5,"252":5,"253":5,"254":5,"255":5,"257":5,"258":5,"259":5,"260":5,"261":5,"262":5,"263":5,"264":5,"265":5,"266":5,"267":5,"268":5,"271":5,"272":5,"273":5,"274":2,"275":2,"276":2,"277":2,"278":2,"279":2,"280":2,"283":5,"284":1,"285":1,"286":1,"289":5,"290":1,"291":1,"292":1,"293":1,"294":1,"295":1,"296":1,"297":1,"298":1,"301":5,"302":1,"303":1,"304":1,"305":1,"307":5,"308":5,"309":5,"311":5},"branchMap":{"0":{"type":"branch","line":15,"loc":{"start":{"line":15,"column":29},"end":{"line":15,"column":69}},"locations":[{"start":{"line":15,"column":29},"end":{"line":15,"column":69}}]},"1":{"type":"branch","line":16,"loc":{"start":{"line":16,"column":30},"end":{"line":16,"column":71}},"locations":[{"start":{"line":16,"column":30},"end":{"line":16,"column":71}}]},"2":{"type":"branch","line":17,"loc":{"start":{"line":17,"column":35},"end":{"line":17,"column":81}},"locations":[{"start":{"line":17,"column":35},"end":{"line":17,"column":81}}]},"3":{"type":"branch","line":18,"loc":{"start":{"line":18,"column":30},"end":{"line":18,"column":71}},"locations":[{"start":{"line":18,"column":30},"end":{"line":18,"column":71}}]},"4":{"type":"branch","line":21,"loc":{"start":{"line":21,"column":0},"end":{"line":28,"column":1}},"locations":[{"start":{"line":21,"column":0},"end":{"line":28,"column":1}}]},"5":{"type":"branch","line":70,"loc":{"start":{"line":70,"column":0},"end":{"line":312,"column":1}},"locations":[{"start":{"line":70,"column":0},"end":{"line":312,"column":1}}]},"6":{"type":"branch","line":200,"loc":{"start":{"line":200,"column":22},"end":{"line":200,"column":62}},"locations":[{"start":{"line":200,"column":22},"end":{"line":200,"column":62}}]},"7":{"type":"branch","line":202,"loc":{"start":{"line":202,"column":11},"end":{"line":202,"column":43}},"locations":[{"start":{"line":202,"column":11},"end":{"line":202,"column":43}}]},"8":{"type":"branch","line":207,"loc":{"start":{"line":207,"column":35},"end":{"line":207,"column":58}},"locations":[{"start":{"line":207,"column":35},"end":{"line":207,"column":58}}]},"9":{"type":"branch","line":218,"loc":{"start":{"line":218,"column":48},"end":{"line":218,"column":73}},"locations":[{"start":{"line":218,"column":48},"end":{"line":218,"column":73}}]},"10":{"type":"branch","line":218,"loc":{"start":{"line":218,"column":62},"end":{"line":218,"column":75}},"locations":[{"start":{"line":218,"column":62},"end":{"line":218,"column":75}}]},"11":{"type":"branch","line":228,"loc":{"start":{"line":228,"column":48},"end":{"line":228,"column":69}},"locations":[{"start":{"line":228,"column":48},"end":{"line":228,"column":69}}]},"12":{"type":"branch","line":228,"loc":{"start":{"line":228,"column":58},"end":{"line":228,"column":71}},"locations":[{"start":{"line":228,"column":58},"end":{"line":228,"column":71}}]},"13":{"type":"branch","line":238,"loc":{"start":{"line":238,"column":48},"end":{"line":238,"column":72}},"locations":[{"start":{"line":238,"column":48},"end":{"line":238,"column":72}}]},"14":{"type":"branch","line":238,"loc":{"start":{"line":238,"column":61},"end":{"line":238,"column":74}},"locations":[{"start":{"line":238,"column":61},"end":{"line":238,"column":74}}]},"15":{"type":"branch","line":248,"loc":{"start":{"line":248,"column":48},"end":{"line":248,"column":71}},"locations":[{"start":{"line":248,"column":48},"end":{"line":248,"column":71}}]},"16":{"type":"branch","line":248,"loc":{"start":{"line":248,"column":60},"end":{"line":248,"column":73}},"locations":[{"start":{"line":248,"column":60},"end":{"line":248,"column":73}}]},"17":{"type":"branch","line":274,"loc":{"start":{"line":274,"column":20},"end":{"line":281,"column":14}},"locations":[{"start":{"line":274,"column":20},"end":{"line":281,"column":14}}]},"18":{"type":"branch","line":284,"loc":{"start":{"line":284,"column":20},"end":{"line":287,"column":14}},"locations":[{"start":{"line":284,"column":20},"end":{"line":287,"column":14}}]},"19":{"type":"branch","line":290,"loc":{"start":{"line":290,"column":20},"end":{"line":299,"column":14}},"locations":[{"start":{"line":290,"column":20},"end":{"line":299,"column":14}}]},"20":{"type":"branch","line":302,"loc":{"start":{"line":302,"column":20},"end":{"line":306,"column":14}},"locations":[{"start":{"line":302,"column":20},"end":{"line":306,"column":14}}]},"21":{"type":"branch","line":75,"loc":{"start":{"line":75,"column":35},"end":{"line":78,"column":3}},"locations":[{"start":{"line":75,"column":35},"end":{"line":78,"column":3}}]},"22":{"type":"branch","line":77,"loc":{"start":{"line":77,"column":11},"end":{"line":77,"column":39}},"locations":[{"start":{"line":77,"column":11},"end":{"line":77,"column":39}}]},"23":{"type":"branch","line":80,"loc":{"start":{"line":80,"column":59},"end":{"line":83,"column":3}},"locations":[{"start":{"line":80,"column":59},"end":{"line":83,"column":3}}]},"24":{"type":"branch","line":82,"loc":{"start":{"line":82,"column":11},"end":{"line":82,"column":39}},"locations":[{"start":{"line":82,"column":11},"end":{"line":82,"column":39}}]},"25":{"type":"branch","line":85,"loc":{"start":{"line":85,"column":65},"end":{"line":88,"column":3}},"locations":[{"start":{"line":85,"column":65},"end":{"line":88,"column":3}}]},"26":{"type":"branch","line":87,"loc":{"start":{"line":87,"column":11},"end":{"line":87,"column":39}},"locations":[{"start":{"line":87,"column":11},"end":{"line":87,"column":39}}]},"27":{"type":"branch","line":91,"loc":{"start":{"line":91,"column":12},"end":{"line":93,"column":5}},"locations":[{"start":{"line":91,"column":12},"end":{"line":93,"column":5}}]},"28":{"type":"branch","line":95,"loc":{"start":{"line":95,"column":12},"end":{"line":97,"column":5}},"locations":[{"start":{"line":95,"column":12},"end":{"line":97,"column":5}}]},"29":{"type":"branch","line":99,"loc":{"start":{"line":99,"column":12},"end":{"line":101,"column":5}},"locations":[{"start":{"line":99,"column":12},"end":{"line":101,"column":5}}]},"30":{"type":"branch","line":177,"loc":{"start":{"line":177,"column":37},"end":{"line":182,"column":5}},"locations":[{"start":{"line":177,"column":37},"end":{"line":182,"column":5}}]},"31":{"type":"branch","line":184,"loc":{"start":{"line":184,"column":37},"end":{"line":187,"column":5}},"locations":[{"start":{"line":184,"column":37},"end":{"line":187,"column":5}}]},"32":{"type":"branch","line":229,"loc":{"start":{"line":229,"column":25},"end":{"line":229,"column":55}},"locations":[{"start":{"line":229,"column":25},"end":{"line":229,"column":55}}]},"33":{"type":"branch","line":239,"loc":{"start":{"line":239,"column":25},"end":{"line":239,"column":58}},"locations":[{"start":{"line":239,"column":25},"end":{"line":239,"column":58}}]},"34":{"type":"branch","line":249,"loc":{"start":{"line":249,"column":25},"end":{"line":249,"column":57}},"locations":[{"start":{"line":249,"column":25},"end":{"line":249,"column":57}}]}},"b":{"0":[1],"1":[1],"2":[1],"3":[1],"4":[4],"5":[5],"6":[0],"7":[0],"8":[0],"9":[2],"10":[3],"11":[1],"12":[4],"13":[1],"14":[4],"15":[1],"16":[4],"17":[2],"18":[1],"19":[1],"20":[1],"21":[2],"22":[0],"23":[2],"24":[0],"25":[2],"26":[0],"27":[2],"28":[2],"29":[2],"30":[2],"31":[3],"32":[1],"33":[1],"34":[1]},"fnMap":{"0":{"name":"ViewLoader","decl":{"start":{"line":21,"column":0},"end":{"line":28,"column":1}},"loc":{"start":{"line":21,"column":0},"end":{"line":28,"column":1}},"line":21},"1":{"name":"App","decl":{"start":{"line":70,"column":0},"end":{"line":312,"column":1}},"loc":{"start":{"line":70,"column":0},"end":{"line":312,"column":1}},"line":70},"2":{"name":"onClick","decl":{"start":{"line":199,"column":19},"end":{"line":199,"column":56}},"loc":{"start":{"line":199,"column":19},"end":{"line":199,"column":56}},"line":199},"3":{"name":"onClick","decl":{"start":{"line":219,"column":25},"end":{"line":219,"column":59}},"loc":{"start":{"line":219,"column":25},"end":{"line":219,"column":59}},"line":219},"4":{"name":"onClick","decl":{"start":{"line":229,"column":25},"end":{"line":229,"column":55}},"loc":{"start":{"line":229,"column":25},"end":{"line":229,"column":55}},"line":229},"5":{"name":"onClick","decl":{"start":{"line":239,"column":25},"end":{"line":239,"column":58}},"loc":{"start":{"line":239,"column":25},"end":{"line":239,"column":58}},"line":239},"6":{"name":"onClick","decl":{"start":{"line":249,"column":25},"end":{"line":249,"column":57}},"loc":{"start":{"line":249,"column":25},"end":{"line":249,"column":57}},"line":249}},"f":{"0":4,"1":5,"2":0,"3":0,"4":1,"5":1,"6":1}}
,"C:\\Users\\srich\\OneDrive\\Documents\\carbon footprints analyzer\\src\\main.jsx": {"path":"C:\\Users\\srich\\OneDrive\\Documents\\carbon footprints analyzer\\src\\main.jsx","all":true,"statementMap":{"0":{"start":{"line":1,"column":0},"end":{"line":1,"column":34}},"1":{"start":{"line":2,"column":0},"end":{"line":2,"column":45}},"2":{"start":{"line":3,"column":0},"end":{"line":3,"column":20}},"3":{"start":{"line":4,"column":0},"end":{"line":4,"column":27}},"4":{"start":{"line":5,"column":0},"end":{"line":5,"column":0}},"5":{"start":{"line":6,"column":0},"end":{"line":6,"column":51}},"6":{"start":{"line":7,"column":0},"end":{"line":7,"column":14}},"7":{"start":{"line":8,"column":0},"end":{"line":8,"column":11}},"8":{"start":{"line":9,"column":0},"end":{"line":9,"column":16}},"9":{"start":{"line":10,"column":0},"end":{"line":10,"column":1}}},"s":{"0":0,"1":0,"2":0,"3":0,"4":0,"5":0,"6":0,"7":0,"8":0,"9":0},"branchMap":{"0":{"type":"branch","line":1,"loc":{"start":{"line":1,"column":0},"end":{"line":10,"column":1}},"locations":[{"start":{"line":1,"column":0},"end":{"line":10,"column":1}}]}},"b":{"0":[0]},"fnMap":{"0":{"name":"(empty-report)","decl":{"start":{"line":1,"column":0},"end":{"line":10,"column":1}},"loc":{"start":{"line":1,"column":0},"end":{"line":10,"column":1}},"line":1}},"f":{"0":0}}
,"C:\\Users\\srich\\OneDrive\\Documents\\carbon footprints analyzer\\src\\components\\Calculator.jsx": {"path":"C:\\Users\\srich\\OneDrive\\Documents\\carbon footprints analyzer\\src\\components\\Calculator.jsx","all":false,"statementMap":{"0":{"start":{"line":1,"column":0},"end":{"line":1,"column":51}},"1":{"start":{"line":2,"column":0},"end":{"line":2,"column":9}},"11":{"start":{"line":12,"column":0},"end":{"line":12,"column":9}},"19":{"start":{"line":20,"column":0},"end":{"line":20,"column":29}},"20":{"start":{"line":21,"column":0},"end":{"line":21,"column":33}},"21":{"start":{"line":22,"column":0},"end":{"line":22,"column":33}},"22":{"start":{"line":23,"column":0},"end":{"line":23,"column":33}},"24":{"start":{"line":25,"column":0},"end":{"line":25,"column":50}},"25":{"start":{"line":26,"column":0},"end":{"line":26,"column":58}},"26":{"start":{"line":27,"column":0},"end":{"line":27,"column":52}},"27":{"start":{"line":28,"column":0},"end":{"line":28,"column":51}},"28":{"start":{"line":29,"column":0},"end":{"line":29,"column":49}},"31":{"start":{"line":32,"column":0},"end":{"line":32,"column":75}},"34":{"start":{"line":35,"column":0},"end":{"line":35,"column":67}},"35":{"start":{"line":36,"column":0},"end":{"line":36,"column":47}},"38":{"start":{"line":39,"column":0},"end":{"line":39,"column":67}},"39":{"start":{"line":40,"column":0},"end":{"line":40,"column":56}},"42":{"start":{"line":43,"column":0},"end":{"line":43,"column":58}},"43":{"start":{"line":44,"column":0},"end":{"line":44,"column":46}},"46":{"start":{"line":47,"column":0},"end":{"line":47,"column":76}},"47":{"start":{"line":48,"column":0},"end":{"line":48,"column":52}},"50":{"start":{"line":51,"column":0},"end":{"line":51,"column":54}},"53":{"start":{"line":54,"column":0},"end":{"line":54,"column":19}},"54":{"start":{"line":55,"column":0},"end":{"line":55,"column":16}},"55":{"start":{"line":56,"column":0},"end":{"line":56,"column":36}},"56":{"start":{"line":57,"column":0},"end":{"line":57,"column":56}},"57":{"start":{"line":58,"column":0},"end":{"line":58,"column":40}},"58":{"start":{"line":59,"column":0},"end":{"line":59,"column":54}},"59":{"start":{"line":60,"column":0},"end":{"line":60,"column":38}},"60":{"start":{"line":61,"column":0},"end":{"line":61,"column":46}},"61":{"start":{"line":62,"column":0},"end":{"line":62,"column":42}},"62":{"start":{"line":63,"column":0},"end":{"line":63,"column":61}},"63":{"start":{"line":64,"column":0},"end":{"line":64,"column":5}},"64":{"start":{"line":65,"column":0},"end":{"line":65,"column":25}},"65":{"start":{"line":66,"column":0},"end":{"line":66,"column":120}},"67":{"start":{"line":68,"column":0},"end":{"line":68,"column":31}},"68":{"start":{"line":69,"column":0},"end":{"line":69,"column":23}},"69":{"start":{"line":70,"column":0},"end":{"line":70,"column":21}},"72":{"start":{"line":73,"column":0},"end":{"line":73,"column":54}},"73":{"start":{"line":74,"column":0},"end":{"line":74,"column":50}},"74":{"start":{"line":75,"column":0},"end":{"line":75,"column":13}},"75":{"start":{"line":76,"column":0},"end":{"line":76,"column":5}},"77":{"start":{"line":78,"column":0},"end":{"line":78,"column":20}},"78":{"start":{"line":79,"column":0},"end":{"line":79,"column":30}},"79":{"start":{"line":80,"column":0},"end":{"line":80,"column":11}},"80":{"start":{"line":81,"column":0},"end":{"line":81,"column":26}},"81":{"start":{"line":82,"column":0},"end":{"line":82,"column":24}},"82":{"start":{"line":83,"column":0},"end":{"line":83,"column":6}},"84":{"start":{"line":85,"column":0},"end":{"line":85,"column":36}},"85":{"start":{"line":86,"column":0},"end":{"line":86,"column":44}},"86":{"start":{"line":87,"column":0},"end":{"line":87,"column":63}},"87":{"start":{"line":88,"column":0},"end":{"line":88,"column":15}},"88":{"start":{"line":89,"column":0},"end":{"line":89,"column":7}},"89":{"start":{"line":90,"column":0},"end":{"line":90,"column":36}},"90":{"start":{"line":91,"column":0},"end":{"line":91,"column":33}},"91":{"start":{"line":92,"column":0},"end":{"line":92,"column":73}},"92":{"start":{"line":93,"column":0},"end":{"line":93,"column":40}},"93":{"start":{"line":94,"column":0},"end":{"line":94,"column":52}},"94":{"start":{"line":95,"column":0},"end":{"line":95,"column":63}},"95":{"start":{"line":96,"column":0},"end":{"line":96,"column":15}},"96":{"start":{"line":97,"column":0},"end":{"line":97,"column":7}},"97":{"start":{"line":98,"column":0},"end":{"line":98,"column":33}},"98":{"start":{"line":99,"column":0},"end":{"line":99,"column":37}},"99":{"start":{"line":100,"column":0},"end":{"line":100,"column":93}},"100":{"start":{"line":101,"column":0},"end":{"line":101,"column":38}},"101":{"start":{"line":102,"column":0},"end":{"line":102,"column":61}},"102":{"start":{"line":103,"column":0},"end":{"line":103,"column":64}},"103":{"start":{"line":104,"column":0},"end":{"line":104,"column":15}},"104":{"start":{"line":105,"column":0},"end":{"line":105,"column":7}},"105":{"start":{"line":106,"column":0},"end":{"line":106,"column":31}},"106":{"start":{"line":107,"column":0},"end":{"line":107,"column":33}},"107":{"start":{"line":108,"column":0},"end":{"line":108,"column":69}},"108":{"start":{"line":109,"column":0},"end":{"line":109,"column":42}},"109":{"start":{"line":110,"column":0},"end":{"line":110,"column":70}},"110":{"start":{"line":111,"column":0},"end":{"line":111,"column":59}},"111":{"start":{"line":112,"column":0},"end":{"line":112,"column":15}},"112":{"start":{"line":113,"column":0},"end":{"line":113,"column":7}},"113":{"start":{"line":114,"column":0},"end":{"line":114,"column":39}},"114":{"start":{"line":115,"column":0},"end":{"line":115,"column":36}},"115":{"start":{"line":116,"column":0},"end":{"line":116,"column":73}},"116":{"start":{"line":117,"column":0},"end":{"line":117,"column":5}},"118":{"start":{"line":119,"column":0},"end":{"line":119,"column":23}},"121":{"start":{"line":122,"column":0},"end":{"line":122,"column":36}},"122":{"start":{"line":123,"column":0},"end":{"line":123,"column":23}},"123":{"start":{"line":124,"column":0},"end":{"line":124,"column":48}},"126":{"start":{"line":127,"column":0},"end":{"line":127,"column":51}},"127":{"start":{"line":128,"column":0},"end":{"line":128,"column":58}},"128":{"start":{"line":129,"column":0},"end":{"line":129,"column":50}},"129":{"start":{"line":130,"column":0},"end":{"line":130,"column":57}},"130":{"start":{"line":131,"column":0},"end":{"line":131,"column":4}},"132":{"start":{"line":133,"column":0},"end":{"line":133,"column":10}},"133":{"start":{"line":134,"column":0},"end":{"line":134,"column":37}},"134":{"start":{"line":135,"column":0},"end":{"line":135,"column":40}},"135":{"start":{"line":136,"column":0},"end":{"line":136,"column":13}},"136":{"start":{"line":137,"column":0},"end":{"line":137,"column":60}},"137":{"start":{"line":138,"column":0},"end":{"line":138,"column":119}},"138":{"start":{"line":139,"column":0},"end":{"line":139,"column":14}},"139":{"start":{"line":140,"column":0},"end":{"line":140,"column":36}},"140":{"start":{"line":141,"column":0},"end":{"line":141,"column":51}},"141":{"start":{"line":142,"column":0},"end":{"line":142,"column":84}},"142":{"start":{"line":143,"column":0},"end":{"line":143,"column":17}},"143":{"start":{"line":144,"column":0},"end":{"line":144,"column":25}},"144":{"start":{"line":145,"column":0},"end":{"line":145,"column":24}},"145":{"start":{"line":146,"column":0},"end":{"line":146,"column":25}},"146":{"start":{"line":147,"column":0},"end":{"line":147,"column":54}},"147":{"start":{"line":148,"column":0},"end":{"line":148,"column":21}},"148":{"start":{"line":149,"column":0},"end":{"line":149,"column":34}},"149":{"start":{"line":150,"column":0},"end":{"line":150,"column":30}},"150":{"start":{"line":151,"column":0},"end":{"line":151,"column":32}},"151":{"start":{"line":152,"column":0},"end":{"line":152,"column":36}},"152":{"start":{"line":153,"column":0},"end":{"line":153,"column":32}},"153":{"start":{"line":154,"column":0},"end":{"line":154,"column":29}},"154":{"start":{"line":155,"column":0},"end":{"line":155,"column":15}},"155":{"start":{"line":156,"column":0},"end":{"line":156,"column":12}},"156":{"start":{"line":157,"column":0},"end":{"line":157,"column":14}},"157":{"start":{"line":158,"column":0},"end":{"line":158,"column":12}},"160":{"start":{"line":161,"column":0},"end":{"line":161,"column":83}},"161":{"start":{"line":162,"column":0},"end":{"line":162,"column":16}},"162":{"start":{"line":163,"column":0},"end":{"line":163,"column":28}},"163":{"start":{"line":164,"column":0},"end":{"line":164,"column":23}},"164":{"start":{"line":165,"column":0},"end":{"line":165,"column":20}},"165":{"start":{"line":166,"column":0},"end":{"line":166,"column":51}},"166":{"start":{"line":167,"column":0},"end":{"line":167,"column":41}},"167":{"start":{"line":168,"column":0},"end":{"line":168,"column":76}},"168":{"start":{"line":169,"column":0},"end":{"line":169,"column":26}},"169":{"start":{"line":170,"column":0},"end":{"line":170,"column":38}},"170":{"start":{"line":171,"column":0},"end":{"line":171,"column":29}},"171":{"start":{"line":172,"column":0},"end":{"line":172,"column":12}},"173":{"start":{"line":174,"column":0},"end":{"line":174,"column":56}},"174":{"start":{"line":175,"column":0},"end":{"line":175,"column":17}},"175":{"start":{"line":176,"column":0},"end":{"line":176,"column":16}},"176":{"start":{"line":177,"column":0},"end":{"line":177,"column":25}},"177":{"start":{"line":178,"column":0},"end":{"line":178,"column":23}},"178":{"start":{"line":179,"column":0},"end":{"line":179,"column":20}},"179":{"start":{"line":180,"column":0},"end":{"line":180,"column":48}},"180":{"start":{"line":181,"column":0},"end":{"line":181,"column":38}},"181":{"start":{"line":182,"column":0},"end":{"line":182,"column":73}},"182":{"start":{"line":183,"column":0},"end":{"line":183,"column":26}},"183":{"start":{"line":184,"column":0},"end":{"line":184,"column":35}},"184":{"start":{"line":185,"column":0},"end":{"line":185,"column":29}},"185":{"start":{"line":186,"column":0},"end":{"line":186,"column":12}},"187":{"start":{"line":188,"column":0},"end":{"line":188,"column":53}},"188":{"start":{"line":189,"column":0},"end":{"line":189,"column":17}},"189":{"start":{"line":190,"column":0},"end":{"line":190,"column":16}},"190":{"start":{"line":191,"column":0},"end":{"line":191,"column":23}},"191":{"start":{"line":192,"column":0},"end":{"line":192,"column":23}},"192":{"start":{"line":193,"column":0},"end":{"line":193,"column":20}},"193":{"start":{"line":194,"column":0},"end":{"line":194,"column":46}},"194":{"start":{"line":195,"column":0},"end":{"line":195,"column":36}},"195":{"start":{"line":196,"column":0},"end":{"line":196,"column":71}},"196":{"start":{"line":197,"column":0},"end":{"line":197,"column":26}},"197":{"start":{"line":198,"column":0},"end":{"line":198,"column":33}},"198":{"start":{"line":199,"column":0},"end":{"line":199,"column":29}},"199":{"start":{"line":200,"column":0},"end":{"line":200,"column":12}},"201":{"start":{"line":202,"column":0},"end":{"line":202,"column":63}},"202":{"start":{"line":203,"column":0},"end":{"line":203,"column":17}},"203":{"start":{"line":204,"column":0},"end":{"line":204,"column":16}},"204":{"start":{"line":205,"column":0},"end":{"line":205,"column":27}},"205":{"start":{"line":206,"column":0},"end":{"line":206,"column":23}},"206":{"start":{"line":207,"column":0},"end":{"line":207,"column":20}},"207":{"start":{"line":208,"column":0},"end":{"line":208,"column":50}},"208":{"start":{"line":209,"column":0},"end":{"line":209,"column":40}},"209":{"start":{"line":210,"column":0},"end":{"line":210,"column":75}},"210":{"start":{"line":211,"column":0},"end":{"line":211,"column":26}},"211":{"start":{"line":212,"column":0},"end":{"line":212,"column":37}},"212":{"start":{"line":213,"column":0},"end":{"line":213,"column":29}},"213":{"start":{"line":214,"column":0},"end":{"line":214,"column":12}},"215":{"start":{"line":216,"column":0},"end":{"line":216,"column":71}},"216":{"start":{"line":217,"column":0},"end":{"line":217,"column":17}},"217":{"start":{"line":218,"column":0},"end":{"line":218,"column":12}},"219":{"start":{"line":220,"column":0},"end":{"line":220,"column":12}},"220":{"start":{"line":221,"column":0},"end":{"line":221,"column":67}},"221":{"start":{"line":222,"column":0},"end":{"line":222,"column":25}},"222":{"start":{"line":223,"column":0},"end":{"line":223,"column":17}},"223":{"start":{"line":224,"column":0},"end":{"line":224,"column":23}},"224":{"start":{"line":225,"column":0},"end":{"line":225,"column":46}},"225":{"start":{"line":226,"column":0},"end":{"line":226,"column":59}},"226":{"start":{"line":227,"column":0},"end":{"line":227,"column":41}},"227":{"start":{"line":228,"column":0},"end":{"line":228,"column":37}},"228":{"start":{"line":229,"column":0},"end":{"line":229,"column":39}},"229":{"start":{"line":230,"column":0},"end":{"line":230,"column":35}},"230":{"start":{"line":231,"column":0},"end":{"line":231,"column":58}},"231":{"start":{"line":232,"column":0},"end":{"line":232,"column":17}},"232":{"start":{"line":233,"column":0},"end":{"line":233,"column":26}},"234":{"start":{"line":235,"column":0},"end":{"line":235,"column":25}},"235":{"start":{"line":236,"column":0},"end":{"line":236,"column":18}},"239":{"start":{"line":240,"column":0},"end":{"line":240,"column":41}},"240":{"start":{"line":241,"column":0},"end":{"line":241,"column":86}},"241":{"start":{"line":242,"column":0},"end":{"line":242,"column":22}},"242":{"start":{"line":243,"column":0},"end":{"line":243,"column":35}},"243":{"start":{"line":244,"column":0},"end":{"line":244,"column":43}},"244":{"start":{"line":245,"column":0},"end":{"line":245,"column":53}},"245":{"start":{"line":246,"column":0},"end":{"line":246,"column":37}},"246":{"start":{"line":247,"column":0},"end":{"line":247,"column":66}},"247":{"start":{"line":248,"column":0},"end":{"line":248,"column":26}},"248":{"start":{"line":249,"column":0},"end":{"line":249,"column":63}},"249":{"start":{"line":250,"column":0},"end":{"line":250,"column":63}},"250":{"start":{"line":251,"column":0},"end":{"line":251,"column":63}},"251":{"start":{"line":252,"column":0},"end":{"line":252,"column":67}},"252":{"start":{"line":253,"column":0},"end":{"line":253,"column":61}},"253":{"start":{"line":254,"column":0},"end":{"line":254,"column":56}},"254":{"start":{"line":255,"column":0},"end":{"line":255,"column":53}},"255":{"start":{"line":256,"column":0},"end":{"line":256,"column":84}},"256":{"start":{"line":257,"column":0},"end":{"line":257,"column":81}},"257":{"start":{"line":258,"column":0},"end":{"line":258,"column":18}},"258":{"start":{"line":259,"column":0},"end":{"line":259,"column":16}},"260":{"start":{"line":261,"column":0},"end":{"line":261,"column":22}},"261":{"start":{"line":262,"column":0},"end":{"line":262,"column":39}},"262":{"start":{"line":263,"column":0},"end":{"line":263,"column":41}},"263":{"start":{"line":264,"column":0},"end":{"line":264,"column":23}},"264":{"start":{"line":265,"column":0},"end":{"line":265,"column":67}},"265":{"start":{"line":266,"column":0},"end":{"line":266,"column":64}},"266":{"start":{"line":267,"column":0},"end":{"line":267,"column":32}},"267":{"start":{"line":268,"column":0},"end":{"line":268,"column":25}},"268":{"start":{"line":269,"column":0},"end":{"line":269,"column":71}},"269":{"start":{"line":270,"column":0},"end":{"line":270,"column":16}},"270":{"start":{"line":271,"column":0},"end":{"line":271,"column":18}},"274":{"start":{"line":275,"column":0},"end":{"line":275,"column":38}},"275":{"start":{"line":276,"column":0},"end":{"line":276,"column":80}},"276":{"start":{"line":277,"column":0},"end":{"line":277,"column":22}},"277":{"start":{"line":278,"column":0},"end":{"line":278,"column":32}},"278":{"start":{"line":279,"column":0},"end":{"line":279,"column":37}},"279":{"start":{"line":280,"column":0},"end":{"line":280,"column":54}},"280":{"start":{"line":281,"column":0},"end":{"line":281,"column":34}},"281":{"start":{"line":282,"column":0},"end":{"line":282,"column":63}},"282":{"start":{"line":283,"column":0},"end":{"line":283,"column":26}},"283":{"start":{"line":284,"column":0},"end":{"line":284,"column":86}},"284":{"start":{"line":285,"column":0},"end":{"line":285,"column":101}},"285":{"start":{"line":286,"column":0},"end":{"line":286,"column":65}},"286":{"start":{"line":287,"column":0},"end":{"line":287,"column":64}},"287":{"start":{"line":288,"column":0},"end":{"line":288,"column":18}},"288":{"start":{"line":289,"column":0},"end":{"line":289,"column":16}},"290":{"start":{"line":291,"column":0},"end":{"line":291,"column":22}},"291":{"start":{"line":292,"column":0},"end":{"line":292,"column":34}},"292":{"start":{"line":293,"column":0},"end":{"line":293,"column":36}},"293":{"start":{"line":294,"column":0},"end":{"line":294,"column":23}},"294":{"start":{"line":295,"column":0},"end":{"line":295,"column":26}},"295":{"start":{"line":296,"column":0},"end":{"line":296,"column":24}},"296":{"start":{"line":297,"column":0},"end":{"line":297,"column":36}},"297":{"start":{"line":298,"column":0},"end":{"line":298,"column":42}},"298":{"start":{"line":299,"column":0},"end":{"line":299,"column":75}},"299":{"start":{"line":300,"column":0},"end":{"line":300,"column":16}},"300":{"start":{"line":301,"column":0},"end":{"line":301,"column":18}},"304":{"start":{"line":305,"column":0},"end":{"line":305,"column":36}},"305":{"start":{"line":306,"column":0},"end":{"line":306,"column":76}},"306":{"start":{"line":307,"column":0},"end":{"line":307,"column":42}},"307":{"start":{"line":308,"column":0},"end":{"line":308,"column":103}},"309":{"start":{"line":310,"column":0},"end":{"line":310,"column":99}},"310":{"start":{"line":311,"column":0},"end":{"line":311,"column":23}},"311":{"start":{"line":312,"column":0},"end":{"line":312,"column":97}},"312":{"start":{"line":313,"column":0},"end":{"line":313,"column":25}},"313":{"start":{"line":314,"column":0},"end":{"line":314,"column":91}},"315":{"start":{"line":316,"column":0},"end":{"line":316,"column":27}},"316":{"start":{"line":317,"column":0},"end":{"line":317,"column":35}},"317":{"start":{"line":318,"column":0},"end":{"line":318,"column":38}},"318":{"start":{"line":319,"column":0},"end":{"line":319,"column":41}},"319":{"start":{"line":320,"column":0},"end":{"line":320,"column":58}},"320":{"start":{"line":321,"column":0},"end":{"line":321,"column":64}},"321":{"start":{"line":322,"column":0},"end":{"line":322,"column":41}},"322":{"start":{"line":323,"column":0},"end":{"line":323,"column":22}},"323":{"start":{"line":324,"column":0},"end":{"line":324,"column":85}},"324":{"start":{"line":325,"column":0},"end":{"line":325,"column":72}},"325":{"start":{"line":326,"column":0},"end":{"line":326,"column":86}},"326":{"start":{"line":327,"column":0},"end":{"line":327,"column":26}},"328":{"start":{"line":329,"column":0},"end":{"line":329,"column":25}},"329":{"start":{"line":330,"column":0},"end":{"line":330,"column":92}},"331":{"start":{"line":332,"column":0},"end":{"line":332,"column":27}},"332":{"start":{"line":333,"column":0},"end":{"line":333,"column":35}},"333":{"start":{"line":334,"column":0},"end":{"line":334,"column":38}},"334":{"start":{"line":335,"column":0},"end":{"line":335,"column":42}},"335":{"start":{"line":336,"column":0},"end":{"line":336,"column":59}},"336":{"start":{"line":337,"column":0},"end":{"line":337,"column":65}},"337":{"start":{"line":338,"column":0},"end":{"line":338,"column":41}},"338":{"start":{"line":339,"column":0},"end":{"line":339,"column":22}},"339":{"start":{"line":340,"column":0},"end":{"line":340,"column":85}},"340":{"start":{"line":341,"column":0},"end":{"line":341,"column":73}},"341":{"start":{"line":342,"column":0},"end":{"line":342,"column":85}},"342":{"start":{"line":343,"column":0},"end":{"line":343,"column":26}},"344":{"start":{"line":345,"column":0},"end":{"line":345,"column":25}},"345":{"start":{"line":346,"column":0},"end":{"line":346,"column":89}},"347":{"start":{"line":348,"column":0},"end":{"line":348,"column":27}},"348":{"start":{"line":349,"column":0},"end":{"line":349,"column":35}},"349":{"start":{"line":350,"column":0},"end":{"line":350,"column":38}},"350":{"start":{"line":351,"column":0},"end":{"line":351,"column":39}},"351":{"start":{"line":352,"column":0},"end":{"line":352,"column":56}},"352":{"start":{"line":353,"column":0},"end":{"line":353,"column":62}},"353":{"start":{"line":354,"column":0},"end":{"line":354,"column":41}},"354":{"start":{"line":355,"column":0},"end":{"line":355,"column":22}},"355":{"start":{"line":356,"column":0},"end":{"line":356,"column":85}},"356":{"start":{"line":357,"column":0},"end":{"line":357,"column":70}},"357":{"start":{"line":358,"column":0},"end":{"line":358,"column":90}},"358":{"start":{"line":359,"column":0},"end":{"line":359,"column":26}},"360":{"start":{"line":361,"column":0},"end":{"line":361,"column":25}},"361":{"start":{"line":362,"column":0},"end":{"line":362,"column":91}},"363":{"start":{"line":364,"column":0},"end":{"line":364,"column":27}},"364":{"start":{"line":365,"column":0},"end":{"line":365,"column":35}},"365":{"start":{"line":366,"column":0},"end":{"line":366,"column":38}},"366":{"start":{"line":367,"column":0},"end":{"line":367,"column":41}},"367":{"start":{"line":368,"column":0},"end":{"line":368,"column":58}},"368":{"start":{"line":369,"column":0},"end":{"line":369,"column":64}},"369":{"start":{"line":370,"column":0},"end":{"line":370,"column":41}},"370":{"start":{"line":371,"column":0},"end":{"line":371,"column":22}},"371":{"start":{"line":372,"column":0},"end":{"line":372,"column":85}},"372":{"start":{"line":373,"column":0},"end":{"line":373,"column":72}},"373":{"start":{"line":374,"column":0},"end":{"line":374,"column":89}},"374":{"start":{"line":375,"column":0},"end":{"line":375,"column":26}},"376":{"start":{"line":377,"column":0},"end":{"line":377,"column":25}},"377":{"start":{"line":378,"column":0},"end":{"line":378,"column":86}},"379":{"start":{"line":380,"column":0},"end":{"line":380,"column":27}},"380":{"start":{"line":381,"column":0},"end":{"line":381,"column":35}},"381":{"start":{"line":382,"column":0},"end":{"line":382,"column":38}},"382":{"start":{"line":383,"column":0},"end":{"line":383,"column":36}},"383":{"start":{"line":384,"column":0},"end":{"line":384,"column":53}},"384":{"start":{"line":385,"column":0},"end":{"line":385,"column":59}},"385":{"start":{"line":386,"column":0},"end":{"line":386,"column":41}},"386":{"start":{"line":387,"column":0},"end":{"line":387,"column":22}},"387":{"start":{"line":388,"column":0},"end":{"line":388,"column":85}},"388":{"start":{"line":389,"column":0},"end":{"line":389,"column":67}},"389":{"start":{"line":390,"column":0},"end":{"line":390,"column":84}},"390":{"start":{"line":391,"column":0},"end":{"line":391,"column":26}},"391":{"start":{"line":392,"column":0},"end":{"line":392,"column":22}},"392":{"start":{"line":393,"column":0},"end":{"line":393,"column":20}},"394":{"start":{"line":395,"column":0},"end":{"line":395,"column":22}},"395":{"start":{"line":396,"column":0},"end":{"line":396,"column":30}},"396":{"start":{"line":397,"column":0},"end":{"line":397,"column":32}},"397":{"start":{"line":398,"column":0},"end":{"line":398,"column":23}},"398":{"start":{"line":399,"column":0},"end":{"line":399,"column":24}},"399":{"start":{"line":400,"column":0},"end":{"line":400,"column":24}},"400":{"start":{"line":401,"column":0},"end":{"line":401,"column":32}},"401":{"start":{"line":402,"column":0},"end":{"line":402,"column":27}},"402":{"start":{"line":403,"column":0},"end":{"line":403,"column":71}},"403":{"start":{"line":404,"column":0},"end":{"line":404,"column":16}},"404":{"start":{"line":405,"column":0},"end":{"line":405,"column":18}},"408":{"start":{"line":409,"column":0},"end":{"line":409,"column":40}},"409":{"start":{"line":410,"column":0},"end":{"line":410,"column":84}},"410":{"start":{"line":411,"column":0},"end":{"line":411,"column":22}},"411":{"start":{"line":412,"column":0},"end":{"line":412,"column":38}},"412":{"start":{"line":413,"column":0},"end":{"line":413,"column":32}},"413":{"start":{"line":414,"column":0},"end":{"line":414,"column":69}},"414":{"start":{"line":415,"column":0},"end":{"line":415,"column":40}},"415":{"start":{"line":416,"column":0},"end":{"line":416,"column":69}},"416":{"start":{"line":417,"column":0},"end":{"line":417,"column":26}},"417":{"start":{"line":418,"column":0},"end":{"line":418,"column":87}},"418":{"start":{"line":419,"column":0},"end":{"line":419,"column":85}},"419":{"start":{"line":420,"column":0},"end":{"line":420,"column":81}},"420":{"start":{"line":421,"column":0},"end":{"line":421,"column":77}},"421":{"start":{"line":422,"column":0},"end":{"line":422,"column":98}},"422":{"start":{"line":423,"column":0},"end":{"line":423,"column":97}},"423":{"start":{"line":424,"column":0},"end":{"line":424,"column":18}},"424":{"start":{"line":425,"column":0},"end":{"line":425,"column":16}},"426":{"start":{"line":427,"column":0},"end":{"line":427,"column":22}},"427":{"start":{"line":428,"column":0},"end":{"line":428,"column":33}},"428":{"start":{"line":429,"column":0},"end":{"line":429,"column":32}},"429":{"start":{"line":430,"column":0},"end":{"line":430,"column":23}},"430":{"start":{"line":431,"column":0},"end":{"line":431,"column":24}},"431":{"start":{"line":432,"column":0},"end":{"line":432,"column":24}},"432":{"start":{"line":433,"column":0},"end":{"line":433,"column":35}},"433":{"start":{"line":434,"column":0},"end":{"line":434,"column":48}},"434":{"start":{"line":435,"column":0},"end":{"line":435,"column":74}},"435":{"start":{"line":436,"column":0},"end":{"line":436,"column":16}},"436":{"start":{"line":437,"column":0},"end":{"line":437,"column":18}},"440":{"start":{"line":441,"column":0},"end":{"line":441,"column":45}},"441":{"start":{"line":442,"column":0},"end":{"line":442,"column":17}},"442":{"start":{"line":443,"column":0},"end":{"line":443,"column":79}},"443":{"start":{"line":444,"column":0},"end":{"line":444,"column":82}},"444":{"start":{"line":445,"column":0},"end":{"line":445,"column":85}},"445":{"start":{"line":446,"column":0},"end":{"line":446,"column":74}},"446":{"start":{"line":447,"column":0},"end":{"line":447,"column":65}},"447":{"start":{"line":448,"column":0},"end":{"line":448,"column":20}},"448":{"start":{"line":449,"column":0},"end":{"line":449,"column":18}},"449":{"start":{"line":450,"column":0},"end":{"line":450,"column":73}},"450":{"start":{"line":451,"column":0},"end":{"line":451,"column":123}},"451":{"start":{"line":452,"column":0},"end":{"line":452,"column":18}},"452":{"start":{"line":453,"column":0},"end":{"line":453,"column":16}},"454":{"start":{"line":455,"column":0},"end":{"line":455,"column":103}},"455":{"start":{"line":456,"column":0},"end":{"line":456,"column":34}},"456":{"start":{"line":457,"column":0},"end":{"line":457,"column":64}},"457":{"start":{"line":458,"column":0},"end":{"line":458,"column":21}},"458":{"start":{"line":459,"column":0},"end":{"line":459,"column":16}},"459":{"start":{"line":460,"column":0},"end":{"line":460,"column":15}},"460":{"start":{"line":461,"column":0},"end":{"line":461,"column":13}},"463":{"start":{"line":464,"column":0},"end":{"line":464,"column":132}},"464":{"start":{"line":465,"column":0},"end":{"line":465,"column":133}},"465":{"start":{"line":466,"column":0},"end":{"line":466,"column":50}},"466":{"start":{"line":467,"column":0},"end":{"line":467,"column":14}},"467":{"start":{"line":468,"column":0},"end":{"line":468,"column":13}},"468":{"start":{"line":469,"column":0},"end":{"line":469,"column":65}},"469":{"start":{"line":470,"column":0},"end":{"line":470,"column":98}},"470":{"start":{"line":471,"column":0},"end":{"line":471,"column":148}},"471":{"start":{"line":472,"column":0},"end":{"line":472,"column":163}},"472":{"start":{"line":473,"column":0},"end":{"line":473,"column":150}},"473":{"start":{"line":474,"column":0},"end":{"line":474,"column":159}},"474":{"start":{"line":475,"column":0},"end":{"line":475,"column":14}},"475":{"start":{"line":476,"column":0},"end":{"line":476,"column":14}},"476":{"start":{"line":477,"column":0},"end":{"line":477,"column":12}},"479":{"start":{"line":480,"column":0},"end":{"line":480,"column":21}},"480":{"start":{"line":481,"column":0},"end":{"line":481,"column":68}},"481":{"start":{"line":482,"column":0},"end":{"line":482,"column":90}},"482":{"start":{"line":483,"column":0},"end":{"line":483,"column":15}},"483":{"start":{"line":484,"column":0},"end":{"line":484,"column":92}},"484":{"start":{"line":485,"column":0},"end":{"line":485,"column":105}},"485":{"start":{"line":486,"column":0},"end":{"line":486,"column":16}},"486":{"start":{"line":487,"column":0},"end":{"line":487,"column":14}},"488":{"start":{"line":489,"column":0},"end":{"line":489,"column":10}},"490":{"start":{"line":491,"column":0},"end":{"line":491,"column":1}}},"s":{"0":1,"1":1,"11":1,"19":1,"20":1,"21":1,"22":1,"24":17,"25":17,"26":17,"27":17,"28":17,"31":17,"34":17,"35":17,"38":17,"39":17,"42":17,"43":17,"46":17,"47":17,"50":17,"53":17,"54":7,"55":7,"56":6,"57":7,"58":1,"59":1,"60":0,"61":0,"62":0,"63":0,"64":7,"65":17,"67":17,"68":2,"69":2,"72":2,"73":1,"74":1,"75":1,"77":1,"78":1,"79":1,"80":1,"81":1,"82":1,"84":1,"85":1,"86":0,"87":0,"88":0,"89":1,"90":1,"91":1,"92":2,"93":0,"94":0,"95":0,"96":0,"97":0,"98":0,"99":0,"100":0,"101":0,"102":0,"103":0,"104":0,"105":0,"106":0,"107":0,"108":0,"109":0,"110":0,"111":0,"112":0,"113":0,"114":0,"115":0,"116":0,"118":1,"121":1,"122":1,"123":1,"126":1,"127":0,"128":0,"129":0,"130":2,"132":17,"133":17,"134":17,"135":17,"136":17,"137":17,"138":17,"139":17,"140":17,"141":17,"142":17,"143":17,"144":17,"145":17,"146":17,"147":17,"148":17,"149":17,"150":17,"151":17,"152":17,"153":17,"154":17,"155":17,"156":17,"157":17,"160":17,"161":17,"162":17,"163":17,"164":17,"165":17,"166":17,"167":17,"168":17,"169":0,"170":0,"171":0,"173":17,"174":17,"175":17,"176":17,"177":17,"178":17,"179":17,"180":17,"181":17,"182":17,"183":1,"184":1,"185":1,"187":17,"188":17,"189":17,"190":17,"191":17,"192":17,"193":17,"194":17,"195":17,"196":17,"197":0,"198":0,"199":0,"201":17,"202":17,"203":17,"204":17,"205":17,"206":17,"207":17,"208":17,"209":17,"210":17,"211":0,"212":0,"213":0,"215":17,"216":17,"217":17,"219":17,"220":17,"221":17,"222":1,"223":1,"224":1,"225":1,"226":1,"227":1,"228":1,"229":1,"230":1,"231":1,"232":1,"234":1,"235":1,"239":17,"240":15,"241":15,"242":15,"243":15,"244":15,"245":15,"246":15,"247":15,"248":15,"249":15,"250":15,"251":15,"252":15,"253":15,"254":15,"255":15,"256":15,"257":15,"258":15,"260":15,"261":15,"262":15,"263":15,"264":15,"265":15,"266":15,"267":15,"268":15,"269":15,"270":15,"274":17,"275":2,"276":2,"277":2,"278":2,"279":2,"280":2,"281":2,"282":2,"283":2,"284":2,"285":2,"286":2,"287":2,"288":2,"290":2,"291":2,"292":2,"293":2,"294":2,"295":2,"296":2,"297":2,"298":2,"299":2,"300":2,"304":17,"305":0,"306":0,"307":0,"309":0,"310":0,"311":0,"312":0,"313":0,"315":0,"316":0,"317":0,"318":0,"319":0,"320":0,"321":0,"322":0,"323":0,"324":0,"325":0,"326":0,"328":0,"329":0,"331":0,"332":0,"333":0,"334":0,"335":0,"336":0,"337":0,"338":0,"339":0,"340":0,"341":0,"342":0,"344":0,"345":0,"347":0,"348":0,"349":0,"350":0,"351":0,"352":0,"353":0,"354":0,"355":0,"356":0,"357":0,"358":0,"360":0,"361":0,"363":0,"364":0,"365":0,"366":0,"367":0,"368":0,"369":0,"370":0,"371":0,"372":0,"373":0,"374":0,"376":0,"377":0,"379":0,"380":0,"381":0,"382":0,"383":0,"384":0,"385":0,"386":0,"387":0,"388":0,"389":0,"390":0,"391":0,"392":0,"394":0,"395":0,"396":0,"397":0,"398":0,"399":0,"400":0,"401":0,"402":0,"403":0,"404":0,"408":17,"409":0,"410":0,"411":0,"412":0,"413":0,"414":0,"415":0,"416":0,"417":0,"418":0,"419":0,"420":0,"421":0,"422":0,"423":0,"424":0,"426":0,"427":0,"428":0,"429":0,"430":0,"431":0,"432":0,"433":0,"434":0,"435":0,"436":0,"440":17,"441":17,"442":17,"443":17,"444":17,"445":0,"446":17,"447":17,"448":17,"449":17,"450":17,"451":17,"452":17,"454":17,"455":17,"456":17,"457":17,"458":17,"459":17,"460":17,"463":17,"464":17,"465":17,"466":17,"467":17,"468":17,"469":17,"470":17,"471":17,"472":17,"473":17,"474":17,"475":17,"476":17,"479":17,"480":1,"481":1,"482":1,"483":1,"484":1,"485":1,"486":1,"488":17,"490":17},"branchMap":{"0":{"type":"branch","line":25,"loc":{"start":{"line":25,"column":0},"end":{"line":491,"column":1}},"locations":[{"start":{"line":25,"column":0},"end":{"line":491,"column":1}}]},"1":{"type":"branch","line":168,"loc":{"start":{"line":168,"column":46},"end":{"line":168,"column":71}},"locations":[{"start":{"line":168,"column":46},"end":{"line":168,"column":71}}]},"2":{"type":"branch","line":168,"loc":{"start":{"line":168,"column":60},"end":{"line":168,"column":73}},"locations":[{"start":{"line":168,"column":60},"end":{"line":168,"column":73}}]},"3":{"type":"branch","line":182,"loc":{"start":{"line":182,"column":46},"end":{"line":182,"column":68}},"locations":[{"start":{"line":182,"column":46},"end":{"line":182,"column":68}}]},"4":{"type":"branch","line":182,"loc":{"start":{"line":182,"column":57},"end":{"line":182,"column":70}},"locations":[{"start":{"line":182,"column":57},"end":{"line":182,"column":70}}]},"5":{"type":"branch","line":196,"loc":{"start":{"line":196,"column":46},"end":{"line":196,"column":66}},"locations":[{"start":{"line":196,"column":46},"end":{"line":196,"column":66}}]},"6":{"type":"branch","line":210,"loc":{"start":{"line":210,"column":46},"end":{"line":210,"column":70}},"locations":[{"start":{"line":210,"column":46},"end":{"line":210,"column":70}}]},"7":{"type":"branch","line":222,"loc":{"start":{"line":222,"column":11},"end":{"line":236,"column":18}},"locations":[{"start":{"line":222,"column":11},"end":{"line":236,"column":18}}]},"8":{"type":"branch","line":240,"loc":{"start":{"line":240,"column":25},"end":{"line":271,"column":18}},"locations":[{"start":{"line":240,"column":25},"end":{"line":271,"column":18}}]},"9":{"type":"branch","line":265,"loc":{"start":{"line":265,"column":52},"end":{"line":265,"column":63}},"locations":[{"start":{"line":265,"column":52},"end":{"line":265,"column":63}}]},"10":{"type":"branch","line":266,"loc":{"start":{"line":266,"column":53},"end":{"line":266,"column":62}},"locations":[{"start":{"line":266,"column":53},"end":{"line":266,"column":62}}]},"11":{"type":"branch","line":275,"loc":{"start":{"line":275,"column":25},"end":{"line":301,"column":18}},"locations":[{"start":{"line":275,"column":25},"end":{"line":301,"column":18}}]},"12":{"type":"branch","line":305,"loc":{"start":{"line":305,"column":25},"end":{"line":405,"column":18}},"locations":[{"start":{"line":305,"column":25},"end":{"line":405,"column":18}}]},"13":{"type":"branch","line":409,"loc":{"start":{"line":409,"column":25},"end":{"line":437,"column":18}},"locations":[{"start":{"line":409,"column":25},"end":{"line":437,"column":18}}]},"14":{"type":"branch","line":445,"loc":{"start":{"line":445,"column":31},"end":{"line":445,"column":85}},"locations":[{"start":{"line":445,"column":31},"end":{"line":445,"column":85}}]},"15":{"type":"branch","line":445,"loc":{"start":{"line":445,"column":66},"end":{"line":446,"column":74}},"locations":[{"start":{"line":445,"column":66},"end":{"line":446,"column":74}}]},"16":{"type":"branch","line":471,"loc":{"start":{"line":471,"column":27},"end":{"line":471,"column":148}},"locations":[{"start":{"line":471,"column":27},"end":{"line":471,"column":148}}]},"17":{"type":"branch","line":472,"loc":{"start":{"line":472,"column":27},"end":{"line":472,"column":163}},"locations":[{"start":{"line":472,"column":27},"end":{"line":472,"column":163}}]},"18":{"type":"branch","line":473,"loc":{"start":{"line":473,"column":27},"end":{"line":473,"column":150}},"locations":[{"start":{"line":473,"column":27},"end":{"line":473,"column":150}}]},"19":{"type":"branch","line":474,"loc":{"start":{"line":474,"column":27},"end":{"line":474,"column":159}},"locations":[{"start":{"line":474,"column":27},"end":{"line":474,"column":159}}]},"20":{"type":"branch","line":480,"loc":{"start":{"line":480,"column":7},"end":{"line":487,"column":14}},"locations":[{"start":{"line":480,"column":7},"end":{"line":487,"column":14}}]},"21":{"type":"branch","line":54,"loc":{"start":{"line":54,"column":12},"end":{"line":66,"column":5}},"locations":[{"start":{"line":54,"column":12},"end":{"line":66,"column":5}}]},"22":{"type":"branch","line":56,"loc":{"start":{"line":56,"column":35},"end":{"line":58,"column":15}},"locations":[{"start":{"line":56,"column":35},"end":{"line":58,"column":15}}]},"23":{"type":"branch","line":58,"loc":{"start":{"line":58,"column":4},"end":{"line":64,"column":5}},"locations":[{"start":{"line":58,"column":4},"end":{"line":64,"column":5}}]},"24":{"type":"branch","line":60,"loc":{"start":{"line":60,"column":4},"end":{"line":64,"column":5}},"locations":[{"start":{"line":60,"column":4},"end":{"line":64,"column":5}}]},"25":{"type":"branch","line":68,"loc":{"start":{"line":68,"column":23},"end":{"line":131,"column":4}},"locations":[{"start":{"line":68,"column":23},"end":{"line":131,"column":4}}]},"26":{"type":"branch","line":73,"loc":{"start":{"line":73,"column":9},"end":{"line":73,"column":53}},"locations":[{"start":{"line":73,"column":9},"end":{"line":73,"column":53}}]},"27":{"type":"branch","line":73,"loc":{"start":{"line":73,"column":53},"end":{"line":93,"column":15}},"locations":[{"start":{"line":73,"column":53},"end":{"line":93,"column":15}}]},"28":{"type":"branch","line":86,"loc":{"start":{"line":86,"column":43},"end":{"line":89,"column":7}},"locations":[{"start":{"line":86,"column":43},"end":{"line":89,"column":7}}]},"29":{"type":"branch","line":93,"loc":{"start":{"line":93,"column":4},"end":{"line":117,"column":5}},"locations":[{"start":{"line":93,"column":4},"end":{"line":117,"column":5}}]},"30":{"type":"branch","line":117,"loc":{"start":{"line":117,"column":4},"end":{"line":127,"column":51}},"locations":[{"start":{"line":117,"column":4},"end":{"line":127,"column":51}}]},"31":{"type":"branch","line":127,"loc":{"start":{"line":127,"column":49},"end":{"line":130,"column":57}},"locations":[{"start":{"line":127,"column":49},"end":{"line":130,"column":57}}]},"32":{"type":"branch","line":147,"loc":{"start":{"line":147,"column":22},"end":{"line":147,"column":54}},"locations":[{"start":{"line":147,"column":22},"end":{"line":147,"column":54}}]},"33":{"type":"branch","line":183,"loc":{"start":{"line":183,"column":19},"end":{"line":186,"column":12}},"locations":[{"start":{"line":183,"column":19},"end":{"line":186,"column":12}}]},"34":{"type":"branch","line":269,"loc":{"start":{"line":269,"column":26},"end":{"line":269,"column":71}},"locations":[{"start":{"line":269,"column":26},"end":{"line":269,"column":71}}]}},"b":{"0":[17],"1":[15],"2":[2],"3":[2],"4":[15],"5":[0],"6":[0],"7":[1],"8":[15],"9":[0],"10":[0],"11":[2],"12":[0],"13":[0],"14":[0],"15":[0],"16":[15],"17":[2],"18":[0],"19":[0],"20":[1],"21":[7],"22":[6],"23":[1],"24":[0],"25":[2],"26":[1],"27":[1],"28":[0],"29":[0],"30":[1],"31":[0],"32":[1],"33":[1],"34":[1]},"fnMap":{"0":{"name":"Calculator","decl":{"start":{"line":25,"column":0},"end":{"line":491,"column":1}},"loc":{"start":{"line":25,"column":0},"end":{"line":491,"column":1}},"line":25},"1":{"name":"handleSubmit","decl":{"start":{"line":68,"column":23},"end":{"line":131,"column":4}},"loc":{"start":{"line":68,"column":23},"end":{"line":131,"column":4}},"line":68},"2":{"name":"onChange","decl":{"start":{"line":147,"column":22},"end":{"line":147,"column":54}},"loc":{"start":{"line":147,"column":22},"end":{"line":147,"column":54}},"line":147},"3":{"name":"onClick","decl":{"start":{"line":169,"column":19},"end":{"line":172,"column":12}},"loc":{"start":{"line":169,"column":19},"end":{"line":172,"column":12}},"line":169},"4":{"name":"onClick","decl":{"start":{"line":183,"column":19},"end":{"line":186,"column":12}},"loc":{"start":{"line":183,"column":19},"end":{"line":186,"column":12}},"line":183},"5":{"name":"onClick","decl":{"start":{"line":197,"column":19},"end":{"line":200,"column":12}},"loc":{"start":{"line":197,"column":19},"end":{"line":200,"column":12}},"line":197},"6":{"name":"onClick","decl":{"start":{"line":211,"column":19},"end":{"line":214,"column":12}},"loc":{"start":{"line":211,"column":19},"end":{"line":214,"column":12}},"line":211},"7":{"name":"onChange","decl":{"start":{"line":247,"column":26},"end":{"line":247,"column":66}},"loc":{"start":{"line":247,"column":26},"end":{"line":247,"column":66}},"line":247},"8":{"name":"onChange","decl":{"start":{"line":269,"column":26},"end":{"line":269,"column":71}},"loc":{"start":{"line":269,"column":26},"end":{"line":269,"column":71}},"line":269},"9":{"name":"onChange","decl":{"start":{"line":282,"column":26},"end":{"line":282,"column":63}},"loc":{"start":{"line":282,"column":26},"end":{"line":282,"column":63}},"line":282},"10":{"name":"onChange","decl":{"start":{"line":299,"column":26},"end":{"line":299,"column":75}},"loc":{"start":{"line":299,"column":26},"end":{"line":299,"column":75}},"line":299},"11":{"name":"onChange","decl":{"start":{"line":321,"column":32},"end":{"line":321,"column":64}},"loc":{"start":{"line":321,"column":32},"end":{"line":321,"column":64}},"line":321},"12":{"name":"onChange","decl":{"start":{"line":337,"column":32},"end":{"line":337,"column":65}},"loc":{"start":{"line":337,"column":32},"end":{"line":337,"column":65}},"line":337},"13":{"name":"onChange","decl":{"start":{"line":353,"column":32},"end":{"line":353,"column":62}},"loc":{"start":{"line":353,"column":32},"end":{"line":353,"column":62}},"line":353},"14":{"name":"onChange","decl":{"start":{"line":369,"column":32},"end":{"line":369,"column":64}},"loc":{"start":{"line":369,"column":32},"end":{"line":369,"column":64}},"line":369},"15":{"name":"onChange","decl":{"start":{"line":385,"column":32},"end":{"line":385,"column":59}},"loc":{"start":{"line":385,"column":32},"end":{"line":385,"column":59}},"line":385},"16":{"name":"onChange","decl":{"start":{"line":403,"column":26},"end":{"line":403,"column":71}},"loc":{"start":{"line":403,"column":26},"end":{"line":403,"column":71}},"line":403},"17":{"name":"onChange","decl":{"start":{"line":416,"column":26},"end":{"line":416,"column":69}},"loc":{"start":{"line":416,"column":26},"end":{"line":416,"column":69}},"line":416},"18":{"name":"onChange","decl":{"start":{"line":435,"column":26},"end":{"line":435,"column":74}},"loc":{"start":{"line":435,"column":26},"end":{"line":435,"column":74}},"line":435}},"f":{"0":17,"1":2,"2":1,"3":0,"4":1,"5":0,"6":0,"7":0,"8":1,"9":0,"10":0,"11":0,"12":0,"13":0,"14":0,"15":0,"16":0,"17":0,"18":0}}
,"C:\\Users\\srich\\OneDrive\\Documents\\carbon footprints analyzer\\src\\components\\Dashboard.jsx": {"path":"C:\\Users\\srich\\OneDrive\\Documents\\carbon footprints analyzer\\src\\components\\Dashboard.jsx","all":false,"statementMap":{"0":{"start":{"line":1,"column":0},"end":{"line":1,"column":39}},"1":{"start":{"line":2,"column":0},"end":{"line":2,"column":9}},"13":{"start":{"line":14,"column":0},"end":{"line":14,"column":29}},"14":{"start":{"line":15,"column":0},"end":{"line":15,"column":33}},"16":{"start":{"line":17,"column":0},"end":{"line":17,"column":105}},"19":{"start":{"line":20,"column":0},"end":{"line":20,"column":39}},"20":{"start":{"line":21,"column":0},"end":{"line":21,"column":38}},"21":{"start":{"line":22,"column":0},"end":{"line":22,"column":31}},"22":{"start":{"line":23,"column":0},"end":{"line":23,"column":34}},"23":{"start":{"line":24,"column":0},"end":{"line":24,"column":26}},"24":{"start":{"line":25,"column":0},"end":{"line":25,"column":17}},"25":{"start":{"line":26,"column":0},"end":{"line":26,"column":58}},"26":{"start":{"line":27,"column":0},"end":{"line":27,"column":13}},"29":{"start":{"line":30,"column":0},"end":{"line":30,"column":38}},"30":{"start":{"line":31,"column":0},"end":{"line":31,"column":75}},"31":{"start":{"line":32,"column":0},"end":{"line":32,"column":22}},"34":{"start":{"line":35,"column":0},"end":{"line":35,"column":36}},"35":{"start":{"line":36,"column":0},"end":{"line":36,"column":52}},"36":{"start":{"line":37,"column":0},"end":{"line":37,"column":51}},"37":{"start":{"line":38,"column":0},"end":{"line":38,"column":44}},"38":{"start":{"line":39,"column":0},"end":{"line":39,"column":10}},"39":{"start":{"line":40,"column":0},"end":{"line":40,"column":40}},"42":{"start":{"line":43,"column":0},"end":{"line":43,"column":22}},"45":{"start":{"line":46,"column":0},"end":{"line":46,"column":41}},"46":{"start":{"line":47,"column":0},"end":{"line":47,"column":56}},"47":{"start":{"line":48,"column":0},"end":{"line":48,"column":29}},"50":{"start":{"line":51,"column":0},"end":{"line":51,"column":35}},"51":{"start":{"line":52,"column":0},"end":{"line":52,"column":18}},"52":{"start":{"line":53,"column":0},"end":{"line":53,"column":27}},"53":{"start":{"line":54,"column":0},"end":{"line":54,"column":49}},"54":{"start":{"line":55,"column":0},"end":{"line":55,"column":72}},"55":{"start":{"line":56,"column":0},"end":{"line":56,"column":9}},"56":{"start":{"line":57,"column":0},"end":{"line":57,"column":12}},"57":{"start":{"line":58,"column":0},"end":{"line":58,"column":61}},"58":{"start":{"line":59,"column":0},"end":{"line":59,"column":5}},"59":{"start":{"line":60,"column":0},"end":{"line":60,"column":14}},"60":{"start":{"line":61,"column":0},"end":{"line":61,"column":36}},"63":{"start":{"line":64,"column":0},"end":{"line":64,"column":36}},"64":{"start":{"line":65,"column":0},"end":{"line":65,"column":39}},"65":{"start":{"line":66,"column":0},"end":{"line":66,"column":52}},"66":{"start":{"line":67,"column":0},"end":{"line":67,"column":44}},"68":{"start":{"line":69,"column":0},"end":{"line":69,"column":32}},"69":{"start":{"line":70,"column":0},"end":{"line":70,"column":36}},"70":{"start":{"line":71,"column":0},"end":{"line":71,"column":44}},"71":{"start":{"line":72,"column":0},"end":{"line":72,"column":41}},"72":{"start":{"line":73,"column":0},"end":{"line":73,"column":46}},"73":{"start":{"line":74,"column":0},"end":{"line":74,"column":37}},"74":{"start":{"line":75,"column":0},"end":{"line":75,"column":46}},"75":{"start":{"line":76,"column":0},"end":{"line":76,"column":42}},"76":{"start":{"line":77,"column":0},"end":{"line":77,"column":5}},"77":{"start":{"line":78,"column":0},"end":{"line":78,"column":51}},"78":{"start":{"line":79,"column":0},"end":{"line":79,"column":29}},"81":{"start":{"line":82,"column":0},"end":{"line":82,"column":20}},"82":{"start":{"line":83,"column":0},"end":{"line":83,"column":70}},"83":{"start":{"line":84,"column":0},"end":{"line":84,"column":42}},"84":{"start":{"line":85,"column":0},"end":{"line":85,"column":67}},"85":{"start":{"line":86,"column":0},"end":{"line":86,"column":39}},"88":{"start":{"line":89,"column":0},"end":{"line":89,"column":46}},"89":{"start":{"line":90,"column":0},"end":{"line":90,"column":67}},"90":{"start":{"line":91,"column":0},"end":{"line":91,"column":37}},"93":{"start":{"line":94,"column":0},"end":{"line":94,"column":34}},"94":{"start":{"line":95,"column":0},"end":{"line":95,"column":28}},"95":{"start":{"line":96,"column":0},"end":{"line":96,"column":62}},"96":{"start":{"line":97,"column":0},"end":{"line":97,"column":30}},"97":{"start":{"line":98,"column":0},"end":{"line":98,"column":68}},"98":{"start":{"line":99,"column":0},"end":{"line":99,"column":30}},"99":{"start":{"line":100,"column":0},"end":{"line":100,"column":68}},"100":{"start":{"line":101,"column":0},"end":{"line":101,"column":29}},"101":{"start":{"line":102,"column":0},"end":{"line":102,"column":5}},"102":{"start":{"line":103,"column":0},"end":{"line":103,"column":16}},"103":{"start":{"line":104,"column":0},"end":{"line":104,"column":40}},"105":{"start":{"line":106,"column":0},"end":{"line":106,"column":10}},"106":{"start":{"line":107,"column":0},"end":{"line":107,"column":36}},"107":{"start":{"line":108,"column":0},"end":{"line":108,"column":40}},"108":{"start":{"line":109,"column":0},"end":{"line":109,"column":13}},"109":{"start":{"line":110,"column":0},"end":{"line":110,"column":61}},"110":{"start":{"line":111,"column":0},"end":{"line":111,"column":95}},"111":{"start":{"line":112,"column":0},"end":{"line":112,"column":14}},"112":{"start":{"line":113,"column":0},"end":{"line":113,"column":56}},"113":{"start":{"line":114,"column":0},"end":{"line":114,"column":69}},"114":{"start":{"line":115,"column":0},"end":{"line":115,"column":50}},"115":{"start":{"line":116,"column":0},"end":{"line":116,"column":14}},"116":{"start":{"line":117,"column":0},"end":{"line":117,"column":12}},"119":{"start":{"line":120,"column":0},"end":{"line":120,"column":30}},"120":{"start":{"line":121,"column":0},"end":{"line":121,"column":63}},"121":{"start":{"line":122,"column":0},"end":{"line":122,"column":15}},"122":{"start":{"line":123,"column":0},"end":{"line":123,"column":62}},"123":{"start":{"line":124,"column":0},"end":{"line":124,"column":148}},"124":{"start":{"line":125,"column":0},"end":{"line":125,"column":16}},"125":{"start":{"line":126,"column":0},"end":{"line":126,"column":70}},"126":{"start":{"line":127,"column":0},"end":{"line":127,"column":31}},"127":{"start":{"line":128,"column":0},"end":{"line":128,"column":16}},"128":{"start":{"line":129,"column":0},"end":{"line":129,"column":15}},"130":{"start":{"line":131,"column":0},"end":{"line":131,"column":61}},"131":{"start":{"line":132,"column":0},"end":{"line":132,"column":15}},"132":{"start":{"line":133,"column":0},"end":{"line":133,"column":60}},"133":{"start":{"line":134,"column":0},"end":{"line":134,"column":146}},"134":{"start":{"line":135,"column":0},"end":{"line":135,"column":16}},"135":{"start":{"line":136,"column":0},"end":{"line":136,"column":72}},"136":{"start":{"line":137,"column":0},"end":{"line":137,"column":30}},"137":{"start":{"line":138,"column":0},"end":{"line":138,"column":16}},"138":{"start":{"line":139,"column":0},"end":{"line":139,"column":15}},"140":{"start":{"line":141,"column":0},"end":{"line":141,"column":60}},"141":{"start":{"line":142,"column":0},"end":{"line":142,"column":15}},"142":{"start":{"line":143,"column":0},"end":{"line":143,"column":56}},"143":{"start":{"line":144,"column":0},"end":{"line":144,"column":108}},"144":{"start":{"line":145,"column":0},"end":{"line":145,"column":16}},"145":{"start":{"line":146,"column":0},"end":{"line":146,"column":69}},"146":{"start":{"line":147,"column":0},"end":{"line":147,"column":31}},"147":{"start":{"line":148,"column":0},"end":{"line":148,"column":16}},"148":{"start":{"line":149,"column":0},"end":{"line":149,"column":15}},"149":{"start":{"line":150,"column":0},"end":{"line":150,"column":12}},"152":{"start":{"line":153,"column":0},"end":{"line":153,"column":32}},"154":{"start":{"line":155,"column":0},"end":{"line":155,"column":14}},"155":{"start":{"line":156,"column":0},"end":{"line":156,"column":33}},"156":{"start":{"line":157,"column":0},"end":{"line":157,"column":38}},"157":{"start":{"line":158,"column":0},"end":{"line":158,"column":34}},"158":{"start":{"line":159,"column":0},"end":{"line":159,"column":45}},"159":{"start":{"line":160,"column":0},"end":{"line":160,"column":35}},"161":{"start":{"line":162,"column":0},"end":{"line":162,"column":15}},"162
[...]
umn":29}},"53":{"start":{"line":54,"column":0},"end":{"line":54,"column":44}},"54":{"start":{"line":55,"column":0},"end":{"line":55,"column":69}},"55":{"start":{"line":56,"column":0},"end":{"line":56,"column":41}},"56":{"start":{"line":57,"column":0},"end":{"line":57,"column":3}},"57":{"start":{"line":58,"column":0},"end":{"line":58,"column":50}},"58":{"start":{"line":59,"column":0},"end":{"line":59,"column":52}},"59":{"start":{"line":60,"column":0},"end":{"line":60,"column":25}},"60":{"start":{"line":61,"column":0},"end":{"line":61,"column":2}},"62":{"start":{"line":63,"column":0},"end":{"line":63,"column":3}},"63":{"start":{"line":64,"column":0},"end":{"line":64,"column":50}},"64":{"start":{"line":65,"column":0},"end":{"line":65,"column":39}},"65":{"start":{"line":66,"column":0},"end":{"line":66,"column":59}},"66":{"start":{"line":67,"column":0},"end":{"line":67,"column":41}},"67":{"start":{"line":68,"column":0},"end":{"line":68,"column":3}},"68":{"start":{"line":69,"column":0},"end":{"line":69,"column":54}},"69":{"start":{"line":70,"column":0},"end":{"line":70,"column":82}},"70":{"start":{"line":71,"column":0},"end":{"line":71,"column":23}},"71":{"start":{"line":72,"column":0},"end":{"line":72,"column":2}},"73":{"start":{"line":74,"column":0},"end":{"line":74,"column":3}},"74":{"start":{"line":75,"column":0},"end":{"line":75,"column":43}},"75":{"start":{"line":76,"column":0},"end":{"line":76,"column":52}},"76":{"start":{"line":77,"column":0},"end":{"line":77,"column":47}},"77":{"start":{"line":78,"column":0},"end":{"line":78,"column":41}},"78":{"start":{"line":79,"column":0},"end":{"line":79,"column":3}},"79":{"start":{"line":80,"column":0},"end":{"line":80,"column":58}},"80":{"start":{"line":81,"column":0},"end":{"line":81,"column":58}},"81":{"start":{"line":82,"column":0},"end":{"line":82,"column":27}},"82":{"start":{"line":83,"column":0},"end":{"line":83,"column":2}},"84":{"start":{"line":85,"column":0},"end":{"line":85,"column":3}},"85":{"start":{"line":86,"column":0},"end":{"line":86,"column":49}},"86":{"start":{"line":87,"column":0},"end":{"line":87,"column":3}},"87":{"start":{"line":88,"column":0},"end":{"line":88,"column":34}},"88":{"start":{"line":89,"column":0},"end":{"line":89,"column":18}},"89":{"start":{"line":90,"column":0},"end":{"line":90,"column":29}},"90":{"start":{"line":91,"column":0},"end":{"line":91,"column":29}},"91":{"start":{"line":92,"column":0},"end":{"line":92,"column":29}},"92":{"start":{"line":93,"column":0},"end":{"line":93,"column":33}},"93":{"start":{"line":94,"column":0},"end":{"line":94,"column":27}},"94":{"start":{"line":95,"column":0},"end":{"line":95,"column":20}},"95":{"start":{"line":96,"column":0},"end":{"line":96,"column":24}},"96":{"start":{"line":97,"column":0},"end":{"line":97,"column":38}},"97":{"start":{"line":98,"column":0},"end":{"line":98,"column":36}},"98":{"start":{"line":99,"column":0},"end":{"line":99,"column":41}},"99":{"start":{"line":100,"column":0},"end":{"line":100,"column":47}},"100":{"start":{"line":101,"column":0},"end":{"line":101,"column":31}},"101":{"start":{"line":102,"column":0},"end":{"line":102,"column":31}},"102":{"start":{"line":103,"column":0},"end":{"line":103,"column":40}},"103":{"start":{"line":104,"column":0},"end":{"line":104,"column":42}},"104":{"start":{"line":105,"column":0},"end":{"line":105,"column":36}},"105":{"start":{"line":106,"column":0},"end":{"line":106,"column":34}},"106":{"start":{"line":107,"column":0},"end":{"line":107,"column":24}},"107":{"start":{"line":108,"column":0},"end":{"line":108,"column":40}},"108":{"start":{"line":109,"column":0},"end":{"line":109,"column":33}},"109":{"start":{"line":110,"column":0},"end":{"line":110,"column":28}},"110":{"start":{"line":111,"column":0},"end":{"line":111,"column":43}},"111":{"start":{"line":112,"column":0},"end":{"line":112,"column":40}},"112":{"start":{"line":113,"column":0},"end":{"line":113,"column":46}},"113":{"start":{"line":114,"column":0},"end":{"line":114,"column":4}},"114":{"start":{"line":115,"column":0},"end":{"line":115,"column":28}},"115":{"start":{"line":116,"column":0},"end":{"line":116,"column":2}},"117":{"start":{"line":118,"column":0},"end":{"line":118,"column":3}},"118":{"start":{"line":119,"column":0},"end":{"line":119,"column":40}},"119":{"start":{"line":120,"column":0},"end":{"line":120,"column":3}},"120":{"start":{"line":121,"column":0},"end":{"line":121,"column":33}},"121":{"start":{"line":122,"column":0},"end":{"line":122,"column":78}},"122":{"start":{"line":123,"column":0},"end":{"line":123,"column":16}},"123":{"start":{"line":124,"column":0},"end":{"line":124,"column":3}},"124":{"start":{"line":125,"column":0},"end":{"line":125,"column":56}},"125":{"start":{"line":126,"column":0},"end":{"line":126,"column":26}},"126":{"start":{"line":127,"column":0},"end":{"line":127,"column":3}},"127":{"start":{"line":128,"column":0},"end":{"line":128,"column":61}},"128":{"start":{"line":129,"column":0},"end":{"line":129,"column":17}},"129":{"start":{"line":130,"column":0},"end":{"line":130,"column":3}},"130":{"start":{"line":131,"column":0},"end":{"line":131,"column":30}},"131":{"start":{"line":132,"column":0},"end":{"line":132,"column":20}},"132":{"start":{"line":133,"column":0},"end":{"line":133,"column":3}},"133":{"start":{"line":134,"column":0},"end":{"line":134,"column":94}},"134":{"start":{"line":135,"column":0},"end":{"line":135,"column":18}},"135":{"start":{"line":136,"column":0},"end":{"line":136,"column":3}},"136":{"start":{"line":137,"column":0},"end":{"line":137,"column":35}},"137":{"start":{"line":138,"column":0},"end":{"line":138,"column":27}},"138":{"start":{"line":139,"column":0},"end":{"line":139,"column":3}},"139":{"start":{"line":140,"column":0},"end":{"line":140,"column":36}},"140":{"start":{"line":141,"column":0},"end":{"line":141,"column":30}},"141":{"start":{"line":142,"column":0},"end":{"line":142,"column":3}},"142":{"start":{"line":143,"column":0},"end":{"line":143,"column":15}},"143":{"start":{"line":144,"column":0},"end":{"line":144,"column":2}},"145":{"start":{"line":146,"column":0},"end":{"line":146,"column":3}},"146":{"start":{"line":147,"column":0},"end":{"line":147,"column":73}},"147":{"start":{"line":148,"column":0},"end":{"line":148,"column":3}},"148":{"start":{"line":149,"column":0},"end":{"line":149,"column":27}},"149":{"start":{"line":150,"column":0},"end":{"line":150,"column":3}},"150":{"start":{"line":151,"column":0},"end":{"line":151,"column":29}},"151":{"start":{"line":152,"column":0},"end":{"line":152,"column":27}},"152":{"start":{"line":153,"column":0},"end":{"line":153,"column":68}},"153":{"start":{"line":154,"column":0},"end":{"line":154,"column":21}},"154":{"start":{"line":155,"column":0},"end":{"line":155,"column":53}},"155":{"start":{"line":156,"column":0},"end":{"line":156,"column":25}},"156":{"start":{"line":157,"column":0},"end":{"line":157,"column":22}},"157":{"start":{"line":158,"column":0},"end":{"line":158,"column":4}},"158":{"start":{"line":159,"column":0},"end":{"line":159,"column":3}},"159":{"start":{"line":160,"column":0},"end":{"line":160,"column":28}},"160":{"start":{"line":161,"column":0},"end":{"line":161,"column":30}},"161":{"start":{"line":162,"column":0},"end":{"line":162,"column":84}},"162":{"start":{"line":163,"column":0},"end":{"line":163,"column":26}},"163":{"start":{"line":164,"column":0},"end":{"line":164,"column":58}},"164":{"start":{"line":165,"column":0},"end":{"line":165,"column":25}},"165":{"start":{"line":166,"column":0},"end":{"line":166,"column":24}},"166":{"start":{"line":167,"column":0},"end":{"line":167,"column":4}},"167":{"start":{"line":168,"column":0},"end":{"line":168,"column":3}},"168":{"start":{"line":169,"column":0},"end":{"line":169,"column":31}},"169":{"start":{"line":170,"column":0},"end":{"line":170,"column":34}},"170":{"start":{"line":171,"column":0},"end":{"line":171,"column":83}},"171":{"start":{"line":172,"column":0},"end":{"line":172,"column":23}},"172":{"start":{"line":173,"column":0},"end":{"line":173,"column":20}},"173":{"start":{"line":174,"column":0},"end":{"line":174,"column":23}},"174":{"start":{"line":175,"column":0},"end":{"line":175,"column":22}},"175":{"start":{"line":176,"column":0},"end":{"line":176,"column":4}},"176":{"start":{"line":177,"column":0},"end":{"line":177,"column":3}},"177":{"start":{"line":178,"column":0},"end":{"line":178,"column":30}},"178":{"start":{"line":179,"column":0},"end":{"line":179,"column":31}},"179":{"start":{"line":180,"column":0},"end":{"line":180,"column":87}},"180":{"start":{"line":181,"column":0},"end":{"line":181,"column":23}},"181":{"start":{"line":182,"column":0},"end":{"line":182,"column":20}},"182":{"start":{"line":183,"column":0},"end":{"line":183,"column":23}},"183":{"start":{"line":184,"column":0},"end":{"line":184,"column":23}},"184":{"start":{"line":185,"column":0},"end":{"line":185,"column":4}},"185":{"start":{"line":186,"column":0},"end":{"line":186,"column":3}},"186":{"start":{"line":187,"column":0},"end":{"line":187,"column":30}},"187":{"start":{"line":188,"column":0},"end":{"line":188,"column":33}},"188":{"start":{"line":189,"column":0},"end":{"line":189,"column":87}},"189":{"start":{"line":190,"column":0},"end":{"line":190,"column":26}},"190":{"start":{"line":191,"column":0},"end":{"line":191,"column":58}},"191":{"start":{"line":192,"column":0},"end":{"line":192,"column":23}},"192":{"start":{"line":193,"column":0},"end":{"line":193,"column":24}},"193":{"start":{"line":194,"column":0},"end":{"line":194,"column":4}},"194":{"start":{"line":195,"column":0},"end":{"line":195,"column":3}},"195":{"start":{"line":196,"column":0},"end":{"line":196,"column":31}},"196":{"start":{"line":197,"column":0},"end":{"line":197,"column":32}},"197":{"start":{"line":198,"column":0},"end":{"line":198,"column":84}},"198":{"start":{"line":199,"column":0},"end":{"line":199,"column":25}},"199":{"start":{"line":200,"column":0},"end":{"line":200,"column":21}},"200":{"start":{"line":201,"column":0},"end":{"line":201,"column":23}},"201":{"start":{"line":202,"column":0},"end":{"line":202,"column":24}},"202":{"start":{"line":203,"column":0},"end":{"line":203,"column":4}},"203":{"start":{"line":204,"column":0},"end":{"line":204,"column":3}},"204":{"start":{"line":205,"column":0},"end":{"line":205,"column":27}},"205":{"start":{"line":206,"column":0},"end":{"line":206,"column":36}},"206":{"start":{"line":207,"column":0},"end":{"line":207,"column":90}},"207":{"start":{"line":208,"column":0},"end":{"line":208,"column":23}},"208":{"start":{"line":209,"column":0},"end":{"line":209,"column":20}},"209":{"start":{"line":210,"column":0},"end":{"line":210,"column":23}},"210":{"start":{"line":211,"column":0},"end":{"line":211,"column":22}},"211":{"start":{"line":212,"column":0},"end":{"line":212,"column":4}},"212":{"start":{"line":213,"column":0},"end":{"line":213,"column":3}},"213":{"start":{"line":214,"column":0},"end":{"line":214,"column":28}},"214":{"start":{"line":215,"column":0},"end":{"line":215,"column":29}},"215":{"start":{"line":216,"column":0},"end":{"line":216,"column":93}},"216":{"start":{"line":217,"column":0},"end":{"line":217,"column":25}},"217":{"start":{"line":218,"column":0},"end":{"line":218,"column":20}},"218":{"start":{"line":219,"column":0},"end":{"line":219,"column":23}},"219":{"start":{"line":220,"column":0},"end":{"line":220,"column":22}},"220":{"start":{"line":221,"column":0},"end":{"line":221,"column":3}},"221":{"start":{"line":222,"column":0},"end":{"line":222,"column":2}}},"s":{"0":1,"1":1,"2":1,"3":1,"4":1,"5":1,"6":1,"7":1,"8":1,"9":1,"10":1,"11":1,"12":1,"13":1,"14":1,"15":1,"16":1,"17":1,"18":1,"19":1,"20":1,"21":1,"22":1,"23":1,"24":1,"25":1,"26":1,"27":1,"28":1,"29":1,"30":1,"31":1,"32":1,"33":1,"34":1,"35":1,"36":1,"37":1,"38":1,"40":1,"41":1,"42":1,"43":1,"44":1,"45":1,"46":1,"47":8,"48":8,"49":8,"51":1,"52":1,"53":1,"54":1,"55":1,"56":1,"57":1,"58":3,"59":3,"60":3,"62":1,"63":1,"64":1,"65":1,"66":1,"67":1,"68":1,"69":2,"70":2,"71":2,"73":1,"74":1,"75":1,"76":1,"77":1,"78":1,"79":1,"80":2,"81":2,"82":2,"84":1,"85":1,"86":1,"87":1,"88":5,"89":5,"90":5,"91":5,"92":5,"93":5,"94":5,"95":5,"96":5,"97":5,"98":5,"99":5,"100":5,"101":5,"102":5,"103":5,"104":5,"105":5,"106":5,"107":5,"108":5,"109":5,"110":5,"111":5,"112":5,"113":5,"114":5,"115":5,"117":1,"118":1,"119":1,"120":1,"121":8,"122":1,"123":1,"124":8,"125":1,"126":1,"127":8,"128":3,"129":3,"130":6,"131":1,"132":1,"133":8,"134":1,"135":1,"136":6,"137":0,"138":0,"139":6,"140":0,"141":0,"142":1,"143":1,"145":1,"146":1,"147":1,"148":1,"149":1,"150":1,"151":1,"152":1,"153":1,"154":1,"155":1,"156":1,"157":1,"158":1,"159":1,"160":1,"161":1,"162":1,"163":1,"164":1,"165":1,"166":1,"167":1,"168":1,"169":1,"170":1,"171":1,"172":1,"173":1,"174":1,"175":1,"176":1,"177":1,"178":1,"179":1,"180":1,"181":1,"182":1,"183":1,"184":1,"185":1,"186":1,"187":1,"188":1,"189":1,"190":1,"191":1,"192":1,"193":1,"194":1,"195":1,"196":1,"197":1,"198":1,"199":1,"200":1,"201":1,"202":1,"203":1,"204":1,"205":1,"206":1,"207":1,"208":1,"209":1,"210":1,"211":1,"212":1,"213":1,"214":1,"215":1,"216":1,"217":1,"218":1,"219":1,"220":1,"221":1},"branchMap":{"0":{"type":"branch","line":47,"loc":{"start":{"line":47,"column":34},"end":{"line":50,"column":2}},"locations":[{"start":{"line":47,"column":34},"end":{"line":50,"column":2}}]},"1":{"type":"branch","line":48,"loc":{"start":{"line":48,"column":50},"end":{"line":48,"column":54}},"locations":[{"start":{"line":48,"column":50},"end":{"line":48,"column":54}}]},"2":{"type":"branch","line":58,"loc":{"start":{"line":58,"column":31},"end":{"line":61,"column":2}},"locations":[{"start":{"line":58,"column":31},"end":{"line":61,"column":2}}]},"3":{"type":"branch","line":59,"loc":{"start":{"line":59,"column":47},"end":{"line":59,"column":51}},"locations":[{"start":{"line":59,"column":47},"end":{"line":59,"column":51}}]},"4":{"type":"branch","line":69,"loc":{"start":{"line":69,"column":29},"end":{"line":72,"column":2}},"locations":[{"start":{"line":69,"column":29},"end":{"line":72,"column":2}}]},"5":{"type":"branch","line":70,"loc":{"start":{"line":70,"column":49},"end":{"line":70,"column":81}},"locations":[{"start":{"line":70,"column":49},"end":{"line":70,"column":81}}]},"6":{"type":"branch","line":80,"loc":{"start":{"line":80,"column":33},"end":{"line":83,"column":2}},"locations":[{"start":{"line":80,"column":33},"end":{"line":83,"column":2}}]},"7":{"type":"branch","line":81,"loc":{"start":{"line":81,"column":53},"end":{"line":81,"column":57}},"locations":[{"start":{"line":81,"column":53},"end":{"line":81,"column":57}}]},"8":{"type":"branch","line":88,"loc":{"start":{"line":88,"column":24},"end":{"line":116,"column":2}},"locations":[{"start":{"line":88,"column":24},"end":{"line":116,"column":2}}]},"9":{"type":"branch","line":115,"loc":{"start":{"line":115,"column":21},"end":{"line":115,"column":27}},"locations":[{"start":{"line":115,"column":21},"end":{"line":115,"column":27}}]},"10":{"type":"branch","line":121,"loc":{"start":{"line":121,"column":23},"end":{"line":144,"column":2}},"locations":[{"start":{"line":121,"column":23},"end":{"line":144,"column":2}}]},"11":{"type":"branch","line":122,"loc":{"start":{"line":122,"column":29},"end":{"line":122,"column":75}},"locations":[{"start":{"line":122,"column":29},"end":{"line":122,"column":75}}]},"12":{"type":"branch","line":122,"loc":{"start":{"line":122,"column":77},"end":{"line":124,"column":3}},"locations":[{"start":{"line":122,"column":77},"end":{"line":124,"column":3}}]},"13":{"type":"branch","line":124,"loc":{"start":{"line":124,"column":2},"end":{"line":125,"column":29}},"locations":[{"start":{"line":124,"column":2},"end":{"line":125,"column":29}}]},"14":{"type":"branch","line":125,"loc":{"start":{"line":125,"column":29},"end":{"line":125,"column":53}},"locations":[{"start":{"line":125,"column":29},"end":{"line":125,"column":53}}]},"15":{"type":"branch","line":125,"loc":{"start":{"line":125,"column":55},"end":{"line":127,"column":3}},"locations":[{"start":{"line":125,"column":55},"end":{"line":127,"column":3}}]},"16":{"type":"branch","line":127,"loc":{"start":{"line":127,"column":2},"end":{"line":128,"column":34}},"locations":[{"start":{"line":127,"column":2},"end":{"line":128,"column":34}}]},"17":{"type":"branch","line":128,"loc":{"start":{"line":128,"column":34},"end":{"line":128,"column":58}},"locations":[{"start":{"line":128,"column":34},"end":{"line":128,"column":58}}]},"18":{"type":"branch","line":128,"loc":{"start":{"line":128,"column":60},"end":{"line":130,"column":3}},"locations":[{"start":{"line":128,"column":60},"end":{"line":130,"column":3}}]},"19":{"type":"branch","line":130,"loc":{"start":{"line":130,"column":2},"end":{"line":134,"column":50}},"locations":[{"start":{"line":130,"column":2},"end":{"line":134,"column":50}}]},"20":{"type":"branch","line":130,"loc":{"start":{"line":130,"column":2},"end":{"line":131,"column":29}},"locations":[{"start":{"line":130,"column":2},"end":{"line":131,"column":29}}]},"21":{"type":"branch","line":131,"loc":{"start":{"line":131,"column":29},"end":{"line":133,"column":3}},"locations":[{"start":{"line":131,"column":29},"end":{"line":133,"column":3}}]},"22":{"type":"branch","line":133,"loc":{"start":{"line":133,"column":2},"end":{"line":134,"column":50}},"locations":[{"start":{"line":133,"column":2},"end":{"line":134,"column":50}}]},"23":{"type":"branch","line":134,"loc":{"start":{"line":134,"column":51},"end":{"line":134,"column":91}},"locations":[{"start":{"line":134,"column":51},"end":{"line":134,"column":91}}]},"24":{"type":"branch","line":134,"loc":{"start":{"line":134,"column":93},"end":{"line":144,"column":2}},"locations":[{"start":{"line":134,"column":93},"end":{"line":144,"column":2}}]},"25":{"type":"branch","line":134,"loc":{"start":{"line":134,"column":93},"end":{"line":137,"column":34}},"locations":[{"start":{"line":134,"column":93},"end":{"line":137,"column":34}}]},"26":{"type":"branch","line":137,"loc":{"start":{"line":137,"column":34},"end":{"line":139,"column":3}},"locations":[{"start":{"line":137,"column":34},"end":{"line":139,"column":3}}]},"27":{"type":"branch","line":139,"loc":{"start":{"line":139,"column":2},"end":{"line":140,"column":35}},"locations":[{"start":{"line":139,"column":2},"end":{"line":140,"column":35}}]},"28":{"type":"branch","line":140,"loc":{"start":{"line":140,"column":35},"end":{"line":142,"column":3}},"locations":[{"start":{"line":140,"column":35},"end":{"line":142,"column":3}}]},"29":{"type":"branch","line":142,"loc":{"start":{"line":142,"column":2},"end":{"line":144,"column":2}},"locations":[{"start":{"line":142,"column":2},"end":{"line":144,"column":2}}]}},"b":{"0":[8],"1":[1],"2":[3],"3":[0],"4":[2],"5":[0],"6":[2],"7":[0],"8":[5],"9":[1],"10":[8],"11":[7],"12":[1],"13":[7],"14":[6],"15":[1],"16":[6],"17":[3],"18":[3],"19":[6],"20":[3],"21":[1],"22":[2],"23":[2],"24":[6],"25":[1],"26":[0],"27":[1],"28":[0],"29":[1]},"fnMap":{"0":{"name":"calculateTransport","decl":{"start":{"line":47,"column":34},"end":{"line":50,"column":2}},"loc":{"start":{"line":47,"column":34},"end":{"line":50,"column":2}},"line":47},"1":{"name":"calculateEnergy","decl":{"start":{"line":58,"column":31},"end":{"line":61,"column":2}},"loc":{"start":{"line":58,"column":31},"end":{"line":61,"column":2}},"line":58},"2":{"name":"calculateFood","decl":{"start":{"line":69,"column":29},"end":{"line":72,"column":2}},"loc":{"start":{"line":69,"column":29},"end":{"line":72,"column":2}},"line":69},"3":{"name":"calculateShopping","decl":{"start":{"line":80,"column":33},"end":{"line":83,"column":2}},"loc":{"start":{"line":80,"column":33},"end":{"line":83,"column":2}},"line":80},"4":{"name":"getLabel","decl":{"start":{"line":88,"column":24},"end":{"line":116,"column":2}},"loc":{"start":{"line":88,"column":24},"end":{"line":116,"column":2}},"line":88},"5":{"name":"getUnit","decl":{"start":{"line":121,"column":23},"end":{"line":144,"column":2}},"loc":{"start":{"line":121,"column":23},"end":{"line":144,"column":2}},"line":121}},"f":{"0":8,"1":3,"2":2,"3":2,"4":5,"5":8}}
}
